#
# A fatal error has been detected by the Java Runtime Environment:
#
#  SIGSEGV (0xb) at pc=0x000000011d6e6511, pid=6678, tid=2571
#
# JRE version: Java(TM) SE Runtime Environment (8.0_45-b14) (build 1.8.0_45-b14)
# Java VM: Java HotSpot(TM) 64-Bit Server VM (25.45-b02 mixed mode bsd-amd64 compressed oops)
# Problematic frame:
# C  [libglass.dylib+0x15511]  GlassScreenDidChangeScreenParameters+0x21
#
# Failed to write core dump. Core dumps have been disabled. To enable core dumping, try "ulimit -c unlimited" before starting Java again
#
# If you would like to submit a bug report, please visit:
#   http://bugreport.java.com/bugreport/crash.jsp
#

---------------  T H R E A D  ---------------

Current thread is native thread

siginfo: si_signo: 11 (SIGSEGV), si_code: 1 (SEGV_MAPERR), si_addr: 0x0000000000000000

Registers:
RAX=0x000000011d718ac8, RBX=0x0000000000000000, RCX=0x0000000000000103, RDX=0x0000010000000100
RSP=0x00007fff5beea6f0, RBP=0x00007fff5beea700, RSI=0x00007fa0b8f1af70, RDI=0x0000000000000000
R8 =0x0000000000000040, R9 =0x00007fff7951a1e0, R10=0xffffffffffffffff, R11=0x0000000000000246
R12=0x00007fa0bdd03950, R13=0x00007fa0b8e58950, R14=0x00007fa0b8e58a10, R15=0x0000000000000000
RIP=0x000000011d6e6511, EFLAGS=0x0000000000010246, ERR=0x0000000000000004
  TRAPNO=0x000000000000000e

Top of Stack: (sp=0x00007fff5beea6f0)
0x00007fff5beea6f0:   00007fff5beea748 00007fa0b8e58a10
0x00007fff5beea700:   00007fff5beea710 00007fff8a25cbbc
0x00007fff5beea710:   00007fff5beea730 00007fff8a25cb4f
0x00007fff5beea720:   0000000000000000 0000000000000000
0x00007fff5beea730:   00007fff5beea7a0 00007fff8a25cac7
0x00007fff5beea740:   00007fff5beea770 00007fff7b8460a0
0x00007fff5beea750:   0000000042000000 00007fff8a25cb10
0x00007fff5beea760:   00007fff77dd2720 00007fa0b8e58950
0x00007fff5beea770:   00007fa0bdd03950 00007fff5beeaf48
0x00007fff5beea780:   00007fff77eff780 00007fff5beeaf48
0x00007fff5beea790:   00007fa0b8e58950 00007fff8a61c9e2
0x00007fff5beea7a0:   00007fff5beea7e0 00007fff8a25c832
0x00007fff5beea7b0:   00007fff5beeadc0 0000000000000000
0x00007fff5beea7c0:   00007fff77eff780 00007fff5beeaf48
0x00007fff5beea7d0:   00007fff9b66e4c0 00007fff8a61c9e2
0x00007fff5beea7e0:   00007fff5beeaef0 00007fff8a2195e2
0x00007fff5beea7f0:   0000000000000001 00007fff5beea870
0x00007fff5beea800:   00007fa0be20fce0 00007fa0b8f1f960
0x00007fff5beea810:   00007fa0b98030c0 00007fa0b8c590d0
0x00007fff5beea820:   0000000000000000 00007fa0b8e58a70
0x00007fff5beea830:   0000000000000000 00007fa0bb55df50
0x00007fff5beea840:   00007fff77e0fbc0 00007fff5beeadc0
0x00007fff5beea850:   0000000000000003 0000000000000100
0x00007fff5beea860:   4093000000000000 00007fff5beeacc0
0x00007fff5beea870:   0000000000000000 0000000000000100
0x00007fff5beea880:   4094000000000000 00007fff77eff780
0x00007fff5beea890:   0000000000000000 00007fff77dd3500
0x00007fff5beea8a0:   00007fff77eff780 0000000000000000
0x00007fff5beea8b0:   00007fff77dd3500 4010000000000000
0x00007fff5beea8c0:   4040000000000000 0000000000000000
0x00007fff5beea8d0:   4093000000000000 4010000000000000
0x00007fff5beea8e0:   ffffffffffffffff 00007fa0be20fcf0 

Instructions: (pc=0x000000011d6e6511)
0x000000011d6e64f1:   48 89 e5 41 56 53 48 8d 05 c2 26 03 00 48 83 38
0x000000011d6e6501:   00 48 89 fb 75 72 48 8d 05 ba 25 03 00 48 8b 30
0x000000011d6e6511:   48 8b 03 48 8d 15 6c 9a 01 00 48 8d 0d 86 6f 01
0x000000011d6e6521:   00 48 89 df ff 90 88 03 00 00 48 8d 0d 8e 26 03 

Register to memory mapping:

RAX=0x000000011d718ac8: jScreenClass+0 in /Library/Java/JavaVirtualMachines/jdk1.8.0_45.jdk/Contents/Home/jre/lib/libglass.dylib at 0x000000011d6d1000
RBX=0x0000000000000000 is an unknown value
RCX=0x0000000000000103 is an unknown value
RDX=0x0000010000000100 is an unknown value
RSP=0x00007fff5beea6f0 is an unknown value
RBP=0x00007fff5beea700 is an unknown value
RSI=0x00007fa0b8f1af70 is a global jni handle
RDI=0x0000000000000000 is an unknown value
R8 =0x0000000000000040 is an unknown value
R9 =0x00007fff7951a1e0: __sFX+0x1c0 in /usr/lib/system/libsystem_c.dylib at 0x00007fff90b9f000
R10=0xffffffffffffffff is an unknown value
R11=0x0000000000000246 is an unknown value
R12=0x00007fa0bdd03950 is an unknown value
R13=0x00007fa0b8e58950 is an unknown value
R14=0x00007fa0b8e58a10 is an unknown value
R15=0x0000000000000000 is an unknown value


Stack: [0x00007fff5b6ee000,0x00007fff5beee000],  sp=0x00007fff5beea6f0,  free space=8177k
Native frames: (J=compiled Java code, j=interpreted, Vv=VM code, C=native code)
C  [libglass.dylib+0x15511]  GlassScreenDidChangeScreenParameters+0x21
C  [CoreFoundation+0xa0bbc]  __CFNOTIFICATIONCENTER_IS_CALLING_OUT_TO_AN_OBSERVER__+0xc
C  [CoreFoundation+0xa0b4f]  ___CFXRegistrationPost_block_invoke+0x3f
C  [CoreFoundation+0xa0ac7]  _CFXRegistrationPost+0x197
C  [CoreFoundation+0xa0832]  ___CFXNotificationPost_block_invoke+0x32
C  [CoreFoundation+0x5d5e2]  -[_CFXNotificationRegistrar find:object:observer:enumerator:]+0x782
C  [CoreFoundation+0x5c835]  _CFXNotificationPost+0x2b5
C  [Foundation+0x717a]  -[NSNotificationCenter postNotificationName:object:userInfo:]+0x42
C  [AppKit+0x41c08b]  -[NSApplication _reactToScreenInvalidationImmediately:]+0x17f
C  [AppKit+0x41bedc]  __44-[NSApplication _reactToScreenInvalidation:]_block_invoke+0x3b
C  [CoreFoundation+0xaa4ac]  __CFRUNLOOP_IS_CALLING_OUT_TO_A_BLOCK__+0xc
C  [CoreFoundation+0x89d05]  __CFRunLoopDoBlocks+0x155
C  [CoreFoundation+0x89a6b]  __CFRunLoopRun+0x92b
C  [CoreFoundation+0x88ed8]  CFRunLoopRunSpecific+0x128
C  [java+0x6490]  CreateExecutionEnvironment+0x367
C  [java+0x221c]  JLI_Launch+0x7a0
C  [java+0x84ed]  main+0x65
C  [java+0x1a74]  start+0x34


---------------  P R O C E S S  ---------------

VM state:not at safepoint (normal execution)

VM Mutex/Monitor currently owned by a thread: None

Heap:
 PSYoungGen      total 62976K, used 20809K [0x0000000795580000, 0x000000079a080000, 0x00000007c0000000)
  eden space 57856K, 27% used [0x0000000795580000,0x00000007964d2f40,0x0000000798e00000)
  from space 5120K, 99% used [0x0000000799b80000,0x000000079a07f5c8,0x000000079a080000)
  to   space 5120K, 0% used [0x0000000799680000,0x0000000799680000,0x0000000799b80000)
 ParOldGen       total 54784K, used 20101K [0x0000000740000000, 0x0000000743580000, 0x0000000795580000)
  object space 54784K, 36% used [0x0000000740000000,0x00000007413a16c8,0x0000000743580000)
 Metaspace       used 27837K, capacity 29108K, committed 29260K, reserved 1075200K
  class space    used 4008K, capacity 4308K, committed 4428K, reserved 1048576K

Card table byte_map: [0x0000000114bc0000,0x0000000114fc1000] byte_map_base: 0x00000001111c0000

Marking Bits: (ParMarkBitMap*) 0x00000001048777a0
 Begin Bits: [0x000000011526c000, 0x000000011726c000)
 End Bits:   [0x000000011726c000, 0x000000011926c000)

Polling page: 0x0000000104f65000

CodeCache: size=245760Kb used=11831Kb max_used=11843Kb free=233928Kb
 bounds [0x0000000105800000, 0x00000001063a0000, 0x0000000114800000]
 total_blobs=4831 nmethods=3968 adapters=776
 compilation: enabled

Compilation events (10 events):
Event: 202.544 Thread 0x00007fa0ba817800 3996       3       java.lang.invoke.LambdaForm$BMH/1989780873::reinvoke (83 bytes)
Event: 202.545 Thread 0x00007fa0ba817800 nmethod 3996 0x0000000106393310 code [0x0000000106393500, 0x00000001063942e8]
Event: 222.084 Thread 0x00007fa0b983e800 3998       4       java.util.concurrent.locks.AbstractQueuedSynchronizer::release (33 bytes)
Event: 222.089 Thread 0x00007fa0b983e800 nmethod 3998 0x0000000105900810 code [0x0000000105900960, 0x0000000105900b68]
Event: 450.209 Thread 0x00007fa0b9815800 3999       4       java.util.concurrent.locks.ReentrantLock$Sync::nonfairTryAcquire (67 bytes)
Event: 450.211 Thread 0x00007fa0b9815800 nmethod 3999 0x000000010637d610 code [0x000000010637d760, 0x000000010637d878]
Event: 453.599 Thread 0x00007fa0b983e800 4000       4       sun.java2d.pipe.RenderQueue::unlock (4 bytes)
Event: 453.602 Thread 0x00007fa0b983e800 nmethod 4000 0x0000000106397490 code [0x00000001063975e0, 0x00000001063977a8]
Event: 555.863 Thread 0x00007fa0b9815800 4001       4       sun.java2d.pipe.RenderQueue::tryLock (4 bytes)
Event: 555.865 Thread 0x00007fa0b9815800 nmethod 4001 0x0000000106397990 code [0x0000000106397ae0, 0x0000000106397c38]

GC Heap History (10 events):
Event: 1.294 GC heap before
{Heap before GC invocations=1 (full 0):
 PSYoungGen      total 38400K, used 33280K [0x0000000795580000, 0x0000000798000000, 0x00000007c0000000)
  eden space 33280K, 100% used [0x0000000795580000,0x0000000797600000,0x0000000797600000)
  from space 5120K, 0% used [0x0000000797b00000,0x0000000797b00000,0x0000000798000000)
  to   space 5120K, 0% used [0x0000000797600000,0x0000000797600000,0x0000000797b00000)
 ParOldGen       total 87552K, used 0K [0x0000000740000000, 0x0000000745580000, 0x0000000795580000)
  object space 87552K, 0% used [0x0000000740000000,0x0000000740000000,0x0000000745580000)
 Metaspace       used 15592K, capacity 16136K, committed 16256K, reserved 1062912K
  class space    used 2235K, capacity 2400K, committed 2432K, reserved 1048576K
Event: 1.305 GC heap after
Heap after GC invocations=1 (full 0):
 PSYoungGen      total 38400K, used 5116K [0x0000000795580000, 0x0000000798000000, 0x00000007c0000000)
  eden space 33280K, 0% used [0x0000000795580000,0x0000000795580000,0x0000000797600000)
  from space 5120K, 99% used [0x0000000797600000,0x0000000797aff198,0x0000000797b00000)
  to   space 5120K, 0% used [0x0000000797b00000,0x0000000797b00000,0x0000000798000000)
 ParOldGen       total 87552K, used 1242K [0x0000000740000000, 0x0000000745580000, 0x0000000795580000)
  object space 87552K, 1% used [0x0000000740000000,0x0000000740136ae0,0x0000000745580000)
 Metaspace       used 15592K, capacity 16136K, committed 16256K, reserved 1062912K
  class space    used 2235K, capacity 2400K, committed 2432K, reserved 1048576K
}
Event: 2.050 GC heap before
{Heap before GC invocations=2 (full 0):
 PSYoungGen      total 38400K, used 22196K [0x0000000795580000, 0x0000000798000000, 0x00000007c0000000)
  eden space 33280K, 51% used [0x0000000795580000,0x000000079662dea8,0x0000000797600000)
  from space 5120K, 99% used [0x0000000797600000,0x0000000797aff198,0x0000000797b00000)
  to   space 5120K, 0% used [0x0000000797b00000,0x0000000797b00000,0x0000000798000000)
 ParOldGen       total 87552K, used 1242K [0x0000000740000000, 0x0000000745580000, 0x0000000795580000)
  object space 87552K, 1% used [0x0000000740000000,0x0000000740136ae0,0x0000000745580000)
 Metaspace       used 20332K, capacity 21288K, committed 21552K, reserved 1067008K
  class space    used 2963K, capacity 3172K, committed 3200K, reserved 1048576K
Event: 2.067 GC heap after
Heap after GC invocations=2 (full 0):
 PSYoungGen      total 38400K, used 5092K [0x0000000795580000, 0x000000079a080000, 0x00000007c0000000)
  eden space 33280K, 0% used [0x0000000795580000,0x0000000795580000,0x0000000797600000)
  from space 5120K, 99% used [0x0000000797b00000,0x0000000797ff9040,0x0000000798000000)
  to   space 5120K, 0% used [0x0000000797600000,0x0000000797600000,0x0000000797b00000)
 ParOldGen       total 87552K, used 4829K [0x0000000740000000, 0x0000000745580000, 0x0000000795580000)
  object space 87552K, 5% used [0x0000000740000000,0x00000007404b7488,0x0000000745580000)
 Metaspace       used 20332K, capacity 21288K, committed 21552K, reserved 1067008K
  class space    used 2963K, capacity 3172K, committed 3200K, reserved 1048576K
}
Event: 2.081 GC heap before
{Heap before GC invocations=3 (full 0):
 PSYoungGen      total 38400K, used 5815K [0x0000000795580000, 0x000000079a080000, 0x00000007c0000000)
  eden space 33280K, 2% used [0x0000000795580000,0x0000000795634c30,0x0000000797600000)
  from space 5120K, 99% used [0x0000000797b00000,0x0000000797ff9040,0x0000000798000000)
  to   space 5120K, 0% used [0x0000000797600000,0x0000000797600000,0x0000000797b00000)
 ParOldGen       total 87552K, used 4829K [0x0000000740000000, 0x0000000745580000, 0x0000000795580000)
  object space 87552K, 5% used [0x0000000740000000,0x00000007404b7488,0x0000000745580000)
 Metaspace       used 20569K, capacity 21556K, committed 21628K, reserved 1067008K
  class space    used 3008K, capacity 3240K, committed 3276K, reserved 1048576K
Event: 2.086 GC heap after
Heap after GC invocations=3 (full 0):
 PSYoungGen      total 38400K, used 5108K [0x0000000795580000, 0x000000079a080000, 0x00000007c0000000)
  eden space 33280K, 0% used [0x0000000795580000,0x0000000795580000,0x0000000797600000)
  from space 5120K, 99% used [0x0000000797600000,0x0000000797afd030,0x0000000797b00000)
  to   space 5120K, 0% used [0x0000000799b80000,0x0000000799b80000,0x000000079a080000)
 ParOldGen       total 87552K, used 4919K [0x0000000740000000, 0x0000000745580000, 0x0000000795580000)
  object space 87552K, 5% used [0x0000000740000000,0x00000007404cdf60,0x0000000745580000)
 Metaspace       used 20569K, capacity 21556K, committed 21628K, reserved 1067008K
  class space    used 3008K, capacity 3240K, committed 3276K, reserved 1048576K
}
Event: 2.086 GC heap before
{Heap before GC invocations=4 (full 1):
 PSYoungGen      total 38400K, used 5108K [0x0000000795580000, 0x000000079a080000, 0x00000007c0000000)
  eden space 33280K, 0% used [0x0000000795580000,0x0000000795580000,0x0000000797600000)
  from space 5120K, 99% used [0x0000000797600000,0x0000000797afd030,0x0000000797b00000)
  to   space 5120K, 0% used [0x0000000799b80000,0x0000000799b80000,0x000000079a080000)
 ParOldGen       total 87552K, used 4919K [0x0000000740000000, 0x0000000745580000, 0x0000000795580000)
  object space 87552K, 5% used [0x0000000740000000,0x00000007404cdf60,0x0000000745580000)
 Metaspace       used 20569K, capacity 21556K, committed 21628K, reserved 1067008K
  class space    used 3008K, capacity 3240K, committed 3276K, reserved 1048576K
Event: 2.139 GC heap after
Heap after GC invocations=4 (full 1):
 PSYoungGen      total 38400K, used 0K [0x0000000795580000, 0x000000079a080000, 0x00000007c0000000)
  eden space 33280K, 0% used [0x0000000795580000,0x0000000795580000,0x0000000797600000)
  from space 5120K, 0% used [0x0000000797600000,0x0000000797600000,0x0000000797b00000)
  to   space 5120K, 0% used [0x0000000799b80000,0x0000000799b80000,0x000000079a080000)
 ParOldGen       total 54784K, used 9526K [0x0000000740000000, 0x0000000743580000, 0x0000000795580000)
  object space 54784K, 17% used [0x0000000740000000,0x000000074094d9f8,0x0000000743580000)
 Metaspace       used 20569K, capacity 21556K, committed 21628K, reserved 1067008K
  class space    used 3008K, capacity 3240K, committed 3276K, reserved 1048576K
}
Event: 8.939 GC heap before
{Heap before GC invocations=5 (full 1):
 PSYoungGen      total 38400K, used 33280K [0x0000000795580000, 0x000000079a080000, 0x00000007c0000000)
  eden space 33280K, 100% used [0x0000000795580000,0x0000000797600000,0x0000000797600000)
  from space 5120K, 0% used [0x0000000797600000,0x0000000797600000,0x0000000797b00000)
  to   space 5120K, 0% used [0x0000000799b80000,0x0000000799b80000,0x000000079a080000)
 ParOldGen       total 54784K, used 9526K [0x0000000740000000, 0x0000000743580000, 0x0000000795580000)
  object space 54784K, 17% used [0x0000000740000000,0x000000074094d9f8,0x0000000743580000)
 Metaspace       used 26123K, capacity 27214K, committed 27468K, reserved 1073152K
  class space    used 3856K, capacity 4103K, committed 4172K, reserved 1048576K
Event: 8.952 GC heap after
Heap after GC invocations=5 (full 1):
 PSYoungGen      total 62976K, used 5117K [0x0000000795580000, 0x000000079a080000, 0x00000007c0000000)
  eden space 57856K, 0% used [0x0000000795580000,0x0000000795580000,0x0000000798e00000)
  from space 5120K, 99% used [0x0000000799b80000,0x000000079a07f5c8,0x000000079a080000)
  to   space 5120K, 0% used [0x0000000799680000,0x0000000799680000,0x0000000799b80000)
 ParOldGen       total 54784K, used 20101K [0x0000000740000000, 0x0000000743580000, 0x0000000795580000)
  object space 54784K, 36% used [0x0000000740000000,0x00000007413a16c8,0x0000000743580000)
 Metaspace       used 26123K, capacity 27214K, committed 27468K, reserved 1073152K
  class space    used 3856K, capacity 4103K, committed 4172K, reserved 1048576K
}

Deoptimization events (10 events):
Event: 8.752 Thread 0x00007fa0ba9a5000 Uncommon trap: reason=bimorphic action=maybe_recompile pc=0x0000000105d934fc method=java.util.HashMap.putVal(ILjava/lang/Object;Ljava/lang/Object;ZZ)Ljava/lang/Object; @ 203
Event: 8.752 Thread 0x00007fa0ba9a5000 Uncommon trap: reason=bimorphic action=maybe_recompile pc=0x0000000105d934fc method=java.util.HashMap.putVal(ILjava/lang/Object;Ljava/lang/Object;ZZ)Ljava/lang/Object; @ 203
Event: 8.814 Thread 0x00007fa0ba9a5000 Uncommon trap: reason=unstable_if action=reinterpret pc=0x0000000105ec5768 method=org.antlr.v4.runtime.atn.SingletonPredictionContext.equals(Ljava/lang/Object;)Z @ 42
Event: 8.833 Thread 0x00007fa0ba9a5000 Uncommon trap: reason=unstable_if action=reinterpret pc=0x0000000105b15d2c method=java.lang.String.indexOf([CII[CIII)I @ 27
Event: 8.836 Thread 0x00007fa0b98d5000 Uncommon trap: reason=range_check action=make_not_entrant pc=0x0000000105a9f58c method=java.util.ArrayList.elementData(I)Ljava/lang/Object; @ 5
Event: 9.855 Thread 0x00007fa0b9101800 Uncommon trap: reason=unstable_if action=reinterpret pc=0x0000000105b716f4 method=jdk.internal.org.objectweb.asm.Type.getArgumentsAndReturnSizes(Ljava/lang/String;)I @ 47
Event: 17.523 Thread 0x00007fa0b98d5000 Uncommon trap: reason=unstable_if action=reinterpret pc=0x0000000106233a60 method=com.sun.prism.es2.ES2Shader.setConstant(Ljava/lang/String;F)V @ 48
Event: 17.849 Thread 0x00007fa0b98d5000 Uncommon trap: reason=unstable_if action=reinterpret pc=0x000000010620c944 method=com.sun.javafx.sg.prism.NGNode.render(Lcom/sun/prism/Graphics;)V @ 19
Event: 146.522 Thread 0x00007fa0b98d5000 Uncommon trap: reason=unstable_if action=reinterpret pc=0x0000000106214b1c method=com.sun.prism.impl.ManagedResource._isgone(Lcom/sun/prism/impl/ManagedResource;)Z @ 10
Event: 146.532 Thread 0x00007fa0b98d5000 Uncommon trap: reason=unstable_if action=reinterpret pc=0x00000001061d0798 method=com.sun.javafx.sg.prism.NGNode.markCullRegions(Lcom/sun/javafx/geom/DirtyRegionContainer;ILcom/sun/javafx/geom/transform/BaseTransform;Lcom/sun/javafx/geom/transform/General

Internal exceptions (10 events):
Event: 0.725 Thread 0x00007fa0b9101800 Exception <a 'java/lang/ArrayIndexOutOfBoundsException'> (0x0000000796931dd0) thrown at [/Users/java_re/workspace/8-2-build-macosx-x86_64/jdk8u45/3457/hotspot/src/share/vm/runtime/sharedRuntime.cpp, line 605]
Event: 0.739 Thread 0x00007fa0b9101800 Exception <a 'java/lang/ArrayIndexOutOfBoundsException'> (0x00000007969850a8) thrown at [/Users/java_re/workspace/8-2-build-macosx-x86_64/jdk8u45/3457/hotspot/src/share/vm/runtime/sharedRuntime.cpp, line 605]
Event: 0.951 Thread 0x00007fa0b9101800 Exception <a 'java/io/FileNotFoundException'> (0x0000000796c16360) thrown at [/Users/java_re/workspace/8-2-build-macosx-x86_64/jdk8u45/3457/hotspot/src/share/vm/prims/jni.cpp, line 709]
Event: 0.951 Thread 0x00007fa0b9101800 Exception <a 'java/io/FileNotFoundException'> (0x0000000796c16e70) thrown at [/Users/java_re/workspace/8-2-build-macosx-x86_64/jdk8u45/3457/hotspot/src/share/vm/prims/jni.cpp, line 709]
Event: 1.004 Thread 0x00007fa0b9101800 Exception <a 'java/io/FileNotFoundException'> (0x0000000796debc08) thrown at [/Users/java_re/workspace/8-2-build-macosx-x86_64/jdk8u45/3457/hotspot/src/share/vm/prims/jni.cpp, line 709]
Event: 1.197 Thread 0x00007fa0b9101800 Implicit null exception at 0x0000000105b17075 to 0x0000000105b172ad
Event: 3.320 Thread 0x00007fa0ba9cf000 Implicit null exception at 0x0000000105a970b5 to 0x0000000105a97421
Event: 3.321 Thread 0x00007fa0ba9cf000 Implicit null exception at 0x0000000105a2d435 to 0x0000000105a2d795
Event: 8.836 Thread 0x00007fa0b98d5000 Exception <a 'java/lang/ArrayIndexOutOfBoundsException': -1> (0x000000079669fbb0) thrown at [/Users/java_re/workspace/8-2-build-macosx-x86_64/jdk8u45/3457/hotspot/src/share/vm/interpreter/interpreterRuntime.cpp, line 366]
Event: 8.836 Thread 0x00007fa0b98d5000 Exception <a 'java/lang/ArrayIndexOutOfBoundsException'> (0x000000079669ff20) thrown at [/Users/java_re/workspace/8-2-build-macosx-x86_64/jdk8u45/3457/hotspot/src/share/vm/runtime/sharedRuntime.cpp, line 605]

Events (10 events):
Event: 203.539 loading class sun/awt/AWTAutoShutdown$1
Event: 203.539 loading class sun/awt/AWTAutoShutdown$1 done
Event: 203.539 Thread 0x00007fa0ba9ce000 Thread exited: 0x00007fa0ba9ce000
Event: 203.539 Thread 0x00007fa0ba9cf000 Thread exited: 0x00007fa0ba9cf000
Event: 3146.479 Thread 0x00007fa0c0313800 Thread added: 0x00007fa0c0313800
Event: 3146.481 loading class java/awt/image/BufferedImage$1
Event: 3146.481 loading class java/awt/image/BufferedImage$1 done
Event: 3146.481 Thread 0x00007fa0c0313800 Thread exited: 0x00007fa0c0313800
Event: 3146.481 Thread 0x00007fa0bfbf2000 Thread added: 0x00007fa0bfbf2000
Event: 3146.481 Thread 0x00007fa0bfbf2000 Thread exited: 0x00007fa0bfbf2000


Dynamic libraries:
0x0000000007aff000 	/System/Library/Frameworks/Cocoa.framework/Versions/A/Cocoa
0x0000000007aff000 	/System/Library/Frameworks/Security.framework/Versions/A/Security
0x0000000007aff000 	/System/Library/Frameworks/ApplicationServices.framework/Versions/A/ApplicationServices
0x0000000007aff000 	/usr/lib/libz.1.dylib
0x0000000007aff000 	/usr/lib/libSystem.B.dylib
0x0000000007aff000 	/usr/lib/libobjc.A.dylib
0x0000000007aff000 	/System/Library/Frameworks/CoreFoundation.framework/Versions/A/CoreFoundation
0x0000000007aff000 	/System/Library/Frameworks/Foundation.framework/Versions/C/Foundation
0x0000000007aff000 	/System/Library/Frameworks/AppKit.framework/Versions/C/AppKit
0x0000000007aff000 	/System/Library/Frameworks/CoreData.framework/Versions/A/CoreData
0x0000000007aff000 	/System/Library/PrivateFrameworks/RemoteViewServices.framework/Versions/A/RemoteViewServices
0x0000000007aff000 	/System/Library/PrivateFrameworks/UIFoundation.framework/Versions/A/UIFoundation
0x0000000007aff000 	/usr/lib/libScreenReader.dylib
0x0000000007aff000 	/System/Library/Frameworks/Accelerate.framework/Versions/A/Accelerate
0x0000000007aff000 	/System/Library/Frameworks/IOSurface.framework/Versions/A/IOSurface
0x0000000007aff000 	/System/Library/Frameworks/AudioToolbox.framework/Versions/A/AudioToolbox
0x0000000007aff000 	/System/Library/Frameworks/AudioUnit.framework/Versions/A/AudioUnit
0x0000000007aff000 	/System/Library/PrivateFrameworks/DataDetectorsCore.framework/Versions/A/DataDetectorsCore
0x0000000007aff000 	/System/Library/PrivateFrameworks/DesktopServicesPriv.framework/Versions/A/DesktopServicesPriv
0x0000000007aff000 	/System/Library/Frameworks/Carbon.framework/Versions/A/Frameworks/HIToolbox.framework/Versions/A/HIToolbox
0x0000000007aff000 	/System/Library/Frameworks/QuartzCore.framework/Versions/A/QuartzCore
0x0000000007aff000 	/System/Library/Frameworks/Carbon.framework/Versions/A/Frameworks/SpeechRecognition.framework/Versions/A/SpeechRecognition
0x0000000007aff000 	/usr/lib/libauto.dylib
0x0000000007aff000 	/usr/lib/libicucore.A.dylib
0x0000000007aff000 	/usr/lib/libxml2.2.dylib
0x0000000007aff000 	/System/Library/PrivateFrameworks/CoreUI.framework/Versions/A/CoreUI
0x0000000007aff000 	/System/Library/Frameworks/CoreAudio.framework/Versions/A/CoreAudio
0x0000000007aff000 	/System/Library/Frameworks/DiskArbitration.framework/Versions/A/DiskArbitration
0x0000000007aff000 	/usr/lib/liblangid.dylib
0x0000000007aff000 	/System/Library/PrivateFrameworks/MultitouchSupport.framework/Versions/A/MultitouchSupport
0x0000000007aff000 	/System/Library/Frameworks/IOKit.framework/Versions/A/IOKit
0x0000000007aff000 	/usr/lib/libDiagnosticMessagesClient.dylib
0x0000000007aff000 	/System/Library/Frameworks/CoreServices.framework/Versions/A/CoreServices
0x0000000007aff000 	/System/Library/PrivateFrameworks/PerformanceAnalysis.framework/Versions/A/PerformanceAnalysis
0x0000000007aff000 	/System/Library/PrivateFrameworks/GenerationalStorage.framework/Versions/A/GenerationalStorage
0x0000000007aff000 	/System/Library/Frameworks/OpenGL.framework/Versions/A/OpenGL
0x0000000007aff000 	/System/Library/PrivateFrameworks/Sharing.framework/Versions/A/Sharing
0x0000000007aff000 	/System/Library/Frameworks/CoreGraphics.framework/Versions/A/CoreGraphics
0x0000000007aff000 	/System/Library/Frameworks/CoreImage.framework/Versions/A/CoreImage
0x0000000007aff000 	/System/Library/Frameworks/CoreText.framework/Versions/A/CoreText
0x0000000007aff000 	/System/Library/Frameworks/ImageIO.framework/Versions/A/ImageIO
0x0000000007aff000 	/System/Library/PrivateFrameworks/Backup.framework/Versions/A/Backup
0x0000000007aff000 	/usr/lib/libextension.dylib
0x0000000007aff000 	/usr/lib/libarchive.2.dylib
0x0000000007aff000 	/System/Library/Frameworks/CFNetwork.framework/Versions/A/CFNetwork
0x0000000007aff000 	/System/Library/Frameworks/SystemConfiguration.framework/Versions/A/SystemConfiguration
0x0000000007aff000 	/usr/lib/libCRFSuite.dylib
0x0000000007aff000 	/usr/lib/libc++.1.dylib
0x0000000007aff000 	/usr/lib/libc++abi.dylib
0x0000000007aff000 	/usr/lib/system/libcache.dylib
0x0000000007aff000 	/usr/lib/system/libcommonCrypto.dylib
0x0000000007aff000 	/usr/lib/system/libcompiler_rt.dylib
0x0000000007aff000 	/usr/lib/system/libcopyfile.dylib
0x0000000007aff000 	/usr/lib/system/libcorecrypto.dylib
0x0000000007aff000 	/usr/lib/system/libdispatch.dylib
0x0000000007aff000 	/usr/lib/system/libdyld.dylib
0x0000000007aff000 	/usr/lib/system/libkeymgr.dylib
0x0000000007aff000 	/usr/lib/system/liblaunch.dylib
0x0000000007aff000 	/usr/lib/system/libmacho.dylib
0x0000000007aff000 	/usr/lib/system/libquarantine.dylib
0x0000000007aff000 	/usr/lib/system/libremovefile.dylib
0x0000000007aff000 	/usr/lib/system/libsystem_asl.dylib
0x0000000007aff000 	/usr/lib/system/libsystem_blocks.dylib
0x0000000007aff000 	/usr/lib/system/libsystem_c.dylib
0x0000000007aff000 	/usr/lib/system/libsystem_configuration.dylib
0x0000000007aff000 	/usr/lib/system/libsystem_coreservices.dylib
0x0000000007aff000 	/usr/lib/system/libsystem_coretls.dylib
0x0000000007aff000 	/usr/lib/system/libsystem_dnssd.dylib
0x0000000007aff000 	/usr/lib/system/libsystem_info.dylib
0x0000000007aff000 	/usr/lib/system/libsystem_kernel.dylib
0x0000000007aff000 	/usr/lib/system/libsystem_m.dylib
0x0000000007aff000 	/usr/lib/system/libsystem_malloc.dylib
0x0000000007aff000 	/usr/lib/system/libsystem_network.dylib
0x0000000007aff000 	/usr/lib/system/libsystem_networkextension.dylib
0x0000000007aff000 	/usr/lib/system/libsystem_notify.dylib
0x0000000007aff000 	/usr/lib/system/libsystem_platform.dylib
0x0000000007aff000 	/usr/lib/system/libsystem_pthread.dylib
0x0000000007aff000 	/usr/lib/system/libsystem_sandbox.dylib
0x0000000007aff000 	/usr/lib/system/libsystem_secinit.dylib
0x0000000007aff000 	/usr/lib/system/libsystem_trace.dylib
0x0000000007aff000 	/usr/lib/system/libunc.dylib
0x0000000007aff000 	/usr/lib/system/libunwind.dylib
0x0000000007aff000 	/usr/lib/system/libxpc.dylib
0x0000000007aff000 	/usr/lib/libenergytrace.dylib
0x0000000007aff000 	/usr/lib/libbsm.0.dylib
0x0000000007aff000 	/usr/lib/system/libkxld.dylib
0x0000000007aff000 	/usr/lib/libxar.1.dylib
0x0000000007aff000 	/usr/lib/libsqlite3.dylib
0x0000000007aff000 	/usr/lib/libpam.2.dylib
0x0000000007aff000 	/usr/lib/libOpenScriptingUtil.dylib
0x0000000007aff000 	/usr/lib/libbz2.1.0.dylib
0x0000000007aff000 	/usr/lib/liblzma.5.dylib
0x0000000007aff000 	/System/Library/Frameworks/CoreServices.framework/Versions/A/Frameworks/FSEvents.framework/Versions/A/FSEvents
0x0000000007aff000 	/System/Library/Frameworks/CoreServices.framework/Versions/A/Frameworks/CarbonCore.framework/Versions/A/CarbonCore
0x0000000007aff000 	/System/Library/Frameworks/CoreServices.framework/Versions/A/Frameworks/Metadata.framework/Versions/A/Metadata
0x0000000007aff000 	/System/Library/Frameworks/CoreServices.framework/Versions/A/Frameworks/OSServices.framework/Versions/A/OSServices
0x0000000007aff000 	/System/Library/Frameworks/CoreServices.framework/Versions/A/Frameworks/SearchKit.framework/Versions/A/SearchKit
0x0000000007aff000 	/System/Library/Frameworks/CoreServices.framework/Versions/A/Frameworks/AE.framework/Versions/A/AE
0x0000000007aff000 	/System/Library/Frameworks/CoreServices.framework/Versions/A/Frameworks/LaunchServices.framework/Versions/A/LaunchServices
0x0000000007aff000 	/System/Library/Frameworks/CoreServices.framework/Versions/A/Frameworks/DictionaryServices.framework/Versions/A/DictionaryServices
0x0000000007aff000 	/System/Library/Frameworks/CoreServices.framework/Versions/A/Frameworks/SharedFileList.framework/Versions/A/SharedFileList
0x0000000007aff000 	/System/Library/Frameworks/NetFS.framework/Versions/A/NetFS
0x0000000007aff000 	/System/Library/PrivateFrameworks/NetAuth.framework/Versions/A/NetAuth
0x0000000007aff000 	/System/Library/PrivateFrameworks/login.framework/Versions/A/Frameworks/loginsupport.framework/Versions/A/loginsupport
0x0000000007aff000 	/System/Library/PrivateFrameworks/TCC.framework/Versions/A/TCC
0x0000000007aff000 	/usr/lib/libmecabra.dylib
0x0000000007aff000 	/System/Library/Frameworks/ApplicationServices.framework/Versions/A/Frameworks/ATS.framework/Versions/A/ATS
0x0000000007aff000 	/System/Library/Frameworks/ApplicationServices.framework/Versions/A/Frameworks/ColorSync.framework/Versions/A/ColorSync
0x0000000007aff000 	/System/Library/Frameworks/ApplicationServices.framework/Versions/A/Frameworks/HIServices.framework/Versions/A/HIServices
0x0000000007aff000 	/System/Library/Frameworks/ApplicationServices.framework/Versions/A/Frameworks/LangAnalysis.framework/Versions/A/LangAnalysis
0x0000000007aff000 	/System/Library/Frameworks/ApplicationServices.framework/Versions/A/Frameworks/PrintCore.framework/Versions/A/PrintCore
0x0000000007aff000 	/System/Library/Frameworks/ApplicationServices.framework/Versions/A/Frameworks/QD.framework/Versions/A/QD
0x0000000007aff000 	/System/Library/Frameworks/ApplicationServices.framework/Versions/A/Frameworks/SpeechSynthesis.framework/Versions/A/SpeechSynthesis
0x0000000007aff000 	/System/Library/Frameworks/Metal.framework/Versions/A/Metal
0x0000000007aff000 	/System/Library/Frameworks/Accelerate.framework/Versions/A/Frameworks/vImage.framework/Versions/A/vImage
0x0000000007aff000 	/System/Library/Frameworks/Accelerate.framework/Versions/A/Frameworks/vecLib.framework/Versions/A/vecLib
0x0000000007aff000 	/System/Library/Frameworks/Accelerate.framework/Versions/A/Frameworks/vecLib.framework/Versions/A/libvDSP.dylib
0x0000000007aff000 	/System/Library/Frameworks/Accelerate.framework/Versions/A/Frameworks/vecLib.framework/Versions/A/libvMisc.dylib
0x0000000007aff000 	/System/Library/Frameworks/Accelerate.framework/Versions/A/Frameworks/vecLib.framework/Versions/A/libLAPACK.dylib
0x0000000007aff000 	/System/Library/Frameworks/Accelerate.framework/Versions/A/Frameworks/vecLib.framework/Versions/A/libBLAS.dylib
0x0000000007aff000 	/System/Library/Frameworks/Accelerate.framework/Versions/A/Frameworks/vecLib.framework/Versions/A/libLinearAlgebra.dylib
0x0000000007aff000 	/System/Library/Frameworks/Accelerate.framework/Versions/A/Frameworks/vecLib.framework/Versions/A/libSparseBLAS.dylib
0x0000000007aff000 	/System/Library/PrivateFrameworks/GPUCompiler.framework/libmetal_timestamp.dylib
0x0000000007aff000 	/System/Library/Frameworks/OpenGL.framework/Versions/A/Libraries/libCoreFSCache.dylib
0x0000000007aff000 	/System/Library/PrivateFrameworks/IOAccelerator.framework/Versions/A/IOAccelerator
0x0000000007aff000 	/System/Library/Frameworks/ApplicationServices.framework/Versions/A/Frameworks/ATS.framework/Versions/A/Resources/libFontParser.dylib
0x0000000007aff000 	/System/Library/Frameworks/ApplicationServices.framework/Versions/A/Frameworks/ATS.framework/Versions/A/Resources/libFontRegistry.dylib
0x0000000007aff000 	/System/Library/PrivateFrameworks/AppleVPA.framework/Versions/A/AppleVPA
0x0000000007aff000 	/System/Library/PrivateFrameworks/AppleJPEG.framework/Versions/A/AppleJPEG
0x0000000007aff000 	/System/Library/Frameworks/ImageIO.framework/Versions/A/Resources/libJPEG.dylib
0x0000000007aff000 	/System/Library/Frameworks/ImageIO.framework/Versions/A/Resources/libTIFF.dylib
0x0000000007aff000 	/System/Library/Frameworks/ImageIO.framework/Versions/A/Resources/libPng.dylib
0x0000000007aff000 	/System/Library/Frameworks/ImageIO.framework/Versions/A/Resources/libGIF.dylib
0x0000000007aff000 	/System/Library/Frameworks/ImageIO.framework/Versions/A/Resources/libJP2.dylib
0x0000000007aff000 	/System/Library/Frameworks/ImageIO.framework/Versions/A/Resources/libRadiance.dylib
0x0000000007aff000 	/System/Library/Frameworks/CoreVideo.framework/Versions/A/CoreVideo
0x0000000007aff000 	/System/Library/Frameworks/OpenGL.framework/Versions/A/Libraries/libGLU.dylib
0x0000000007aff000 	/System/Library/Frameworks/OpenGL.framework/Versions/A/Libraries/libGFXShared.dylib
0x0000000007aff000 	/System/Library/Frameworks/OpenGL.framework/Versions/A/Libraries/libGL.dylib
0x0000000007aff000 	/System/Library/Frameworks/OpenGL.framework/Versions/A/Libraries/libGLImage.dylib
0x0000000007aff000 	/System/Library/Frameworks/OpenGL.framework/Versions/A/Libraries/libCVMSPluginSupport.dylib
0x0000000007aff000 	/System/Library/Frameworks/OpenGL.framework/Versions/A/Libraries/libCoreVMClient.dylib
0x0000000007aff000 	/usr/lib/libcompression.dylib
0x0000000007aff000 	/usr/lib/libcups.2.dylib
0x0000000007aff000 	/System/Library/Frameworks/Kerberos.framework/Versions/A/Kerberos
0x0000000007aff000 	/System/Library/Frameworks/GSS.framework/Versions/A/GSS
0x0000000007aff000 	/usr/lib/libresolv.9.dylib
0x0000000007aff000 	/usr/lib/libiconv.2.dylib
0x0000000007aff000 	/System/Library/PrivateFrameworks/Heimdal.framework/Versions/A/Heimdal
0x0000000007aff000 	/usr/lib/libheimdal-asn1.dylib
0x0000000007aff000 	/System/Library/Frameworks/OpenDirectory.framework/Versions/A/OpenDirectory
0x0000000007aff000 	/System/Library/PrivateFrameworks/CommonAuth.framework/Versions/A/CommonAuth
0x0000000007aff000 	/System/Library/Frameworks/OpenDirectory.framework/Versions/A/Frameworks/CFOpenDirectory.framework/Versions/A/CFOpenDirectory
0x0000000007aff000 	/System/Library/Frameworks/SecurityFoundation.framework/Versions/A/SecurityFoundation
0x0000000007aff000 	/System/Library/PrivateFrameworks/LanguageModeling.framework/Versions/A/LanguageModeling
0x0000000007aff000 	/usr/lib/libmarisa.dylib
0x0000000007aff000 	/usr/lib/libChineseTokenizer.dylib
0x0000000007aff000 	/usr/lib/libcmph.dylib
0x0000000007aff000 	/System/Library/Frameworks/ServiceManagement.framework/Versions/A/ServiceManagement
0x0000000007aff000 	/usr/lib/libxslt.1.dylib
0x0000000007aff000 	/System/Library/Frameworks/Carbon.framework/Versions/A/Frameworks/Ink.framework/Versions/A/Ink
0x0000000007aff000 	/usr/lib/libFosl_dynamic.dylib
0x0000000007aff000 	/System/Library/PrivateFrameworks/FaceCore.framework/Versions/A/FaceCore
0x0000000007aff000 	/System/Library/Frameworks/OpenCL.framework/Versions/A/OpenCL
0x0000000007aff000 	/System/Library/PrivateFrameworks/CrashReporterSupport.framework/Versions/A/CrashReporterSupport
0x0000000007aff000 	/System/Library/PrivateFrameworks/IconServices.framework/Versions/A/IconServices
0x0000000007aff000 	/System/Library/PrivateFrameworks/Apple80211.framework/Versions/A/Apple80211
0x0000000007aff000 	/System/Library/Frameworks/CoreWLAN.framework/Versions/A/CoreWLAN
0x0000000007aff000 	/System/Library/Frameworks/IOBluetooth.framework/Versions/A/IOBluetooth
0x0000000007aff000 	/System/Library/PrivateFrameworks/CoreWiFi.framework/Versions/A/CoreWiFi
0x0000000007aff000 	/System/Library/Frameworks/CoreBluetooth.framework/Versions/A/CoreBluetooth
0x0000000007aff000 	/System/Library/PrivateFrameworks/ChunkingLibrary.framework/Versions/A/ChunkingLibrary
0x0000000007aff000 	/System/Library/PrivateFrameworks/DebugSymbols.framework/Versions/A/DebugSymbols
0x0000000007aff000 	/System/Library/PrivateFrameworks/CoreSymbolication.framework/Versions/A/CoreSymbolication
0x0000000007aff000 	/System/Library/PrivateFrameworks/Symbolication.framework/Versions/A/Symbolication
0x0000000007aff000 	/System/Library/PrivateFrameworks/SpeechRecognitionCore.framework/Versions/A/SpeechRecognitionCore
0x000000004945e000 	/System/Library/CoreServices/Encodings/libKoreanConverter.dylib
0x0000000103fb5000 	/Library/Java/JavaVirtualMachines/jdk1.8.0_45.jdk/Contents/Home/jre/lib/server/libjvm.dylib
0x0000000007aff000 	/usr/lib/libstdc++.6.dylib
0x0000000104f22000 	/Library/Java/JavaVirtualMachines/jdk1.8.0_45.jdk/Contents/Home/jre/lib/libverify.dylib
0x0000000104f30000 	/Library/Java/JavaVirtualMachines/jdk1.8.0_45.jdk/Contents/Home/jre/lib/libjava.dylib
0x0000000104f6f000 	/Library/Java/JavaVirtualMachines/jdk1.8.0_45.jdk/Contents/Home/jre/lib/libzip.dylib
0x000000011b0f2000 	/System/Library/Frameworks/JavaVM.framework/Frameworks/JavaRuntimeSupport.framework/JavaRuntimeSupport
0x0000000104fe9000 	/System/Library/Frameworks/JavaVM.framework/Versions/A/Frameworks/JavaNativeFoundation.framework/Versions/A/JavaNativeFoundation
0x000000011b10d000 	/System/Library/Frameworks/JavaVM.framework/Versions/A/JavaVM
0x0000000007aff000 	/System/Library/Frameworks/Carbon.framework/Versions/A/Carbon
0x000000011b11a000 	/System/Library/PrivateFrameworks/JavaLaunching.framework/Versions/A/JavaLaunching
0x0000000007aff000 	/System/Library/Frameworks/Carbon.framework/Versions/A/Frameworks/CommonPanels.framework/Versions/A/CommonPanels
0x0000000007aff000 	/System/Library/Frameworks/Carbon.framework/Versions/A/Frameworks/Help.framework/Versions/A/Help
0x0000000007aff000 	/System/Library/Frameworks/Carbon.framework/Versions/A/Frameworks/ImageCapture.framework/Versions/A/ImageCapture
0x0000000007aff000 	/System/Library/Frameworks/Carbon.framework/Versions/A/Frameworks/OpenScripting.framework/Versions/A/OpenScripting
0x0000000007aff000 	/System/Library/Frameworks/Carbon.framework/Versions/A/Frameworks/Print.framework/Versions/A/Print
0x0000000007aff000 	/System/Library/Frameworks/Carbon.framework/Versions/A/Frameworks/SecurityHI.framework/Versions/A/SecurityHI
0x000000011cb16000 	/Library/Java/JavaVirtualMachines/jdk1.8.0_45.jdk/Contents/Home/jre/lib/libprism_es2.dylib
0x0000000007aff000 	/System/Library/Frameworks/OpenGL.framework/Versions/A/Resources/GLEngine.bundle/GLEngine
0x0000000007aff000 	/System/Library/Frameworks/OpenGL.framework/Versions/A/Libraries/libGLProgrammability.dylib
0x000000011cb98000 	/System/Library/Extensions/AppleIntelBDWGraphicsGLDriver.bundle/Contents/MacOS/AppleIntelBDWGraphicsGLDriver
0x0000000007aff000 	/System/Library/PrivateFrameworks/GPUSupport.framework/Versions/A/Libraries/libGPUSupportMercury.dylib
0x0000000007aff000 	/System/Library/Frameworks/OpenGL.framework/Versions/A/Resources/GLRendererFloat.bundle/GLRendererFloat
0x0000000007aff000 	/System/Library/Frameworks/OpenCL.framework/Versions/A/Libraries/libcldcpuengine.dylib
0x0000000007aff000 	/System/Library/PrivateFrameworks/DiskImages.framework/Versions/A/DiskImages
0x0000000007aff000 	/System/Library/Frameworks/DiscRecording.framework/Versions/A/DiscRecording
0x0000000007aff000 	/usr/lib/libcsfde.dylib
0x0000000007aff000 	/usr/lib/libcurl.4.dylib
0x0000000007aff000 	/System/Library/PrivateFrameworks/MediaKit.framework/Versions/A/MediaKit
0x0000000007aff000 	/System/Library/PrivateFrameworks/ProtectedCloudStorage.framework/Versions/A/ProtectedCloudStorage
0x0000000007aff000 	/usr/lib/libCoreStorage.dylib
0x0000000007aff000 	/System/Library/PrivateFrameworks/EFILogin.framework/Versions/A/EFILogin
0x0000000007aff000 	/usr/lib/libutil.dylib
0x0000000007aff000 	/System/Library/PrivateFrameworks/FindMyDevice.framework/Versions/A/FindMyDevice
0x0000000007aff000 	/System/Library/Frameworks/LDAP.framework/Versions/A/LDAP
0x0000000007aff000 	/usr/lib/libsasl2.2.dylib
0x0000000007aff000 	/System/Library/PrivateFrameworks/CoreDaemon.framework/Versions/B/CoreDaemon
0x0000000007aff000 	/usr/lib/libcrypto.0.9.8.dylib
0x0000000007aff000 	/System/Library/PrivateFrameworks/AppleSRP.framework/Versions/A/AppleSRP
0x0000000007aff000 	/System/Library/PrivateFrameworks/TrustEvaluationAgent.framework/Versions/A/TrustEvaluationAgent
0x000000011d6d1000 	/Library/Java/JavaVirtualMachines/jdk1.8.0_45.jdk/Contents/Home/jre/lib/libglass.dylib
0x0000000007aff000 	/System/Library/PrivateFrameworks/CoreServicesInternal.framework/Versions/A/CoreServicesInternal
0x0000000007aff000 	/System/Library/CoreServices/RawCamera.bundle/Contents/MacOS/RawCamera
0x0000000007aff000 	/System/Library/Frameworks/CoreGraphics.framework/Versions/A/Resources/libRIP.A.dylib
0x0000000007aff000 	/System/Library/Frameworks/Accelerate.framework/Versions/A/Frameworks/vImage.framework/Versions/A/Libraries/libCGInterfaces.dylib
0x0000000007aff000 	/System/Library/PrivateFrameworks/FamilyControls.framework/Versions/A/FamilyControls
0x0000000007aff000 	/System/Library/PrivateFrameworks/CommerceKit.framework/Versions/A/Frameworks/CommerceCore.framework/Versions/A/CommerceCore
0x0000000007aff000 	/System/Library/PrivateFrameworks/SystemAdministration.framework/Versions/A/SystemAdministration
0x0000000007aff000 	/System/Library/PrivateFrameworks/AppContainer.framework/Versions/A/AppContainer
0x0000000007aff000 	/System/Library/PrivateFrameworks/SecCodeWrapper.framework/Versions/A/SecCodeWrapper
0x0000000007aff000 	/System/Library/Frameworks/DirectoryService.framework/Versions/A/DirectoryService
0x0000000007aff000 	/System/Library/PrivateFrameworks/LoginUIKit.framework/Versions/A/Frameworks/LoginUICore.framework/Versions/A/LoginUICore
0x0000000007aff000 	/usr/lib/libodfde.dylib
0x0000000120db1000 	/Library/Java/JavaVirtualMachines/jdk1.8.0_45.jdk/Contents/Home/jre/lib/libjavafx_font.dylib
0x0000000007aff000 	/System/Library/Frameworks/CoreGraphics.framework/Versions/A/Resources/libCGXType.A.dylib
0x0000000121259000 	/Library/Java/JavaVirtualMachines/jdk1.8.0_45.jdk/Contents/Home/jre/lib/libawt.dylib
0x0000000121301000 	/Library/Java/JavaVirtualMachines/jdk1.8.0_45.jdk/Contents/Home/jre/lib/./libmlib_image.dylib
0x00000001213cd000 	/Library/Java/JavaVirtualMachines/jdk1.8.0_45.jdk/Contents/Home/jre/lib/libawt_lwawt.dylib
0x0000000121481000 	/Library/Java/JavaVirtualMachines/jdk1.8.0_45.jdk/Contents/Home/jre/lib/./libosxapp.dylib
0x0000000007aff000 	/System/Library/Frameworks/ExceptionHandling.framework/Versions/A/ExceptionHandling
0x00000001214a2000 	/Library/Java/JavaVirtualMachines/jdk1.8.0_45.jdk/Contents/Home/jre/lib/libfontmanager.dylib
0x0000000121509000 	/Library/Java/JavaVirtualMachines/jdk1.8.0_45.jdk/Contents/Home/jre/lib/libjavafx_iio.dylib
0x0000000121541000 	/Library/Java/JavaVirtualMachines/jdk1.8.0_45.jdk/Contents/Home/jre/lib/libosxui.dylib
0x0000000124a6d000 	cl_kernels
0x0000000007aff000 	/System/Library/Frameworks/OpenCL.framework/Versions/A/Libraries/ImageFormats/unorm8_bgra.dylib
0x0000000007aff000 	/System/Library/Frameworks/OpenCL.framework/Versions/A/Libraries/ImageFormats/unorm8_rgba.dylib
0x0000000126ca0000 	/Library/Java/JavaVirtualMachines/jdk1.8.0_45.jdk/Contents/Home/jre/lib/libprism_common.dylib
0x0000000128587000 	/System/Library/Frameworks/Security.framework/PlugIns/csparser.bundle/Contents/MacOS/csparser
0x0000000007aff000 	/System/Library/PrivateFrameworks/FinderKit.framework/Versions/A/FinderKit
0x0000000007aff000 	/System/Library/Frameworks/Quartz.framework/Versions/A/Frameworks/QuickLookUI.framework/Versions/A/QuickLookUI
0x0000000007aff000 	/System/Library/Frameworks/Quartz.framework/Versions/A/Frameworks/ImageKit.framework/Versions/A/ImageKit
0x0000000007aff000 	/System/Library/PrivateFrameworks/Bom.framework/Versions/A/Bom
0x0000000007aff000 	/System/Library/Frameworks/QuickLook.framework/Versions/A/QuickLook
0x0000000007aff000 	/System/Library/PrivateFrameworks/Suggestions.framework/Versions/A/Suggestions
0x0000000007aff000 	/System/Library/PrivateFrameworks/AppleSystemInfo.framework/Versions/A/AppleSystemInfo
0x0000000007aff000 	/System/Library/Frameworks/ImageCaptureCore.framework/Versions/A/ImageCaptureCore
0x0000000007aff000 	/System/Library/PrivateFrameworks/SafariServices.framework/Versions/A/SafariServices
0x0000000007aff000 	/usr/lib/libspindump.dylib
0x0000000007aff000 	/System/Library/Frameworks/QTKit.framework/Versions/A/QTKit
0x0000000007aff000 	/System/Library/Frameworks/AVFoundation.framework/Versions/A/AVFoundation
0x0000000007aff000 	/System/Library/Frameworks/CoreMedia.framework/Versions/A/CoreMedia
0x0000000007aff000 	/System/Library/Frameworks/MediaToolbox.framework/Versions/A/MediaToolbox
0x0000000007aff000 	/System/Library/Frameworks/VideoToolbox.framework/Versions/A/VideoToolbox
0x0000000007aff000 	/System/Library/PrivateFrameworks/CoreMediaAuthoring.framework/Versions/A/CoreMediaAuthoring
0x0000000007aff000 	/System/Library/Frameworks/CoreMediaIO.framework/Versions/A/CoreMediaIO
0x0000000007aff000 	/System/Library/Frameworks/AVFoundation.framework/Versions/A/Resources/libAVFAudio.dylib
0x0000000007aff000 	/System/Library/PrivateFrameworks/CoreAVCHD.framework/Versions/A/CoreAVCHD
0x0000000007aff000 	/System/Library/Frameworks/MediaAccessibility.framework/Versions/A/MediaAccessibility
0x0000000007aff000 	/System/Library/PrivateFrameworks/Mangrove.framework/Versions/A/Mangrove
0x0000000007aff000 	/System/Library/PrivateFrameworks/CoreAUC.framework/Versions/A/CoreAUC
0x0000000007aff000 	/System/Library/PrivateFrameworks/AppleVA.framework/Versions/A/AppleVA
0x0000000007aff000 	/System/Library/PrivateFrameworks/XPCService.framework/Versions/A/XPCService
0x0000000007aff000 	/System/Library/PrivateFrameworks/AppSandbox.framework/Versions/A/AppSandbox
0x0000000007aff000 	/usr/lib/libsandbox.1.dylib
0x0000000007aff000 	/usr/lib/libMatch.1.dylib
0x0000000007aff000 	/System/Library/PrivateFrameworks/DisplayServices.framework/Versions/A/DisplayServices
0x0000000007aff000 	/System/Library/Frameworks/Quartz.framework/Versions/A/Frameworks/PDFKit.framework/Versions/A/PDFKit
0x0000000007aff000 	/System/Library/Frameworks/Quartz.framework/Versions/A/Frameworks/QuartzComposer.framework/Versions/A/QuartzComposer
0x0000000007aff000 	/System/Library/Frameworks/Quartz.framework/Versions/A/Frameworks/QuartzFilters.framework/Versions/A/QuartzFilters
0x0000000007aff000 	/System/Library/PrivateFrameworks/CorePDF.framework/Versions/A/CorePDF
0x0000000007aff000 	/System/Library/Frameworks/JavaScriptCore.framework/Versions/A/JavaScriptCore
0x0000000007aff000 	/System/Library/PrivateFrameworks/AppleFSCompression.framework/Versions/A/AppleFSCompression
0x0000000007aff000 	/System/Library/Frameworks/AddressBook.framework/Versions/A/AddressBook
0x0000000007aff000 	/System/Library/PrivateFrameworks/ContactsPersistence.framework/Versions/A/ContactsPersistence
0x0000000007aff000 	/System/Library/PrivateFrameworks/ContactsFoundation.framework/Versions/A/ContactsFoundation
0x0000000007aff000 	/System/Library/PrivateFrameworks/vCard.framework/Versions/A/vCard
0x0000000007aff000 	/System/Library/PrivateFrameworks/IntlPreferences.framework/Versions/A/IntlPreferences
0x0000000007aff000 	/System/Library/PrivateFrameworks/ToneLibrary.framework/Versions/A/ToneLibrary
0x0000000007aff000 	/System/Library/PrivateFrameworks/ToneKit.framework/Versions/A/ToneKit
0x0000000007aff000 	/System/Library/PrivateFrameworks/ApplePushService.framework/Versions/A/ApplePushService
0x0000000007aff000 	/System/Library/Frameworks/SecurityInterface.framework/Versions/A/SecurityInterface
0x0000000007aff000 	/System/Library/PrivateFrameworks/PhoneNumbers.framework/Versions/A/PhoneNumbers
0x0000000007aff000 	/System/Library/PrivateFrameworks/ViewBridge.framework/Versions/A/ViewBridge
0x0000000007aff000 	/System/Library/Frameworks/Quartz.framework/Versions/A/Quartz
0x0000000007aff000 	/System/Library/PrivateFrameworks/CloudDocs.framework/Versions/A/CloudDocs
0x0000000007aff000 	/System/Library/PrivateFrameworks/CoreDuet.framework/Versions/A/CoreDuet
0x0000000007aff000 	/System/Library/Frameworks/CloudKit.framework/Versions/A/CloudKit
0x0000000007aff000 	/System/Library/PrivateFrameworks/ProtocolBuffer.framework/Versions/A/ProtocolBuffer
0x0000000007aff000 	/System/Library/PrivateFrameworks/CoreDuetDaemonProtocol.framework/Versions/A/CoreDuetDaemonProtocol
0x0000000007aff000 	/System/Library/PrivateFrameworks/CoreDuetDebugLogging.framework/Versions/A/CoreDuetDebugLogging
0x0000000007aff000 	/System/Library/PrivateFrameworks/MMCS.framework/Versions/A/MMCS
0x0000000007aff000 	/System/Library/Frameworks/CoreLocation.framework/Versions/A/CoreLocation
0x0000000007aff000 	/System/Library/PrivateFrameworks/AssetCacheServices.framework/Versions/A/AssetCacheServices
0x0000000007aff000 	/System/Library/PrivateFrameworks/GeoServices.framework/Versions/A/GeoServices
0x0000000007aff000 	/System/Library/PrivateFrameworks/PlugInKit.framework/Versions/A/PlugInKit
0x0000000129003000 	/Library/Java/JavaVirtualMachines/jdk1.8.0_45.jdk/Contents/Home/jre/lib/libnet.dylib
0x000000012861b000 	/Library/Java/JavaVirtualMachines/jdk1.8.0_45.jdk/Contents/Home/jre/lib/libnio.dylib
0x0000000007aff000 	/System/Library/PrivateFrameworks/NetFSServer.framework/Versions/A/NetFSServer
0x0000000007aff000 	/System/Library/PrivateFrameworks/CacheDelete.framework/Versions/A/CacheDelete
0x000000012ad29000 	/System/Library/Extensions/AppleIntelBDWGraphicsMTLDriver.bundle/Contents/MacOS/AppleIntelBDWGraphicsMTLDriver
0x00000001304bf000 	/System/Library/Frameworks/Quartz.framework/Versions/A/Frameworks/QuickLookUI.framework/Versions/A/PlugIns/Text.qldisplay/Contents/MacOS/Text
0x0000000007aff000 	/System/Library/Frameworks/ApplicationServices.framework/Versions/A/Frameworks/ATS.framework/Versions/A/Resources/libTrueTypeScaler.dylib

VM Arguments:
jvm_args: -Dfile.encoding=UTF-8 
java_command: application.CodeScatchFX
java_class_path (initial): /Users/newmacpro/Documents/workspace/codeScatch/bin:/Applications/Eclipse.app/Contents/Eclipse/plugins/org.eclipse.fx.ide.css.jfx8_2.3.0.201603030809.jar:/Users/newmacpro/Documents/workspace/codeScatch/libs/antlr-4.5.3/antlr-4.5.3-complete.jar:/Users/newmacpro/Documents/workspace/codeScatch/libs/jfxtras/jfxtras-common-8.0-r5-SNAPSHOT.jar:/Users/newmacpro/Documents/workspace/codeScatch/libs/jfxtras/jfxtras-controls-8.0-r5-SNAPSHOT.jar:/Users/newmacpro/Documents/workspace/codeScatch/libs/jfxtras/jfxtras-fxml-8.0-r5-SNAPSHOT.jar:/Users/newmacpro/Documents/workspace/codeScatch/libs/jfxtras/jfxtras-labs-8.0-r5-20160515.080214-228.jar:/Users/newmacpro/Documents/workspace/codeScatch/libs/jfxtras/jfxtras-menu-8.0-r5-SNAPSHOT.jar:/Users/newmacpro/Documents/workspace/codeScatch/libs/jfxtras/jfxtras-window-8.0-r5-SNAPSHOT.jar:/Users/newmacpro/Documents/workspace/codeScatch/libs/jvxfx-1.0/jvxfx-1.0.jar:/Users/newmacpro/Documents/workspace/codeScatch/libs/miglayout-5.1/miglayout-core-5.1-20160416.220029-387.jar:/Users/newmacpro/Documents/workspace/codeScatch/libs/miglayout-5.1/miglayout-swing-5.1-20160419.220020-390.jar:/Users/newmacpro/Documents/workspace/codeScatch/libs/rsyntaxtextarea-2.5.7/rsyntaxtextarea-2.5.7.jar
Launcher Type: SUN_STANDARD

Environment Variables:
PATH=/usr/bin:/bin:/usr/sbin:/sbin
SHELL=/bin/bash
DISPLAY=/private/tmp/com.apple.launchd.KWZYzDcXsP/org.macosforge.xquartz:0

Signal Handlers:
SIGSEGV: [libjvm.dylib+0x58ef95], sa_mask[0]=11111111011111110111111111111111, sa_flags=SA_ONSTACK|SA_RESTART|SA_SIGINFO
SIGBUS: [libjvm.dylib+0x58ef95], sa_mask[0]=11111111011111110111111111111111, sa_flags=SA_RESTART|SA_SIGINFO
SIGFPE: [libjvm.dylib+0x46c108], sa_mask[0]=11111111011111110111111111111111, sa_flags=SA_RESTART|SA_SIGINFO
SIGPIPE: [libjvm.dylib+0x46c108], sa_mask[0]=11111111011111110111111111111111, sa_flags=SA_RESTART|SA_SIGINFO
SIGXFSZ: [libjvm.dylib+0x46c108], sa_mask[0]=11111111011111110111111111111111, sa_flags=SA_RESTART|SA_SIGINFO
SIGILL: [libjvm.dylib+0x46c108], sa_mask[0]=11111111011111110111111111111111, sa_flags=SA_RESTART|SA_SIGINFO
SIGUSR1: SIG_DFL, sa_mask[0]=00000000000000000000000000000000, sa_flags=none
SIGUSR2: [libjvm.dylib+0x46bc26], sa_mask[0]=00100000000000000000000000000000, sa_flags=SA_RESTART|SA_SIGINFO
SIGHUP: [libjvm.dylib+0x46a1f9], sa_mask[0]=11111111011111110111111111111111, sa_flags=SA_RESTART|SA_SIGINFO
SIGINT: [libjvm.dylib+0x46a1f9], sa_mask[0]=11111111011111110111111111111111, sa_flags=SA_RESTART|SA_SIGINFO
SIGTERM: [libjvm.dylib+0x46a1f9], sa_mask[0]=11111111011111110111111111111111, sa_flags=SA_RESTART|SA_SIGINFO
SIGQUIT: [libjvm.dylib+0x46a1f9], sa_mask[0]=11111111011111110111111111111111, sa_flags=SA_RESTART|SA_SIGINFO


---------------  S Y S T E M  ---------------

OS:Bsduname:Darwin 15.5.0 Darwin Kernel Version 15.5.0: Tue Apr 19 18:36:36 PDT 2016; root:xnu-3248.50.21~8/RELEASE_X86_64 x86_64
rlimit: STACK 8192k, CORE 0k, NPROC 709, NOFILE 10240, AS infinity
load average:1.58 1.69 1.72

CPU:total 4 (2 cores per cpu, 2 threads per core) family 6 model 61 stepping 4, cmov, cx8, fxsr, mmx, sse, sse2, sse3, ssse3, sse4.1, sse4.2, popcnt, avx, avx2, aes, clmul, erms, 3dnowpref, lzcnt, ht, tsc, tscinvbit, bmi1, bmi2, adx

Memory: 4k page, physical 8388608k(45540k free)

/proc/meminfo:


vm_info: Java HotSpot(TM) 64-Bit Server VM (25.45-b02) for bsd-amd64 JRE (1.8.0_45-b14), built on Apr 10 2015 10:46:38 by "java_re" with gcc 4.2.1 (Based on Apple Inc. build 5658) (LLVM build 2336.11.00)

time: Tue Jun  7 23:00:09 2016
elapsed time: 3146 seconds (0d 0h 52m 26s)

