#
# A fatal error has been detected by the Java Runtime Environment:
#
#  SIGSEGV (0xb) at pc=0x0000000103ca1b15, pid=6088, tid=2571
#
# JRE version: Java(TM) SE Runtime Environment (8.0_45-b14) (build 1.8.0_45-b14)
# Java VM: Java HotSpot(TM) 64-Bit Server VM (25.45-b02 mixed mode bsd-amd64 compressed oops)
# Problematic frame:
# V  [libjvm.dylib+0x316b15]
#
# Failed to write core dump. Core dumps have been disabled. To enable core dumping, try "ulimit -c unlimited" before starting Java again
#
# If you would like to submit a bug report, please visit:
#   http://bugreport.java.com/bugreport/crash.jsp
#

---------------  T H R E A D  ---------------

Current thread (0x00007fb13a88c800):  JavaThread "JavaFX Application Thread" [_thread_in_vm, id=2571, stack(0x00007fff5bd18000,0x00007fff5c518000)]

siginfo: si_signo: 11 (SIGSEGV), si_code: 1 (SEGV_MAPERR), si_addr: 0x0000000000000008

Registers:
RAX=0x0000003000000018, RBX=0x00007fff5c514a20, RCX=0x0000000000000001, RDX=0x0000000000000008
RSP=0x00007fff5c5147f0, RBP=0x00007fff5c514950, RSI=0x00007fff5c514a60, RDI=0x00007fb13a88c9f8
R8 =0x00007fb13b41fe50, R9 =0x00007fff5c514a20, R10=0x0000000104192100, R11=0x00007fff794b98d8
R12=0x00007fb13a88c800, R13=0x00007fff5c514a20, R14=0x00007fb13b41fe50, R15=0x0000000000000001
RIP=0x0000000103ca1b15, EFLAGS=0x0000000000010202, ERR=0x0000000000000004
  TRAPNO=0x000000000000000e

Top of Stack: (sp=0x00007fff5c5147f0)
0x00007fff5c5147f0:   00007fb138f3bbd0 0000000500000000
0x00007fff5c514800:   00007fb13a88c9f8 00007fff5c514a60
0x00007fff5c514810:   0000000000001400 00000007408189b8
0x00007fff5c514820:   00007fff0000006f 00007fff0000004f
0x00007fff5c514830:   00000007969a2388 0000000100000010
0x00007fff5c514840:   0000000000001002 0000000000000050
0x00007fff5c514850:   0000000000000000 00000001000001c0
0x00007fff5c514860:   0000000000000005 00007fff5c514818
0x00007fff5c514870:   00007fff5c514859 0000000800000005
0x00007fff5c514880:   00007fff7b9d7200 00007fb138f3bb50
0x00007fff5c514890:   00007fb138c41030 00007fb138c41040
0x00007fff5c5148a0:   00007fb138c41418 00000000000003d8
0x00007fff5c5148b0:   00000001041918d0 0000000113d65460
0x00007fff5c5148c0:   0000000000000050 0000000000000004
0x00007fff5c5148d0:   0000000000000000 00007fff9b68fde0
0x00007fff5c5148e0:   000000011959e140 00007fb13a88c800
0x00007fff5c5148f0:   000000011959e140 00007fb13a88c800
0x00007fff5c514900:   000000011959e140 00007fb13a88c800
0x00007fff5c514910:   000000011959e140 000000011959e140
0x00007fff5c514920:   000000011959e140 00007fb13b41fe50
0x00007fff5c514930:   00007fb13a88c800 00007fff5c514a20
0x00007fff5c514940:   0000000000000008 00007fb13a88c9f8
0x00007fff5c514950:   00007fff5c514ae0 0000000103c945a1
0x00007fff5c514960:   00007fb13a88c800 00007fff794b9900
0x00007fff5c514970:   00007fff8a61cb33 00007fff9b6770db
0x00007fff5c514980:   0000000000000000 0000000000000071
0x00007fff5c514990:   0000000000000000 00007fb138dc0428
0x00007fff5c5149a0:   0000000000000000 00007fff794b9900
0x00007fff5c5149b0:   00007fff5c514a10 00007fff9b673e0c
0x00007fff5c5149c0:   0000000103c9c93f 0000000000000001
0x00007fff5c5149d0:   000000011d0eb698 000000011d0eb6c0
0x00007fff5c5149e0:   000000005c514a20 00007fb13d8bc3a0 

Instructions: (pc=0x0000000103ca1b15)
0x0000000103ca1af5:   4c 89 cb 4d 89 c6 41 89 cf 48 89 b5 b8 fe ff ff
0x0000000103ca1b05:   48 89 bd b0 fe ff ff 48 85 d2 4c 8b 65 10 74 08
0x0000000103ca1b15:   4c 8b 2a 4d 85 ed 75 2a 48 8d 1d cc 04 5c 00 48
0x0000000103ca1b25:   8b 8b a8 03 00 00 48 8d 35 19 37 2c 00 ba 26 05 

Register to memory mapping:

RAX=0x0000003000000018 is an unknown value
RBX=0x00007fff5c514a20 is pointing into the stack for thread: 0x00007fb13a88c800
RCX=0x0000000000000001 is an unknown value
RDX=0x0000000000000008 is an unknown value
RSP=0x00007fff5c5147f0 is pointing into the stack for thread: 0x00007fb13a88c800
RBP=0x00007fff5c514950 is pointing into the stack for thread: 0x00007fb13a88c800
RSI=0x00007fff5c514a60 is pointing into the stack for thread: 0x00007fb13a88c800
RDI=0x00007fb13a88c9f8 is an unknown value
R8 =0x00007fb13b41fe50 is an unknown value
R9 =0x00007fff5c514a20 is pointing into the stack for thread: 0x00007fb13a88c800
R10=0x0000000104192100: jni_NativeInterface+0 in /Library/Java/JavaVirtualMachines/jdk1.8.0_45.jdk/Contents/Home/jre/lib/server/libjvm.dylib at 0x000000010398b000
R11=0x00007fff794b98d8: OBJC_CLASS_$_NSEvent+0 in /System/Library/Frameworks/AppKit.framework/Versions/C/AppKit at 0x00007fff8fdc9000
R12=0x00007fb13a88c800 is a thread
R13=0x00007fff5c514a20 is pointing into the stack for thread: 0x00007fb13a88c800
R14=0x00007fb13b41fe50 is an unknown value
R15=0x0000000000000001 is an unknown value


Stack: [0x00007fff5bd18000,0x00007fff5c518000],  sp=0x00007fff5c5147f0,  free space=8177k
Native frames: (J=compiled Java code, j=interpreted, Vv=VM code, C=native code)
V  [libjvm.dylib+0x316b15]
V  [libjvm.dylib+0x3095a1]
C  [libglass.dylib+0x1fda8]  -[GlassViewDelegate sendJavaKeyEvent:isDown:]+0x318
C  [libglass.dylib+0x1c2c1]  -[GlassView3D performKeyEquivalent:]+0x71
C  [AppKit+0x2afb11]  -[NSView _performKeyEquivalent:conditionally:]+0xbd
C  [AppKit+0x2afbe8]  -[NSView performKeyEquivalent:]+0xc5
C  [AppKit+0x2afb11]  -[NSView _performKeyEquivalent:conditionally:]+0xbd
C  [AppKit+0x2afbe8]  -[NSView performKeyEquivalent:]+0xc5
C  [AppKit+0x2afb11]  -[NSView _performKeyEquivalent:conditionally:]+0xbd
C  [AppKit+0x2af9ea]  -[NSWindow performKeyEquivalent:]+0x4e
C  [libglass.dylib+0x235e3]  -[GlassWindow_Normal performKeyEquivalent:]+0x43
C  [AppKit+0x2af7ba]  -[NSApplication _handleKeyEquivalent:]+0x209
C  [AppKit+0x1d60fe]  -[NSApplication sendEvent:]+0x10b2
C  [AppKit+0x3cdf2]  -[NSApplication run]+0x31c
C  [libglass.dylib+0x4ef7]  -[GlassApplication runLoop:]+0x6f7
C  [Foundation+0x76fde]  __NSThreadPerformPerform+0x117
C  [CoreFoundation+0xaa881]  __CFRUNLOOP_IS_CALLING_OUT_TO_A_SOURCE0_PERFORM_FUNCTION__+0x11
C  [CoreFoundation+0x89fbc]  __CFRunLoopDoSources0+0x22c
C  [CoreFoundation+0x894df]  __CFRunLoopRun+0x39f
C  [CoreFoundation+0x88ed8]  CFRunLoopRunSpecific+0x128
C  [java+0x6490]  CreateExecutionEnvironment+0x367
C  [java+0x221c]  JLI_Launch+0x7a0
C  [java+0x84ed]  main+0x65
C  [java+0x1a74]  start+0x34
C  0x0000000000000005


---------------  P R O C E S S  ---------------

Java Threads: ( => current thread )
  0x00007fb13ac55000 JavaThread "TimerQueue" daemon [_thread_blocked, id=63011, stack(0x0000700001c77000,0x0000700001d77000)]
  0x00007fb139a61800 JavaThread "Java2D Disposer" daemon [_thread_blocked, id=61199, stack(0x0000700001b74000,0x0000700001c74000)]
  0x00007fb139978000 JavaThread "Java2D Queue Flusher" daemon [_thread_blocked, id=58375, stack(0x000070000196b000,0x0000700001a6b000)]
  0x00007fb13a1fd800 JavaThread "Timer-0" [_thread_blocked, id=51971, stack(0x00007000017e5000,0x00007000018e5000)]
  0x00007fb13aab6800 JavaThread "Prism Font Disposer" daemon [_thread_blocked, id=50691, stack(0x00007000016e2000,0x00007000017e2000)]
  0x00007fb1398a3000 JavaThread "JavaFX-Launcher" [_thread_blocked, id=48643, stack(0x00007000013d9000,0x00007000014d9000)]
  0x00007fb139006800 JavaThread "Thread-3" daemon [_thread_in_native, id=36611, stack(0x00007000012d3000,0x0000700001353000)]
=>0x00007fb13a88c800 JavaThread "JavaFX Application Thread" [_thread_in_vm, id=2571, stack(0x00007fff5bd18000,0x00007fff5c518000)]
  0x00007fb13a99c800 JavaThread "Thread-1" daemon [_thread_blocked, id=24595, stack(0x000070000114d000,0x000070000124d000)]
  0x00007fb13988a800 JavaThread "QuantumRenderer-0" daemon [_thread_blocked, id=19715, stack(0x000070000104a000,0x000070000114a000)]
  0x00007fb13982f800 JavaThread "Service Thread" daemon [_thread_blocked, id=18691, stack(0x0000700000e44000,0x0000700000f44000)]
  0x00007fb13903b800 JavaThread "C1 CompilerThread2" daemon [_thread_blocked, id=18179, stack(0x0000700000d41000,0x0000700000e41000)]
  0x00007fb13903b000 JavaThread "C2 CompilerThread1" daemon [_thread_blocked, id=17667, stack(0x0000700000c3e000,0x0000700000d3e000)]
  0x00007fb139039800 JavaThread "C2 CompilerThread0" daemon [_thread_blocked, id=17155, stack(0x0000700000b3b000,0x0000700000c3b000)]
  0x00007fb13a031800 JavaThread "Signal Dispatcher" daemon [_thread_blocked, id=14351, stack(0x0000700000a38000,0x0000700000b38000)]
  0x00007fb139018000 JavaThread "Finalizer" daemon [_thread_blocked, id=11779, stack(0x000070000082f000,0x000070000092f000)]
  0x00007fb139829000 JavaThread "Reference Handler" daemon [_thread_blocked, id=11267, stack(0x000070000072c000,0x000070000082c000)]
  0x00007fb13a006800 JavaThread "main" [_thread_blocked, id=4099, stack(0x0000700000084000,0x0000700000184000)]

Other Threads:
  0x00007fb139017800 VMThread [stack: 0x0000700000629000,0x0000700000729000] [id=10755]
  0x00007fb139021800 WatcherThread [stack: 0x0000700000f47000,0x0000700001047000] [id=19203]

VM state:not at safepoint (normal execution)

VM Mutex/Monitor currently owned by a thread: None

Heap:
 PSYoungGen      total 38400K, used 18713K [0x0000000795580000, 0x0000000798700000, 0x00000007c0000000)
  eden space 33280K, 40% used [0x0000000795580000,0x00000007962cb6a8,0x0000000797600000)
  from space 5120K, 99% used [0x0000000797600000,0x0000000797afaec8,0x0000000797b00000)
  to   space 5120K, 0% used [0x0000000798200000,0x0000000798200000,0x0000000798700000)
 ParOldGen       total 71680K, used 24053K [0x0000000740000000, 0x0000000744600000, 0x0000000795580000)
  object space 71680K, 33% used [0x0000000740000000,0x000000074177d5d8,0x0000000744600000)
 Metaspace       used 27465K, capacity 28730K, committed 28928K, reserved 1073152K
  class space    used 4008K, capacity 4309K, committed 4352K, reserved 1048576K

Card table byte_map: [0x0000000114600000,0x0000000114a01000] byte_map_base: 0x0000000110c00000

Marking Bits: (ParMarkBitMap*) 0x000000010424d7a0
 Begin Bits: [0x0000000114cac000, 0x0000000116cac000)
 End Bits:   [0x0000000116cac000, 0x0000000118cac000)

Polling page: 0x0000000104937000

CodeCache: size=245760Kb used=9743Kb max_used=9743Kb free=236016Kb
 bounds [0x000000010494a000, 0x00000001052da000, 0x000000011394a000]
 total_blobs=4194 nmethods=3331 adapters=776
 compilation: enabled

Compilation events (10 events):
Event: 71.361 Thread 0x00007fb13903b800 3335       1       java.awt.Component::getTreeLock (4 bytes)
Event: 71.361 Thread 0x00007fb13903b800 nmethod 3335 0x00000001052d02d0 code [0x00000001052d0420, 0x00000001052d0530]
Event: 71.361 Thread 0x00007fb13903b800 3333       3       sun.awt.SunToolkit::flushPendingEvents (19 bytes)
Event: 71.362 Thread 0x00007fb13903b800 nmethod 3333 0x00000001052d0590 code [0x00000001052d0720, 0x00000001052d0a78]
Event: 71.797 Thread 0x00007fb13903b800 3336       3       java.util.concurrent.locks.LockSupport::park (23 bytes)
Event: 71.797 Thread 0x00007fb13903b800 nmethod 3336 0x00000001052d0b90 code [0x00000001052d0d20, 0x00000001052d1068]
Event: 72.799 Thread 0x00007fb13903b800 3337       3       java.security.AccessControlContext::combine (205 bytes)
Event: 72.800 Thread 0x00007fb13903b800 nmethod 3337 0x00000001052d1150 code [0x00000001052d1340, 0x00000001052d1e38]
Event: 72.800 Thread 0x00007fb13903b800 3338       3       java.awt.EventQueue::eventToCacheIndex (80 bytes)
Event: 72.800 Thread 0x00007fb13903b800 nmethod 3338 0x00000001052d2250 code [0x00000001052d23e0, 0x00000001052d28b0]

GC Heap History (8 events):
Event: 1.058 GC heap before
{Heap before GC invocations=1 (full 0):
 PSYoungGen      total 38400K, used 33280K [0x0000000795580000, 0x0000000798000000, 0x00000007c0000000)
  eden space 33280K, 100% used [0x0000000795580000,0x0000000797600000,0x0000000797600000)
  from space 5120K, 0% used [0x0000000797b00000,0x0000000797b00000,0x0000000798000000)
  to   space 5120K, 0% used [0x0000000797600000,0x0000000797600000,0x0000000797b00000)
 ParOldGen       total 87552K, used 0K [0x0000000740000000, 0x0000000745580000, 0x0000000795580000)
  object space 87552K, 0% used [0x0000000740000000,0x0000000740000000,0x0000000745580000)
 Metaspace       used 15591K, capacity 16132K, committed 16256K, reserved 1062912K
  class space    used 2236K, capacity 2400K, committed 2432K, reserved 1048576K
Event: 1.065 GC heap after
Heap after GC invocations=1 (full 0):
 PSYoungGen      total 38400K, used 5100K [0x0000000795580000, 0x0000000798000000, 0x00000007c0000000)
  eden space 33280K, 0% used [0x0000000795580000,0x0000000795580000,0x0000000797600000)
  from space 5120K, 99% used [0x0000000797600000,0x0000000797afb1c8,0x0000000797b00000)
  to   space 5120K, 0% used [0x0000000797b00000,0x0000000797b00000,0x0000000798000000)
 ParOldGen       total 87552K, used 1250K [0x0000000740000000, 0x0000000745580000, 0x0000000795580000)
  object space 87552K, 1% used [0x0000000740000000,0x0000000740138ae0,0x0000000745580000)
 Metaspace       used 15591K, capacity 16132K, committed 16256K, reserved 1062912K
  class space    used 2236K, capacity 2400K, committed 2432K, reserved 1048576K
}
Event: 1.618 GC heap before
{Heap before GC invocations=2 (full 0):
 PSYoungGen      total 38400K, used 21941K [0x0000000795580000, 0x0000000798000000, 0x00000007c0000000)
  eden space 33280K, 50% used [0x0000000795580000,0x00000007965f2380,0x0000000797600000)
  from space 5120K, 99% used [0x0000000797600000,0x0000000797afb1c8,0x0000000797b00000)
  to   space 5120K, 0% used [0x0000000797b00000,0x0000000797b00000,0x0000000798000000)
 ParOldGen       total 87552K, used 1250K [0x0000000740000000, 0x0000000745580000, 0x0000000795580000)
  object space 87552K, 1% used [0x0000000740000000,0x0000000740138ae0,0x0000000745580000)
 Metaspace       used 20338K, capacity 21196K, committed 21296K, reserved 1067008K
  class space    used 2970K, capacity 3166K, committed 3200K, reserved 1048576K
Event: 1.626 GC heap after
Heap after GC invocations=2 (full 0):
 PSYoungGen      total 38400K, used 5100K [0x0000000795580000, 0x000000079a080000, 0x00000007c0000000)
  eden space 33280K, 0% used [0x0000000795580000,0x0000000795580000,0x0000000797600000)
  from space 5120K, 99% used [0x0000000797b00000,0x0000000797ffb1a8,0x0000000798000000)
  to   space 5120K, 0% used [0x0000000797600000,0x0000000797600000,0x0000000797b00000)
 ParOldGen       total 87552K, used 4837K [0x0000000740000000, 0x0000000745580000, 0x0000000795580000)
  object space 87552K, 5% used [0x0000000740000000,0x00000007404b94c0,0x0000000745580000)
 Metaspace       used 20338K, capacity 21196K, committed 21296K, reserved 1067008K
  class space    used 2970K, capacity 3166K, committed 3200K, reserved 1048576K
}
Event: 1.626 GC heap before
{Heap before GC invocations=3 (full 1):
 PSYoungGen      total 38400K, used 5100K [0x0000000795580000, 0x000000079a080000, 0x00000007c0000000)
  eden space 33280K, 0% used [0x0000000795580000,0x0000000795580000,0x0000000797600000)
  from space 5120K, 99% used [0x0000000797b00000,0x0000000797ffb1a8,0x0000000798000000)
  to   space 5120K, 0% used [0x0000000797600000,0x0000000797600000,0x0000000797b00000)
 ParOldGen       total 87552K, used 4837K [0x0000000740000000, 0x0000000745580000, 0x0000000795580000)
  object space 87552K, 5% used [0x0000000740000000,0x00000007404b94c0,0x0000000745580000)
 Metaspace       used 20338K, capacity 21196K, committed 21296K, reserved 1067008K
  class space    used 2970K, capacity 3166K, committed 3200K, reserved 1048576K
Event: 1.675 GC heap after
Heap after GC invocations=3 (full 1):
 PSYoungGen      total 38400K, used 0K [0x0000000795580000, 0x000000079a080000, 0x00000007c0000000)
  eden space 33280K, 0% used [0x0000000795580000,0x0000000795580000,0x0000000797600000)
  from space 5120K, 0% used [0x0000000797b00000,0x0000000797b00000,0x0000000798000000)
  to   space 5120K, 0% used [0x0000000797600000,0x0000000797600000,0x0000000797b00000)
 ParOldGen       total 71680K, used 9551K [0x0000000740000000, 0x0000000744600000, 0x0000000795580000)
  object space 71680K, 13% used [0x0000000740000000,0x0000000740953db0,0x0000000744600000)
 Metaspace       used 20338K, capacity 21196K, committed 21296K, reserved 1067008K
  class space    used 2970K, capacity 3166K, committed 3200K, reserved 1048576K
}
Event: 9.063 GC heap before
{Heap before GC invocations=4 (full 1):
 PSYoungGen      total 38400K, used 33280K [0x0000000795580000, 0x000000079a080000, 0x00000007c0000000)
  eden space 33280K, 100% used [0x0000000795580000,0x0000000797600000,0x0000000797600000)
  from space 5120K, 0% used [0x0000000797b00000,0x0000000797b00000,0x0000000798000000)
  to   space 5120K, 0% used [0x0000000797600000,0x0000000797600000,0x0000000797b00000)
 ParOldGen       total 71680K, used 9551K [0x0000000740000000, 0x0000000744600000, 0x0000000795580000)
  object space 71680K, 13% used [0x0000000740000000,0x0000000740953db0,0x0000000744600000)
 Metaspace       used 26987K, capacity 28296K, committed 28416K, reserved 1073152K
  class space    used 3986K, capacity 4302K, committed 4352K, reserved 1048576K
Event: 9.075 GC heap after
Heap after GC invocations=4 (full 1):
 PSYoungGen      total 38400K, used 5099K [0x0000000795580000, 0x0000000798700000, 0x00000007c0000000)
  eden space 33280K, 0% used [0x0000000795580000,0x0000000795580000,0x0000000797600000)
  from space 5120K, 99% used [0x0000000797600000,0x0000000797afaec8,0x0000000797b00000)
  to   space 5120K, 0% used [0x0000000798200000,0x0000000798200000,0x0000000798700000)
 ParOldGen       total 71680K, used 24053K [0x0000000740000000, 0x0000000744600000, 0x0000000795580000)
  object space 71680K, 33% used [0x0000000740000000,0x000000074177d5d8,0x0000000744600000)
 Metaspace       used 26987K, capacity 28296K, committed 28416K, reserved 1073152K
  class space    used 3986K, capacity 4302K, committed 4352K, reserved 1048576K
}

Deoptimization events (10 events):
Event: 2.741 Thread 0x00007fb13a88c800 Uncommon trap: reason=unstable_if action=reinterpret pc=0x0000000104cbf774 method=jdk.internal.org.objectweb.asm.Type.getArgumentsAndReturnSizes(Ljava/lang/String;)I @ 47
Event: 8.857 Thread 0x00007fb13a1fd800 Uncommon trap: reason=unstable_if action=reinterpret pc=0x0000000104d4ecb0 method=java.lang.String.trim()Ljava/lang/String; @ 23
Event: 8.981 Thread 0x00007fb13a1fd800 Uncommon trap: reason=bimorphic action=maybe_recompile pc=0x0000000104edfa3c method=java.util.HashMap.putVal(ILjava/lang/Object;Ljava/lang/Object;ZZ)Ljava/lang/Object; @ 203
Event: 8.983 Thread 0x00007fb13a1fd800 Uncommon trap: reason=bimorphic action=maybe_recompile pc=0x0000000104edfa3c method=java.util.HashMap.putVal(ILjava/lang/Object;Ljava/lang/Object;ZZ)Ljava/lang/Object; @ 203
Event: 8.983 Thread 0x00007fb13a1fd800 Uncommon trap: reason=bimorphic action=maybe_recompile pc=0x0000000104edfa3c method=java.util.HashMap.putVal(ILjava/lang/Object;Ljava/lang/Object;ZZ)Ljava/lang/Object; @ 203
Event: 8.983 Thread 0x00007fb13a1fd800 Uncommon trap: reason=bimorphic action=maybe_recompile pc=0x0000000104edfa3c method=java.util.HashMap.putVal(ILjava/lang/Object;Ljava/lang/Object;ZZ)Ljava/lang/Object; @ 203
Event: 9.052 Thread 0x00007fb13a1fd800 Uncommon trap: reason=unstable_if action=reinterpret pc=0x0000000105111ee8 method=org.antlr.v4.runtime.atn.SingletonPredictionContext.equals(Ljava/lang/Object;)Z @ 42
Event: 9.105 Thread 0x00007fb13a1fd800 Uncommon trap: reason=unstable_if action=reinterpret pc=0x0000000104c640ec method=java.lang.String.indexOf([CII[CIII)I @ 27
Event: 9.122 Thread 0x00007fb13988a800 Uncommon trap: reason=range_check action=make_not_entrant pc=0x0000000104be1b8c method=java.util.ArrayList.elementData(I)Ljava/lang/Object; @ 5
Event: 71.291 Thread 0x00007fb13a88c800 Uncommon trap: reason=unstable_if action=reinterpret pc=0x0000000105282dd0 method=com.sun.javafx.tk.quantum.QuantumToolkit.runWithoutRenderLock(Ljava/util/function/Supplier;)Ljava/lang/Object; @ 8

Internal exceptions (10 events):
Event: 0.641 Thread 0x00007fb13a88c800 Exception <a 'java/lang/ArrayIndexOutOfBoundsException'> (0x00000007969850e8) thrown at [/Users/java_re/workspace/8-2-build-macosx-x86_64/jdk8u45/3457/hotspot/src/share/vm/runtime/sharedRuntime.cpp, line 605]
Event: 0.832 Thread 0x00007fb13a88c800 Exception <a 'java/io/FileNotFoundException'> (0x0000000796c163a0) thrown at [/Users/java_re/workspace/8-2-build-macosx-x86_64/jdk8u45/3457/hotspot/src/share/vm/prims/jni.cpp, line 709]
Event: 0.832 Thread 0x00007fb13a88c800 Exception <a 'java/io/FileNotFoundException'> (0x0000000796c16eb0) thrown at [/Users/java_re/workspace/8-2-build-macosx-x86_64/jdk8u45/3457/hotspot/src/share/vm/prims/jni.cpp, line 709]
Event: 0.867 Thread 0x00007fb13a88c800 Exception <a 'java/io/FileNotFoundException'> (0x0000000796debb00) thrown at [/Users/java_re/workspace/8-2-build-macosx-x86_64/jdk8u45/3457/hotspot/src/share/vm/prims/jni.cpp, line 709]
Event: 0.990 Thread 0x00007fb13a88c800 Implicit null exception at 0x0000000104c5f7b5 to 0x0000000104c5f9f1
Event: 0.990 Thread 0x00007fb13a88c800 Implicit null exception at 0x0000000104c5c1fb to 0x0000000104c5cbfd
Event: 2.301 Thread 0x00007fb13aa97000 Implicit null exception at 0x0000000104bd6373 to 0x0000000104bd6725
Event: 2.302 Thread 0x00007fb13aa97000 Implicit null exception at 0x0000000104b7b3b5 to 0x0000000104b7b715
Event: 9.122 Thread 0x00007fb13988a800 Exception <a 'java/lang/ArrayIndexOutOfBoundsException': -1> (0x00000007956d6b80) thrown at [/Users/java_re/workspace/8-2-build-macosx-x86_64/jdk8u45/3457/hotspot/src/share/vm/interpreter/interpreterRuntime.cpp, line 366]
Event: 9.122 Thread 0x00007fb13988a800 Exception <a 'java/lang/ArrayIndexOutOfBoundsException'> (0x00000007956d6ef0) thrown at [/Users/java_re/workspace/8-2-build-macosx-x86_64/jdk8u45/3457/hotspot/src/share/vm/runtime/sharedRuntime.cpp, line 605]

Events (10 events):
Event: 72.798 loading class java/util/IdentityHashMap$Values
Event: 72.798 loading class java/util/IdentityHashMap$Values done
Event: 72.798 loading class java/util/IdentityHashMap$ValueIterator
Event: 72.798 loading class java/util/IdentityHashMap$ValueIterator done
Event: 72.798 loading class sun/awt/AppContext$PostShutdownEventRunnable
Event: 72.798 loading class sun/awt/AppContext$PostShutdownEventRunnable done
Event: 72.799 loading class sun/awt/AWTAutoShutdown$1
Event: 72.799 loading class sun/awt/AWTAutoShutdown$1 done
Event: 72.799 Thread 0x00007fb13aa83000 Thread exited: 0x00007fb13aa83000
Event: 72.799 Thread 0x00007fb13aa97000 Thread exited: 0x00007fb13aa97000


Dynamic libraries:
0x0000000007aff000 	/System/Library/Frameworks/Cocoa.framework/Versions/A/Cocoa
0x0000000007aff000 	/System/Library/Frameworks/Security.framework/Versions/A/Security
0x0000000007aff000 	/System/Library/Frameworks/ApplicationServices.framework/Versions/A/ApplicationServices
0x0000000007aff000 	/usr/lib/libz.1.dylib
0x0000000007aff000 	/usr/lib/libSystem.B.dylib
0x0000000007aff000 	/usr/lib/libobjc.A.dylib
0x0000000007aff000 	/System/Library/Frameworks/CoreFoundation.framework/Versions/A/CoreFoundation
0x0000000007aff000 	/System/Library/Frameworks/Foundation.framework/Versions/C/Foundation
0x0000000007aff000 	/System/Library/Frameworks/AppKit.framework/Versions/C/AppKit
0x0000000007aff000 	/System/Library/Frameworks/CoreData.framework/Versions/A/CoreData
0x0000000007aff000 	/System/Library/PrivateFrameworks/RemoteViewServices.framework/Versions/A/RemoteViewServices
0x0000000007aff000 	/System/Library/PrivateFrameworks/UIFoundation.framework/Versions/A/UIFoundation
0x0000000007aff000 	/usr/lib/libScreenReader.dylib
0x0000000007aff000 	/System/Library/Frameworks/Accelerate.framework/Versions/A/Accelerate
0x0000000007aff000 	/System/Library/Frameworks/IOSurface.framework/Versions/A/IOSurface
0x0000000007aff000 	/System/Library/Frameworks/AudioToolbox.framework/Versions/A/AudioToolbox
0x0000000007aff000 	/System/Library/Frameworks/AudioUnit.framework/Versions/A/AudioUnit
0x0000000007aff000 	/System/Library/PrivateFrameworks/DataDetectorsCore.framework/Versions/A/DataDetectorsCore
0x0000000007aff000 	/System/Library/PrivateFrameworks/DesktopServicesPriv.framework/Versions/A/DesktopServicesPriv
0x0000000007aff000 	/System/Library/Frameworks/Carbon.framework/Versions/A/Frameworks/HIToolbox.framework/Versions/A/HIToolbox
0x0000000007aff000 	/System/Library/Frameworks/QuartzCore.framework/Versions/A/QuartzCore
0x0000000007aff000 	/System/Library/Frameworks/Carbon.framework/Versions/A/Frameworks/SpeechRecognition.framework/Versions/A/SpeechRecognition
0x0000000007aff000 	/usr/lib/libauto.dylib
0x0000000007aff000 	/usr/lib/libicucore.A.dylib
0x0000000007aff000 	/usr/lib/libxml2.2.dylib
0x0000000007aff000 	/System/Library/PrivateFrameworks/CoreUI.framework/Versions/A/CoreUI
0x0000000007aff000 	/System/Library/Frameworks/CoreAudio.framework/Versions/A/CoreAudio
0x0000000007aff000 	/System/Library/Frameworks/DiskArbitration.framework/Versions/A/DiskArbitration
0x0000000007aff000 	/usr/lib/liblangid.dylib
0x0000000007aff000 	/System/Library/PrivateFrameworks/MultitouchSupport.framework/Versions/A/MultitouchSupport
0x0000000007aff000 	/System/Library/Frameworks/IOKit.framework/Versions/A/IOKit
0x0000000007aff000 	/usr/lib/libDiagnosticMessagesClient.dylib
0x0000000007aff000 	/System/Library/Frameworks/CoreServices.framework/Versions/A/CoreServices
0x0000000007aff000 	/System/Library/PrivateFrameworks/PerformanceAnalysis.framework/Versions/A/PerformanceAnalysis
0x0000000007aff000 	/System/Library/PrivateFrameworks/GenerationalStorage.framework/Versions/A/GenerationalStorage
0x0000000007aff000 	/System/Library/Frameworks/OpenGL.framework/Versions/A/OpenGL
0x0000000007aff000 	/System/Library/PrivateFrameworks/Sharing.framework/Versions/A/Sharing
0x0000000007aff000 	/System/Library/Frameworks/CoreGraphics.framework/Versions/A/CoreGraphics
0x0000000007aff000 	/System/Library/Frameworks/CoreImage.framework/Versions/A/CoreImage
0x0000000007aff000 	/System/Library/Frameworks/CoreText.framework/Versions/A/CoreText
0x0000000007aff000 	/System/Library/Frameworks/ImageIO.framework/Versions/A/ImageIO
0x0000000007aff000 	/System/Library/PrivateFrameworks/Backup.framework/Versions/A/Backup
0x0000000007aff000 	/usr/lib/libextension.dylib
0x0000000007aff000 	/usr/lib/libarchive.2.dylib
0x0000000007aff000 	/System/Library/Frameworks/CFNetwork.framework/Versions/A/CFNetwork
0x0000000007aff000 	/System/Library/Frameworks/SystemConfiguration.framework/Versions/A/SystemConfiguration
0x0000000007aff000 	/usr/lib/libCRFSuite.dylib
0x0000000007aff000 	/usr/lib/libc++.1.dylib
0x0000000007aff000 	/usr/lib/libc++abi.dylib
0x0000000007aff000 	/usr/lib/system/libcache.dylib
0x0000000007aff000 	/usr/lib/system/libcommonCrypto.dylib
0x0000000007aff000 	/usr/lib/system/libcompiler_rt.dylib
0x0000000007aff000 	/usr/lib/system/libcopyfile.dylib
0x0000000007aff000 	/usr/lib/system/libcorecrypto.dylib
0x0000000007aff000 	/usr/lib/system/libdispatch.dylib
0x0000000007aff000 	/usr/lib/system/libdyld.dylib
0x0000000007aff000 	/usr/lib/system/libkeymgr.dylib
0x0000000007aff000 	/usr/lib/system/liblaunch.dylib
0x0000000007aff000 	/usr/lib/system/libmacho.dylib
0x0000000007aff000 	/usr/lib/system/libquarantine.dylib
0x0000000007aff000 	/usr/lib/system/libremovefile.dylib
0x0000000007aff000 	/usr/lib/system/libsystem_asl.dylib
0x0000000007aff000 	/usr/lib/system/libsystem_blocks.dylib
0x0000000007aff000 	/usr/lib/system/libsystem_c.dylib
0x0000000007aff000 	/usr/lib/system/libsystem_configuration.dylib
0x0000000007aff000 	/usr/lib/system/libsystem_coreservices.dylib
0x0000000007aff000 	/usr/lib/system/libsystem_coretls.dylib
0x0000000007aff000 	/usr/lib/system/libsystem_dnssd.dylib
0x0000000007aff000 	/usr/lib/system/libsystem_info.dylib
0x0000000007aff000 	/usr/lib/system/libsystem_kernel.dylib
0x0000000007aff000 	/usr/lib/system/libsystem_m.dylib
0x0000000007aff000 	/usr/lib/system/libsystem_malloc.dylib
0x0000000007aff000 	/usr/lib/system/libsystem_network.dylib
0x0000000007aff000 	/usr/lib/system/libsystem_networkextension.dylib
0x0000000007aff000 	/usr/lib/system/libsystem_notify.dylib
0x0000000007aff000 	/usr/lib/system/libsystem_platform.dylib
0x0000000007aff000 	/usr/lib/system/libsystem_pthread.dylib
0x0000000007aff000 	/usr/lib/system/libsystem_sandbox.dylib
0x0000000007aff000 	/usr/lib/system/libsystem_secinit.dylib
0x0000000007aff000 	/usr/lib/system/libsystem_trace.dylib
0x0000000007aff000 	/usr/lib/system/libunc.dylib
0x0000000007aff000 	/usr/lib/system/libunwind.dylib
0x0000000007aff000 	/usr/lib/system/libxpc.dylib
0x0000000007aff000 	/usr/lib/libenergytrace.dylib
0x0000000007aff000 	/usr/lib/libbsm.0.dylib
0x0000000007aff000 	/usr/lib/system/libkxld.dylib
0x0000000007aff000 	/usr/lib/libxar.1.dylib
0x0000000007aff000 	/usr/lib/libsqlite3.dylib
0x0000000007aff000 	/usr/lib/libpam.2.dylib
0x0000000007aff000 	/usr/lib/libOpenScriptingUtil.dylib
0x0000000007aff000 	/usr/lib/libbz2.1.0.dylib
0x0000000007aff000 	/usr/lib/liblzma.5.dylib
0x0000000007aff000 	/System/Library/Frameworks/CoreServices.framework/Versions/A/Frameworks/FSEvents.framework/Versions/A/FSEvents
0x0000000007aff000 	/System/Library/Frameworks/CoreServices.framework/Versions/A/Frameworks/CarbonCore.framework/Versions/A/CarbonCore
0x0000000007aff000 	/System/Library/Frameworks/CoreServices.framework/Versions/A/Frameworks/Metadata.framework/Versions/A/Metadata
0x0000000007aff000 	/System/Library/Frameworks/CoreServices.framework/Versions/A/Frameworks/OSServices.framework/Versions/A/OSServices
0x0000000007aff000 	/System/Library/Frameworks/CoreServices.framework/Versions/A/Frameworks/SearchKit.framework/Versions/A/SearchKit
0x0000000007aff000 	/System/Library/Frameworks/CoreServices.framework/Versions/A/Frameworks/AE.framework/Versions/A/AE
0x0000000007aff000 	/System/Library/Frameworks/CoreServices.framework/Versions/A/Frameworks/LaunchServices.framework/Versions/A/LaunchServices
0x0000000007aff000 	/System/Library/Frameworks/CoreServices.framework/Versions/A/Frameworks/DictionaryServices.framework/Versions/A/DictionaryServices
0x0000000007aff000 	/System/Library/Frameworks/CoreServices.framework/Versions/A/Frameworks/SharedFileList.framework/Versions/A/SharedFileList
0x0000000007aff000 	/System/Library/Frameworks/NetFS.framework/Versions/A/NetFS
0x0000000007aff000 	/System/Library/PrivateFrameworks/NetAuth.framework/Versions/A/NetAuth
0x0000000007aff000 	/System/Library/PrivateFrameworks/login.framework/Versions/A/Frameworks/loginsupport.framework/Versions/A/loginsupport
0x0000000007aff000 	/System/Library/PrivateFrameworks/TCC.framework/Versions/A/TCC
0x0000000007aff000 	/usr/lib/libmecabra.dylib
0x0000000007aff000 	/System/Library/Frameworks/ApplicationServices.framework/Versions/A/Frameworks/ATS.framework/Versions/A/ATS
0x0000000007aff000 	/System/Library/Frameworks/ApplicationServices.framework/Versions/A/Frameworks/ColorSync.framework/Versions/A/ColorSync
0x0000000007aff000 	/System/Library/Frameworks/ApplicationServices.framework/Versions/A/Frameworks/HIServices.framework/Versions/A/HIServices
0x0000000007aff000 	/System/Library/Frameworks/ApplicationServices.framework/Versions/A/Frameworks/LangAnalysis.framework/Versions/A/LangAnalysis
0x0000000007aff000 	/System/Library/Frameworks/ApplicationServices.framework/Versions/A/Frameworks/PrintCore.framework/Versions/A/PrintCore
0x0000000007aff000 	/System/Library/Frameworks/ApplicationServices.framework/Versions/A/Frameworks/QD.framework/Versions/A/QD
0x0000000007aff000 	/System/Library/Frameworks/ApplicationServices.framework/Versions/A/Frameworks/SpeechSynthesis.framework/Versions/A/SpeechSynthesis
0x0000000007aff000 	/System/Library/Frameworks/Metal.framework/Versions/A/Metal
0x0000000007aff000 	/System/Library/Frameworks/Accelerate.framework/Versions/A/Frameworks/vImage.framework/Versions/A/vImage
0x0000000007aff000 	/System/Library/Frameworks/Accelerate.framework/Versions/A/Frameworks/vecLib.framework/Versions/A/vecLib
0x0000000007aff000 	/System/Library/Frameworks/Accelerate.framework/Versions/A/Frameworks/vecLib.framework/Versions/A/libvDSP.dylib
0x0000000007aff000 	/System/Library/Frameworks/Accelerate.framework/Versions/A/Frameworks/vecLib.framework/Versions/A/libvMisc.dylib
0x0000000007aff000 	/System/Library/Frameworks/Accelerate.framework/Versions/A/Frameworks/vecLib.framework/Versions/A/libLAPACK.dylib
0x0000000007aff000 	/System/Library/Frameworks/Accelerate.framework/Versions/A/Frameworks/vecLib.framework/Versions/A/libBLAS.dylib
0x0000000007aff000 	/System/Library/Frameworks/Accelerate.framework/Versions/A/Frameworks/vecLib.framework/Versions/A/libLinearAlgebra.dylib
0x0000000007aff000 	/System/Library/Frameworks/Accelerate.framework/Versions/A/Frameworks/vecLib.framework/Versions/A/libSparseBLAS.dylib
0x0000000007aff000 	/System/Library/PrivateFrameworks/GPUCompiler.framework/libmetal_timestamp.dylib
0x0000000007aff000 	/System/Library/Frameworks/OpenGL.framework/Versions/A/Libraries/libCoreFSCache.dylib
0x0000000007aff000 	/System/Library/PrivateFrameworks/IOAccelerator.framework/Versions/A/IOAccelerator
0x0000000007aff000 	/System/Library/Frameworks/ApplicationServices.framework/Versions/A/Frameworks/ATS.framework/Versions/A/Resources/libFontParser.dylib
0x0000000007aff000 	/System/Library/Frameworks/ApplicationServices.framework/Versions/A/Frameworks/ATS.framework/Versions/A/Resources/libFontRegistry.dylib
0x0000000007aff000 	/System/Library/PrivateFrameworks/AppleVPA.framework/Versions/A/AppleVPA
0x0000000007aff000 	/System/Library/PrivateFrameworks/AppleJPEG.framework/Versions/A/AppleJPEG
0x0000000007aff000 	/System/Library/Frameworks/ImageIO.framework/Versions/A/Resources/libJPEG.dylib
0x0000000007aff000 	/System/Library/Frameworks/ImageIO.framework/Versions/A/Resources/libTIFF.dylib
0x0000000007aff000 	/System/Library/Frameworks/ImageIO.framework/Versions/A/Resources/libPng.dylib
0x0000000007aff000 	/System/Library/Frameworks/ImageIO.framework/Versions/A/Resources/libGIF.dylib
0x0000000007aff000 	/System/Library/Frameworks/ImageIO.framework/Versions/A/Resources/libJP2.dylib
0x0000000007aff000 	/System/Library/Frameworks/ImageIO.framework/Versions/A/Resources/libRadiance.dylib
0x0000000007aff000 	/System/Library/Frameworks/CoreVideo.framework/Versions/A/CoreVideo
0x0000000007aff000 	/System/Library/Frameworks/OpenGL.framework/Versions/A/Libraries/libGLU.dylib
0x0000000007aff000 	/System/Library/Frameworks/OpenGL.framework/Versions/A/Libraries/libGFXShared.dylib
0x0000000007aff000 	/System/Library/Frameworks/OpenGL.framework/Versions/A/Libraries/libGL.dylib
0x0000000007aff000 	/System/Library/Frameworks/OpenGL.framework/Versions/A/Libraries/libGLImage.dylib
0x0000000007aff000 	/System/Library/Frameworks/OpenGL.framework/Versions/A/Libraries/libCVMSPluginSupport.dylib
0x0000000007aff000 	/System/Library/Frameworks/OpenGL.framework/Versions/A/Libraries/libCoreVMClient.dylib
0x0000000007aff000 	/usr/lib/libcompression.dylib
0x0000000007aff000 	/usr/lib/libcups.2.dylib
0x0000000007aff000 	/System/Library/Frameworks/Kerberos.framework/Versions/A/Kerberos
0x0000000007aff000 	/System/Library/Frameworks/GSS.framework/Versions/A/GSS
0x0000000007aff000 	/usr/lib/libresolv.9.dylib
0x0000000007aff000 	/usr/lib/libiconv.2.dylib
0x0000000007aff000 	/System/Library/PrivateFrameworks/Heimdal.framework/Versions/A/Heimdal
0x0000000007aff000 	/usr/lib/libheimdal-asn1.dylib
0x0000000007aff000 	/System/Library/Frameworks/OpenDirectory.framework/Versions/A/OpenDirectory
0x0000000007aff000 	/System/Library/PrivateFrameworks/CommonAuth.framework/Versions/A/CommonAuth
0x0000000007aff000 	/System/Library/Frameworks/OpenDirectory.framework/Versions/A/Frameworks/CFOpenDirectory.framework/Versions/A/CFOpenDirectory
0x0000000007aff000 	/System/Library/Frameworks/SecurityFoundation.framework/Versions/A/SecurityFoundation
0x0000000007aff000 	/System/Library/PrivateFrameworks/LanguageModeling.framework/Versions/A/LanguageModeling
0x0000000007aff000 	/usr/lib/libmarisa.dylib
0x0000000007aff000 	/usr/lib/libChineseTokenizer.dylib
0x0000000007aff000 	/usr/lib/libcmph.dylib
0x0000000007aff000 	/System/Library/Frameworks/ServiceManagement.framework/Versions/A/ServiceManagement
0x0000000007aff000 	/usr/lib/libxslt.1.dylib
0x0000000007aff000 	/System/Library/Frameworks/Carbon.framework/Versions/A/Frameworks/Ink.framework/Versions/A/Ink
0x0000000007aff000 	/usr/lib/libFosl_dynamic.dylib
0x0000000007aff000 	/System/Library/PrivateFrameworks/FaceCore.framework/Versions/A/FaceCore
0x0000000007aff000 	/System/Library/Frameworks/OpenCL.framework/Versions/A/OpenCL
0x0000000007aff000 	/System/Library/PrivateFrameworks/CrashReporterSupport.framework/Versions/A/CrashReporterSupport
0x0000000007aff000 	/System/Library/PrivateFrameworks/IconServices.framework/Versions/A/IconServices
0x0000000007aff000 	/System/Library/PrivateFrameworks/Apple80211.framework/Versions/A/Apple80211
0x0000000007aff000 	/System/Library/Frameworks/CoreWLAN.framework/Versions/A/CoreWLAN
0x0000000007aff000 	/System/Library/Frameworks/IOBluetooth.framework/Versions/A/IOBluetooth
0x0000000007aff000 	/System/Library/PrivateFrameworks/CoreWiFi.framework/Versions/A/CoreWiFi
0x0000000007aff000 	/System/Library/Frameworks/CoreBluetooth.framework/Versions/A/CoreBluetooth
0x0000000007aff000 	/System/Library/PrivateFrameworks/ChunkingLibrary.framework/Versions/A/ChunkingLibrary
0x0000000007aff000 	/System/Library/PrivateFrameworks/DebugSymbols.framework/Versions/A/DebugSymbols
0x0000000007aff000 	/System/Library/PrivateFrameworks/CoreSymbolication.framework/Versions/A/CoreSymbolication
0x0000000007aff000 	/System/Library/PrivateFrameworks/Symbolication.framework/Versions/A/Symbolication
0x0000000007aff000 	/System/Library/PrivateFrameworks/SpeechRecognitionCore.framework/Versions/A/SpeechRecognitionCore
0x0000000048e34000 	/System/Library/CoreServices/Encodings/libKoreanConverter.dylib
0x000000010398b000 	/Library/Java/JavaVirtualMachines/jdk1.8.0_45.jdk/Contents/Home/jre/lib/server/libjvm.dylib
0x0000000007aff000 	/usr/lib/libstdc++.6.dylib
0x00000001048f4000 	/Library/Java/JavaVirtualMachines/jdk1.8.0_45.jdk/Contents/Home/jre/lib/libverify.dylib
0x0000000104902000 	/Library/Java/JavaVirtualMachines/jdk1.8.0_45.jdk/Contents/Home/jre/lib/libjava.dylib
0x0000000104941000 	/Library/Java/JavaVirtualMachines/jdk1.8.0_45.jdk/Contents/Home/jre/lib/libzip.dylib
0x000000011aab7000 	/System/Library/Frameworks/JavaVM.framework/Frameworks/JavaRuntimeSupport.framework/JavaRuntimeSupport
0x000000011aad2000 	/System/Library/Frameworks/JavaVM.framework/Versions/A/Frameworks/JavaNativeFoundation.framework/Versions/A/JavaNativeFoundation
0x000000011aae7000 	/System/Library/Frameworks/JavaVM.framework/Versions/A/JavaVM
0x0000000007aff000 	/System/Library/Frameworks/Carbon.framework/Versions/A/Carbon
0x000000011aaf4000 	/System/Library/PrivateFrameworks/JavaLaunching.framework/Versions/A/JavaLaunching
0x0000000007aff000 	/System/Library/Frameworks/Carbon.framework/Versions/A/Frameworks/CommonPanels.framework/Versions/A/CommonPanels
0x0000000007aff000 	/System/Library/Frameworks/Carbon.framework/Versions/A/Frameworks/Help.framework/Versions/A/Help
0x0000000007aff000 	/System/Library/Frameworks/Carbon.framework/Versions/A/Frameworks/ImageCapture.framework/Versions/A/ImageCapture
0x0000000007aff000 	/System/Library/Frameworks/Carbon.framework/Versions/A/Frameworks/OpenScripting.framework/Versions/A/OpenScripting
0x0000000007aff000 	/System/Library/Frameworks/Carbon.framework/Versions/A/Frameworks/Print.framework/Versions/A/Print
0x0000000007aff000 	/System/Library/Frameworks/Carbon.framework/Versions/A/Frameworks/SecurityHI.framework/Versions/A/SecurityHI
0x000000011c4ed000 	/Library/Java/JavaVirtualMachines/jdk1.8.0_45.jdk/Contents/Home/jre/lib/libprism_es2.dylib
0x0000000007aff000 	/System/Library/Frameworks/OpenGL.framework/Versions/A/Resources/GLEngine.bundle/GLEngine
0x0000000007aff000 	/System/Library/Frameworks/OpenGL.framework/Versions/A/Libraries/libGLProgrammability.dylib
0x000000011c56e000 	/System/Library/Extensions/AppleIntelBDWGraphicsGLDriver.bundle/Contents/MacOS/AppleIntelBDWGraphicsGLDriver
0x0000000007aff000 	/System/Library/PrivateFrameworks/GPUSupport.framework/Versions/A/Libraries/libGPUSupportMercury.dylib
0x0000000007aff000 	/System/Library/Frameworks/OpenGL.framework/Versions/A/Resources/GLRendererFloat.bundle/GLRendererFloat
0x0000000007aff000 	/System/Library/Frameworks/OpenCL.framework/Versions/A/Libraries/libcldcpuengine.dylib
0x0000000007aff000 	/System/Library/PrivateFrameworks/DiskImages.framework/Versions/A/DiskImages
0x0000000007aff000 	/System/Library/Frameworks/DiscRecording.framework/Versions/A/DiscRecording
0x0000000007aff000 	/usr/lib/libcsfde.dylib
0x0000000007aff000 	/usr/lib/libcurl.4.dylib
0x0000000007aff000 	/System/Library/PrivateFrameworks/MediaKit.framework/Versions/A/MediaKit
0x0000000007aff000 	/System/Library/PrivateFrameworks/ProtectedCloudStorage.framework/Versions/A/ProtectedCloudStorage
0x0000000007aff000 	/usr/lib/libCoreStorage.dylib
0x0000000007aff000 	/System/Library/PrivateFrameworks/EFILogin.framework/Versions/A/EFILogin
0x0000000007aff000 	/usr/lib/libutil.dylib
0x0000000007aff000 	/System/Library/PrivateFrameworks/FindMyDevice.framework/Versions/A/FindMyDevice
0x0000000007aff000 	/System/Library/Frameworks/LDAP.framework/Versions/A/LDAP
0x0000000007aff000 	/usr/lib/libsasl2.2.dylib
0x0000000007aff000 	/System/Library/PrivateFrameworks/CoreDaemon.framework/Versions/B/CoreDaemon
0x0000000007aff000 	/usr/lib/libcrypto.0.9.8.dylib
0x0000000007aff000 	/System/Library/PrivateFrameworks/AppleSRP.framework/Versions/A/AppleSRP
0x0000000007aff000 	/System/Library/PrivateFrameworks/TrustEvaluationAgent.framework/Versions/A/TrustEvaluationAgent
0x000000011d0a7000 	/Library/Java/JavaVirtualMachines/jdk1.8.0_45.jdk/Contents/Home/jre/lib/libglass.dylib
0x0000000007aff000 	/System/Library/PrivateFrameworks/CoreServicesInternal.framework/Versions/A/CoreServicesInternal
0x0000000007aff000 	/System/Library/CoreServices/RawCamera.bundle/Contents/MacOS/RawCamera
0x0000000007aff000 	/System/Library/Frameworks/CoreGraphics.framework/Versions/A/Resources/libRIP.A.dylib
0x0000000007aff000 	/System/Library/Frameworks/Accelerate.framework/Versions/A/Frameworks/vImage.framework/Versions/A/Libraries/libCGInterfaces.dylib
0x0000000007aff000 	/System/Library/PrivateFrameworks/FamilyControls.framework/Versions/A/FamilyControls
0x0000000007aff000 	/System/Library/PrivateFrameworks/CommerceKit.framework/Versions/A/Frameworks/CommerceCore.framework/Versions/A/CommerceCore
0x0000000007aff000 	/System/Library/PrivateFrameworks/SystemAdministration.framework/Versions/A/SystemAdministration
0x0000000007aff000 	/System/Library/PrivateFrameworks/AppContainer.framework/Versions/A/AppContainer
0x0000000007aff000 	/System/Library/PrivateFrameworks/SecCodeWrapper.framework/Versions/A/SecCodeWrapper
0x0000000007aff000 	/System/Library/Frameworks/DirectoryService.framework/Versions/A/DirectoryService
0x0000000007aff000 	/System/Library/PrivateFrameworks/LoginUIKit.framework/Versions/A/Frameworks/LoginUICore.framework/Versions/A/LoginUICore
0x0000000007aff000 	/usr/lib/libodfde.dylib
0x000000011ffc6000 	/Library/Java/JavaVirtualMachines/jdk1.8.0_45.jdk/Contents/Home/jre/lib/libjavafx_font.dylib
0x0000000007aff000 	/System/Library/Frameworks/CoreGraphics.framework/Versions/A/Resources/libCGXType.A.dylib
0x000000012046e000 	/Library/Java/JavaVirtualMachines/jdk1.8.0_45.jdk/Contents/Home/jre/lib/libawt.dylib
0x0000000120516000 	/Library/Java/JavaVirtualMachines/jdk1.8.0_45.jdk/Contents/Home/jre/lib/./libmlib_image.dylib
0x00000001205e2000 	/Library/Java/JavaVirtualMachines/jdk1.8.0_45.jdk/Contents/Home/jre/lib/libawt_lwawt.dylib
0x0000000120696000 	/Library/Java/JavaVirtualMachines/jdk1.8.0_45.jdk/Contents/Home/jre/lib/./libosxapp.dylib
0x0000000007aff000 	/System/Library/Frameworks/ExceptionHandling.framework/Versions/A/ExceptionHandling
0x00000001206b7000 	/Library/Java/JavaVirtualMachines/jdk1.8.0_45.jdk/Contents/Home/jre/lib/libfontmanager.dylib
0x000000012071e000 	/Library/Java/JavaVirtualMachines/jdk1.8.0_45.jdk/Contents/Home/jre/lib/libjavafx_iio.dylib
0x0000000120756000 	/Library/Java/JavaVirtualMachines/jdk1.8.0_45.jdk/Contents/Home/jre/lib/libosxui.dylib
0x00000001254dc000 	cl_kernels
0x0000000007aff000 	/System/Library/Frameworks/OpenCL.framework/Versions/A/Libraries/ImageFormats/unorm8_bgra.dylib
0x0000000007aff000 	/System/Library/Frameworks/OpenCL.framework/Versions/A/Libraries/ImageFormats/unorm8_rgba.dylib
0x0000000126320000 	/Library/Java/JavaVirtualMachines/jdk1.8.0_45.jdk/Contents/Home/jre/lib/libprism_common.dylib
0x0000000128407000 	/System/Library/Extensions/AppleIntelBDWGraphicsMTLDriver.bundle/Contents/MacOS/AppleIntelBDWGraphicsMTLDriver
0x0000000128f43000 	/Library/Java/JavaVirtualMachines/jdk1.8.0_45.jdk/Contents/Home/jre/lib/libnet.dylib
0x0000000128f5a000 	/Library/Java/JavaVirtualMachines/jdk1.8.0_45.jdk/Contents/Home/jre/lib/libnio.dylib
0x000000011e016000 	/System/Library/Frameworks/Security.framework/PlugIns/csparser.bundle/Contents/MacOS/csparser
0x0000000007aff000 	/System/Library/PrivateFrameworks/FinderKit.framework/Versions/A/FinderKit
0x0000000007aff000 	/System/Library/Frameworks/Quartz.framework/Versions/A/Frameworks/QuickLookUI.framework/Versions/A/QuickLookUI
0x0000000007aff000 	/System/Library/Frameworks/Quartz.framework/Versions/A/Frameworks/ImageKit.framework/Versions/A/ImageKit
0x0000000007aff000 	/System/Library/PrivateFrameworks/Bom.framework/Versions/A/Bom
0x0000000007aff000 	/System/Library/Frameworks/QuickLook.framework/Versions/A/QuickLook
0x0000000007aff000 	/System/Library/PrivateFrameworks/Suggestions.framework/Versions/A/Suggestions
0x0000000007aff000 	/System/Library/PrivateFrameworks/AppleSystemInfo.framework/Versions/A/AppleSystemInfo
0x0000000007aff000 	/System/Library/Frameworks/ImageCaptureCore.framework/Versions/A/ImageCaptureCore
0x0000000007aff000 	/System/Library/PrivateFrameworks/SafariServices.framework/Versions/A/SafariServices
0x0000000007aff000 	/usr/lib/libspindump.dylib
0x0000000007aff000 	/System/Library/Frameworks/QTKit.framework/Versions/A/QTKit
0x0000000007aff000 	/System/Library/Frameworks/AVFoundation.framework/Versions/A/AVFoundation
0x0000000007aff000 	/System/Library/Frameworks/CoreMedia.framework/Versions/A/CoreMedia
0x0000000007aff000 	/System/Library/Frameworks/MediaToolbox.framework/Versions/A/MediaToolbox
0x0000000007aff000 	/System/Library/Frameworks/VideoToolbox.framework/Versions/A/VideoToolbox
0x0000000007aff000 	/System/Library/PrivateFrameworks/CoreMediaAuthoring.framework/Versions/A/CoreMediaAuthoring
0x0000000007aff000 	/System/Library/Frameworks/CoreMediaIO.framework/Versions/A/CoreMediaIO
0x0000000007aff000 	/System/Library/Frameworks/AVFoundation.framework/Versions/A/Resources/libAVFAudio.dylib
0x0000000007aff000 	/System/Library/PrivateFrameworks/CoreAVCHD.framework/Versions/A/CoreAVCHD
0x0000000007aff000 	/System/Library/Frameworks/MediaAccessibility.framework/Versions/A/MediaAccessibility
0x0000000007aff000 	/System/Library/PrivateFrameworks/Mangrove.framework/Versions/A/Mangrove
0x0000000007aff000 	/System/Library/PrivateFrameworks/CoreAUC.framework/Versions/A/CoreAUC
0x0000000007aff000 	/System/Library/PrivateFrameworks/AppleVA.framework/Versions/A/AppleVA
0x0000000007aff000 	/System/Library/PrivateFrameworks/XPCService.framework/Versions/A/XPCService
0x0000000007aff000 	/System/Library/PrivateFrameworks/AppSandbox.framework/Versions/A/AppSandbox
0x0000000007aff000 	/usr/lib/libsandbox.1.dylib
0x0000000007aff000 	/usr/lib/libMatch.1.dylib
0x0000000007aff000 	/System/Library/PrivateFrameworks/DisplayServices.framework/Versions/A/DisplayServices
0x0000000007aff000 	/System/Library/Frameworks/Quartz.framework/Versions/A/Frameworks/PDFKit.framework/Versions/A/PDFKit
0x0000000007aff000 	/System/Library/Frameworks/Quartz.framework/Versions/A/Frameworks/QuartzComposer.framework/Versions/A/QuartzComposer
0x0000000007aff000 	/System/Library/Frameworks/Quartz.framework/Versions/A/Frameworks/QuartzFilters.framework/Versions/A/QuartzFilters
0x0000000007aff000 	/System/Library/PrivateFrameworks/CorePDF.framework/Versions/A/CorePDF
0x0000000007aff000 	/System/Library/Frameworks/JavaScriptCore.framework/Versions/A/JavaScriptCore
0x0000000007aff000 	/System/Library/PrivateFrameworks/AppleFSCompression.framework/Versions/A/AppleFSCompression
0x0000000007aff000 	/System/Library/Frameworks/AddressBook.framework/Versions/A/AddressBook
0x0000000007aff000 	/System/Library/PrivateFrameworks/ContactsPersistence.framework/Versions/A/ContactsPersistence
0x0000000007aff000 	/System/Library/PrivateFrameworks/ContactsFoundation.framework/Versions/A/ContactsFoundation
0x0000000007aff000 	/System/Library/PrivateFrameworks/vCard.framework/Versions/A/vCard
0x0000000007aff000 	/System/Library/PrivateFrameworks/IntlPreferences.framework/Versions/A/IntlPreferences
0x0000000007aff000 	/System/Library/PrivateFrameworks/ToneLibrary.framework/Versions/A/ToneLibrary
0x0000000007aff000 	/System/Library/PrivateFrameworks/ToneKit.framework/Versions/A/ToneKit
0x0000000007aff000 	/System/Library/PrivateFrameworks/ApplePushService.framework/Versions/A/ApplePushService
0x0000000007aff000 	/System/Library/Frameworks/SecurityInterface.framework/Versions/A/SecurityInterface
0x0000000007aff000 	/System/Library/PrivateFrameworks/PhoneNumbers.framework/Versions/A/PhoneNumbers
0x0000000007aff000 	/System/Library/PrivateFrameworks/ViewBridge.framework/Versions/A/ViewBridge
0x0000000007aff000 	/System/Library/Frameworks/Quartz.framework/Versions/A/Quartz
0x0000000007aff000 	/System/Library/PrivateFrameworks/CloudDocs.framework/Versions/A/CloudDocs
0x0000000007aff000 	/System/Library/PrivateFrameworks/CoreDuet.framework/Versions/A/CoreDuet
0x0000000007aff000 	/System/Library/Frameworks/CloudKit.framework/Versions/A/CloudKit
0x0000000007aff000 	/System/Library/PrivateFrameworks/ProtocolBuffer.framework/Versions/A/ProtocolBuffer
0x0000000007aff000 	/System/Library/PrivateFrameworks/CoreDuetDaemonProtocol.framework/Versions/A/CoreDuetDaemonProtocol
0x0000000007aff000 	/System/Library/PrivateFrameworks/CoreDuetDebugLogging.framework/Versions/A/CoreDuetDebugLogging
0x0000000007aff000 	/System/Library/PrivateFrameworks/MMCS.framework/Versions/A/MMCS
0x0000000007aff000 	/System/Library/Frameworks/CoreLocation.framework/Versions/A/CoreLocation
0x0000000007aff000 	/System/Library/PrivateFrameworks/AssetCacheServices.framework/Versions/A/AssetCacheServices
0x0000000007aff000 	/System/Library/PrivateFrameworks/GeoServices.framework/Versions/A/GeoServices
0x0000000007aff000 	/System/Library/PrivateFrameworks/PlugInKit.framework/Versions/A/PlugInKit
0x0000000007aff000 	/System/Library/PrivateFrameworks/NetFSServer.framework/Versions/A/NetFSServer
0x0000000007aff000 	/System/Library/PrivateFrameworks/CacheDelete.framework/Versions/A/CacheDelete
0x0000000137981000 	/System/Library/Frameworks/Quartz.framework/Versions/A/Frameworks/QuickLookUI.framework/Versions/A/PlugIns/Text.qldisplay/Contents/MacOS/Text
0x0000000007aff000 	/System/Library/Frameworks/ApplicationServices.framework/Versions/A/Frameworks/ATS.framework/Versions/A/Resources/libTrueTypeScaler.dylib

VM Arguments:
jvm_args: -Dfile.encoding=UTF-8 
java_command: application.CodeScatchFX
java_class_path (initial): /Users/newmacpro/Documents/workspace/codeScatch/bin:/Applications/Eclipse.app/Contents/Eclipse/plugins/org.eclipse.fx.ide.css.jfx8_2.3.0.201603030809.jar:/Users/newmacpro/Documents/workspace/codeScatch/libs/antlr-4.5.3/antlr-4.5.3-complete.jar:/Users/newmacpro/Documents/workspace/codeScatch/libs/jfxtras/jfxtras-common-8.0-r5-SNAPSHOT.jar:/Users/newmacpro/Documents/workspace/codeScatch/libs/jfxtras/jfxtras-controls-8.0-r5-SNAPSHOT.jar:/Users/newmacpro/Documents/workspace/codeScatch/libs/jfxtras/jfxtras-fxml-8.0-r5-SNAPSHOT.jar:/Users/newmacpro/Documents/workspace/codeScatch/libs/jfxtras/jfxtras-labs-8.0-r5-20160515.080214-228.jar:/Users/newmacpro/Documents/workspace/codeScatch/libs/jfxtras/jfxtras-menu-8.0-r5-SNAPSHOT.jar:/Users/newmacpro/Documents/workspace/codeScatch/libs/jfxtras/jfxtras-window-8.0-r5-SNAPSHOT.jar:/Users/newmacpro/Documents/workspace/codeScatch/libs/jvxfx-1.0/jvxfx-1.0.jar:/Users/newmacpro/Documents/workspace/codeScatch/libs/miglayout-5.1/miglayout-core-5.1-20160416.220029-387.jar:/Users/newmacpro/Documents/workspace/codeScatch/libs/miglayout-5.1/miglayout-swing-5.1-20160419.220020-390.jar:/Users/newmacpro/Documents/workspace/codeScatch/libs/rsyntaxtextarea-2.5.7/rsyntaxtextarea-2.5.7.jar
Launcher Type: SUN_STANDARD

Environment Variables:
PATH=/usr/bin:/bin:/usr/sbin:/sbin
SHELL=/bin/bash
DISPLAY=/private/tmp/com.apple.launchd.KWZYzDcXsP/org.macosforge.xquartz:0

Signal Handlers:
SIGSEGV: [libjvm.dylib+0x58ef95], sa_mask[0]=11111111011111110111111111111111, sa_flags=SA_ONSTACK|SA_RESTART|SA_SIGINFO
SIGBUS: [libjvm.dylib+0x58ef95], sa_mask[0]=11111111011111110111111111111111, sa_flags=SA_RESTART|SA_SIGINFO
SIGFPE: [libjvm.dylib+0x46c108], sa_mask[0]=11111111011111110111111111111111, sa_flags=SA_RESTART|SA_SIGINFO
SIGPIPE: [libjvm.dylib+0x46c108], sa_mask[0]=11111111011111110111111111111111, sa_flags=SA_RESTART|SA_SIGINFO
SIGXFSZ: [libjvm.dylib+0x46c108], sa_mask[0]=11111111011111110111111111111111, sa_flags=SA_RESTART|SA_SIGINFO
SIGILL: [libjvm.dylib+0x46c108], sa_mask[0]=11111111011111110111111111111111, sa_flags=SA_RESTART|SA_SIGINFO
SIGUSR1: SIG_DFL, sa_mask[0]=00000000000000000000000000000000, sa_flags=none
SIGUSR2: [libjvm.dylib+0x46bc26], sa_mask[0]=00100000000000000000000000000000, sa_flags=SA_RESTART|SA_SIGINFO
SIGHUP: [libjvm.dylib+0x46a1f9], sa_mask[0]=11111111011111110111111111111111, sa_flags=SA_RESTART|SA_SIGINFO
SIGINT: [libjvm.dylib+0x46a1f9], sa_mask[0]=11111111011111110111111111111111, sa_flags=SA_RESTART|SA_SIGINFO
SIGTERM: [libjvm.dylib+0x46a1f9], sa_mask[0]=11111111011111110111111111111111, sa_flags=SA_RESTART|SA_SIGINFO
SIGQUIT: [libjvm.dylib+0x46a1f9], sa_mask[0]=11111111011111110111111111111111, sa_flags=SA_RESTART|SA_SIGINFO


---------------  S Y S T E M  ---------------

OS:Bsduname:Darwin 15.5.0 Darwin Kernel Version 15.5.0: Tue Apr 19 18:36:36 PDT 2016; root:xnu-3248.50.21~8/RELEASE_X86_64 x86_64
rlimit: STACK 8192k, CORE 0k, NPROC 709, NOFILE 10240, AS infinity
load average:2.35 2.01 1.99

CPU:total 4 (2 cores per cpu, 2 threads per core) family 6 model 61 stepping 4, cmov, cx8, fxsr, mmx, sse, sse2, sse3, ssse3, sse4.1, sse4.2, popcnt, avx, avx2, aes, clmul, erms, 3dnowpref, lzcnt, ht, tsc, tscinvbit, bmi1, bmi2, adx

Memory: 4k page, physical 8388608k(594228k free)

/proc/meminfo:


vm_info: Java HotSpot(TM) 64-Bit Server VM (25.45-b02) for bsd-amd64 JRE (1.8.0_45-b14), built on Apr 10 2015 10:46:38 by "java_re" with gcc 4.2.1 (Based on Apple Inc. build 5658) (LLVM build 2336.11.00)

time: Tue Jun  7 14:47:51 2016
elapsed time: 75 seconds (0d 0h 1m 15s)

