#
# A fatal error has been detected by the Java Runtime Environment:
#
#  SIGSEGV (0xb) at pc=0x00007fff9a11bfbd, pid=10322, tid=2571
#
# JRE version: Java(TM) SE Runtime Environment (8.0_45-b14) (build 1.8.0_45-b14)
# Java VM: Java HotSpot(TM) 64-Bit Server VM (25.45-b02 mixed mode bsd-amd64 compressed oops)
# Problematic frame:
# C  [libsystem_platform.dylib+0x4fbd]  _platform_memmove$VARIANT$Haswell+0x9d
#
# Failed to write core dump. Core dumps have been disabled. To enable core dumping, try "ulimit -c unlimited" before starting Java again
#
# If you would like to submit a bug report, please visit:
#   http://bugreport.java.com/bugreport/crash.jsp
#

---------------  T H R E A D  ---------------

Current thread is native thread

siginfo: si_signo: 11 (SIGSEGV), si_code: 0 (unknown), si_addr: 0x0000000000000000

Registers:
RAX=0x00007fff54e11f70, RBX=0x00007fff54e11f70, RCX=0x0000000000000000, RDX=0x0000000000000000
RSP=0x00007fff54e11ee0, RBP=0x00007fff54e11ee0, RSI=0x00087f8127e46fc0, RDI=0x00007fff54e11f70
R8 =0x0000000000000000, R9 =0x0000000000000000, R10=0x00007f8123abac00, R11=0xfff8007e2cfcafb0
R12=0x00087f8127e46fc0, R13=0x00007f81278a46b0, R14=0x0000000000000001, R15=0x00007fff54e11f70
RIP=0x00007fff9a11bfbd, EFLAGS=0x0000000000010246, ERR=0x0000000000000000
  TRAPNO=0x000000000000000d

Top of Stack: (sp=0x00007fff54e11ee0)
0x00007fff54e11ee0:   00007fff54e11f00 00007fff9b6763b4
0x00007fff54e11ef0:   0000000000000028 0000000000000001
0x00007fff54e11f00:   00007fff54e11f60 00007fff8a1fa6b3
0x00007fff54e11f10:   0000000000000000 0000000000000000
0x00007fff54e11f20:   000000003f000000 0000000000000000
0x00007fff54e11f30:   00007fff54e11f70 0000000000000000
0x00007fff54e11f40:   0000000000000001 0000000000000008
0x00007fff54e11f50:   00007fff54e11f70 00007f81278a46b0
0x00007fff54e11f60:   00007fff54e11fd0 00007fff8a200974
0x00007fff54e11f70:   0000000000000000 00007fff8a2008cb
0x00007fff54e11f80:   bfe0000000000000 00007f8122d08600
0x00007fff54e11f90:   00000000278a46b0 0000000000000000
0x00007fff54e11fa0:   4c0004b3309af872 00007f81255dc7d0
0x00007fff54e11fb0:   00007f8122f0f620 0000000000000000
0x00007fff54e11fc0:   00007fff9b66e4c0 00007f8122c3b9f0
0x00007fff54e11fd0:   00007fff54e122a0 00007fff9425c884
0x00007fff54e11fe0:   0000000000000000 0000000000000000
0x00007fff54e11ff0:   0000000000000000 00007f81255dc7d0
0x00007fff54e12000:   0000000000000000 0000000000000000
0x00007fff54e12010:   0000000000000000 0000000000000000
0x00007fff54e12020:   0000000000000000 0000000000000000
0x00007fff54e12030:   0000000000000000 0000000000000000
0x00007fff54e12040:   0000000000000000 0000000000000000
0x00007fff54e12050:   0000000000000000 0000000000000000
0x00007fff54e12060:   0000000000000000 0000000000000000
0x00007fff54e12070:   0000000000000000 0000000000000000
0x00007fff54e12080:   0000000000000000 0000000000000000
0x00007fff54e12090:   0000000000000000 0000000000000000
0x00007fff54e120a0:   0000000000000000 0000000000000000
0x00007fff54e120b0:   0000000000000000 0000000000000000
0x00007fff54e120c0:   0000000000000000 0000000000000000
0x00007fff54e120d0:   0000000000000000 0000000000000000 

Instructions: (pc=0x00007fff9a11bfbd)
0x00007fff9a11bf9d:   20 48 83 ea 20 c5 f8 77 48 83 c2 10 7e 06 0f 10
0x00007fff9a11bfad:   1e 0f 11 1f 0f 11 24 17 5d c3 48 83 ea 08 72 10
0x00007fff9a11bfbd:   48 8b 0e 4c 8b 04 16 48 89 0f 4c 89 04 17 5d c3
0x00007fff9a11bfcd:   48 83 c2 08 74 25 4d 31 c0 42 8a 0c 06 42 88 0c 

Register to memory mapping:

RAX=0x00007fff54e11f70 is an unknown value
RBX=0x00007fff54e11f70 is an unknown value
RCX=0x0000000000000000 is an unknown value
RDX=0x0000000000000000 is an unknown value
RSP=0x00007fff54e11ee0 is an unknown value
RBP=0x00007fff54e11ee0 is an unknown value
RSI=0x00087f8127e46fc0 is an unknown value
RDI=0x00007fff54e11f70 is an unknown value
R8 =0x0000000000000000 is an unknown value
R9 =0x0000000000000000 is an unknown value
R10=0x00007f8123abac00 is an unknown value
R11=0xfff8007e2cfcafb0 is an unknown value
R12=0x00087f8127e46fc0 is an unknown value
R13=0x00007f81278a46b0 is an unknown value
R14=0x0000000000000001 is an unknown value
R15=0x00007fff54e11f70 is an unknown value


Stack: [0x00007fff54615000,0x00007fff54e15000],  sp=0x00007fff54e11ee0,  free space=8179k
Native frames: (J=compiled Java code, j=interpreted, Vv=VM code, C=native code)
C  [libsystem_platform.dylib+0x4fbd]  _platform_memmove$VARIANT$Haswell+0x9d
C  [libobjc.A.dylib+0x93b4]  objc_memmove_collectable+0xe
