#
# A fatal error has been detected by the Java Runtime Environment:
#
#  SIGSEGV (0xb) at pc=0x0000000127c45511, pid=6695, tid=2571
#
# JRE version: Java(TM) SE Runtime Environment (8.0_45-b14) (build 1.8.0_45-b14)
# Java VM: Java HotSpot(TM) 64-Bit Server VM (25.45-b02 mixed mode bsd-amd64 compressed oops)
# Problematic frame:
# C  [libglass.dylib+0x15511]  GlassScreenDidChangeScreenParameters+0x21
#
# Failed to write core dump. Core dumps have been disabled. To enable core dumping, try "ulimit -c unlimited" before starting Java again
#
# If you would like to submit a bug report, please visit:
#   http://bugreport.java.com/bugreport/crash.jsp
#

---------------  T H R E A D  ---------------

Current thread is native thread

siginfo: si_signo: 11 (SIGSEGV), si_code: 1 (SEGV_MAPERR), si_addr: 0x0000000000000000

Registers:
RAX=0x0000000127c77ac8, RBX=0x0000000000000000, RCX=0x0000000000000103, RDX=0x0000010000000100
RSP=0x00007fff5198b6f0, RBP=0x00007fff5198b700, RSI=0x00007ff8ba70ae90, RDI=0x0000000000000000
R8 =0x0000000000000040, R9 =0x00007fff7951a1e0, R10=0xffffffffffffffff, R11=0x0000000000000246
R12=0x00007ff8bcf0f2c0, R13=0x00007ff8ba672a10, R14=0x00007ff8ba672ad0, R15=0x0000000000000000
RIP=0x0000000127c45511, EFLAGS=0x0000000000010246, ERR=0x0000000000000004
  TRAPNO=0x000000000000000e

Top of Stack: (sp=0x00007fff5198b6f0)
0x00007fff5198b6f0:   00007fff5198b748 00007ff8ba672ad0
0x00007fff5198b700:   00007fff5198b710 00007fff8a25cbbc
0x00007fff5198b710:   00007fff5198b730 00007fff8a25cb4f
0x00007fff5198b720:   0000000000000000 0000000000000000
0x00007fff5198b730:   00007fff5198b7a0 00007fff8a25cac7
0x00007fff5198b740:   00007fff5198b770 00007fff7b8460a0
0x00007fff5198b750:   0000000042000000 00007fff8a25cb10
0x00007fff5198b760:   00007fff77dd2720 00007ff8ba672a10
0x00007fff5198b770:   00007ff8bcf0f2c0 00007fff5198bf48
0x00007fff5198b780:   00007fff77eff780 00007fff5198bf48
0x00007fff5198b790:   00007ff8ba672a10 00007fff8a61c9e2
0x00007fff5198b7a0:   00007fff5198b7e0 00007fff8a25c832
0x00007fff5198b7b0:   00007fff5198bdc0 0000000000000000
0x00007fff5198b7c0:   00007fff77eff780 00007fff5198bf48
0x00007fff5198b7d0:   00007fff9b66e4c0 00007fff8a61c9e2
0x00007fff5198b7e0:   00007fff5198bef0 00007fff8a2195e2
0x00007fff5198b7f0:   0000000000000001 00007fff5198b870
0x00007fff5198b800:   00007ff8bf0bb210 00007ff8ba515470
0x00007fff5198b810:   00007ff8ba8040c0 00007ff8ba5585b0
0x00007fff5198b820:   0000000000000000 00007ff8ba672b30
0x00007fff5198b830:   0000000000000000 00007ff8ba797d10
0x00007fff5198b840:   00007fff77e0fbc0 00007fff5198bdc0
0x00007fff5198b850:   0000000000000003 0000000000000100
0x00007fff5198b860:   4093000000000000 00007fff5198bcc0
0x00007fff5198b870:   0000000000000000 0000000000000100
0x00007fff5198b880:   4094000000000000 00007fff77eff780
0x00007fff5198b890:   0000000000000000 00007fff77dd3500
0x00007fff5198b8a0:   00007fff77eff780 0000000000000000
0x00007fff5198b8b0:   00007fff77dd3500 4010000000000000
0x00007fff5198b8c0:   4040000000000000 0000000000000000
0x00007fff5198b8d0:   4093000000000000 4010000000000000
0x00007fff5198b8e0:   ffffffffffffffff 00007ff8bf0bb220 

Instructions: (pc=0x0000000127c45511)
0x0000000127c454f1:   48 89 e5 41 56 53 48 8d 05 c2 26 03 00 48 83 38
0x0000000127c45501:   00 48 89 fb 75 72 48 8d 05 ba 25 03 00 48 8b 30
0x0000000127c45511:   48 8b 03 48 8d 15 6c 9a 01 00 48 8d 0d 86 6f 01
0x0000000127c45521:   00 48 89 df ff 90 88 03 00 00 48 8d 0d 8e 26 03 

Register to memory mapping:

RAX=0x0000000127c77ac8: jScreenClass+0 in /Library/Java/JavaVirtualMachines/jdk1.8.0_45.jdk/Contents/Home/jre/lib/libglass.dylib at 0x0000000127c30000
RBX=0x0000000000000000 is an unknown value
RCX=0x0000000000000103 is an unknown value
RDX=0x0000010000000100 is an unknown value
RSP=0x00007fff5198b6f0 is an unknown value
RBP=0x00007fff5198b700 is an unknown value
RSI=0x00007ff8ba70ae90 is a global jni handle
RDI=0x0000000000000000 is an unknown value
R8 =0x0000000000000040 is an unknown value
R9 =0x00007fff7951a1e0: __sFX+0x1c0 in /usr/lib/system/libsystem_c.dylib at 0x00007fff90b9f000
R10=0xffffffffffffffff is an unknown value
R11=0x0000000000000246 is an unknown value
R12=0x00007ff8bcf0f2c0 is an unknown value
R13=0x00007ff8ba672a10 is an unknown value
R14=0x00007ff8ba672ad0 is an unknown value
R15=0x0000000000000000 is an unknown value


Stack: [0x00007fff5118f000,0x00007fff5198f000],  sp=0x00007fff5198b6f0,  free space=8177k
Native frames: (J=compiled Java code, j=interpreted, Vv=VM code, C=native code)
C  [libglass.dylib+0x15511]  GlassScreenDidChangeScreenParameters+0x21
C  [CoreFoundation+0xa0bbc]  __CFNOTIFICATIONCENTER_IS_CALLING_OUT_TO_AN_OBSERVER__+0xc
C  [CoreFoundation+0xa0b4f]  ___CFXRegistrationPost_block_invoke+0x3f
C  [CoreFoundation+0xa0ac7]  _CFXRegistrationPost+0x197
C  [CoreFoundation+0xa0832]  ___CFXNotificationPost_block_invoke+0x32
C  [CoreFoundation+0x5d5e2]  -[_CFXNotificationRegistrar find:object:observer:enumerator:]+0x782
C  [CoreFoundation+0x5c835]  _CFXNotificationPost+0x2b5
C  [Foundation+0x717a]  -[NSNotificationCenter postNotificationName:object:userInfo:]+0x42
C  [AppKit+0x41c08b]  -[NSApplication _reactToScreenInvalidationImmediately:]+0x17f
C  [AppKit+0x41bedc]  __44-[NSApplication _reactToScreenInvalidation:]_block_invoke+0x3b
C  [CoreFoundation+0xaa4ac]  __CFRUNLOOP_IS_CALLING_OUT_TO_A_BLOCK__+0xc
C  [CoreFoundation+0x89d05]  __CFRunLoopDoBlocks+0x155
C  [CoreFoundation+0x89a6b]  __CFRunLoopRun+0x92b
C  [CoreFoundation+0x88ed8]  CFRunLoopRunSpecific+0x128
C  [java+0x6490]  CreateExecutionEnvironment+0x367
C  [java+0x221c]  JLI_Launch+0x7a0
C  [java+0x84ed]  main+0x65
C  [java+0x1a74]  start+0x34


---------------  P R O C E S S  ---------------

VM state:not at safepoint (normal execution)

VM Mutex/Monitor currently owned by a thread: None

Heap:
 PSYoungGen      total 38400K, used 32835K [0x0000000795580000, 0x0000000798980000, 0x00000007c0000000)
  eden space 33280K, 83% used [0x0000000795580000,0x00000007970937b8,0x0000000797600000)
  from space 5120K, 99% used [0x0000000797600000,0x0000000797afd6d0,0x0000000797b00000)
  to   space 5120K, 0% used [0x0000000798480000,0x0000000798480000,0x0000000798980000)
 ParOldGen       total 69120K, used 16841K [0x0000000740000000, 0x0000000744380000, 0x0000000795580000)
  object space 69120K, 24% used [0x0000000740000000,0x00000007410725f8,0x0000000744380000)
 Metaspace       used 28273K, capacity 29632K, committed 29696K, reserved 1075200K
  class space    used 4028K, capacity 4322K, committed 4352K, reserved 1048576K

Card table byte_map: [0x000000011f129000,0x000000011f52a000] byte_map_base: 0x000000011b729000

Marking Bits: (ParMarkBitMap*) 0x000000010f6c27a0
 Begin Bits: [0x000000011f7d5000, 0x00000001217d5000)
 End Bits:   [0x00000001217d5000, 0x00000001237d5000)

Polling page: 0x000000010e55b000

CodeCache: size=245760Kb used=13581Kb max_used=13999Kb free=232178Kb
 bounds [0x000000010fd69000, 0x0000000110b29000, 0x000000011ed69000]
 total_blobs=5304 nmethods=4434 adapters=782
 compilation: enabled

Compilation events (10 events):
Event: 103.594 Thread 0x00007ff8bb866800 4640       3       java.lang.invoke.MethodHandles$Lookup::checkMethodName (43 bytes)
Event: 103.595 Thread 0x00007ff8bb866800 nmethod 4640 0x000000010ff00710 code [0x000000010ff00900, 0x000000010ff01308]
Event: 123.282 Thread 0x00007ff8bb866800 4641       1       sun.java2d.pipe.RenderBuffer::position (11 bytes)
Event: 123.282 Thread 0x00007ff8bb866800 nmethod 4641 0x0000000110013550 code [0x00000001100136a0, 0x00000001100137b0]
Event: 379.321 Thread 0x00007ff8ba808000 4642       4       java.util.concurrent.locks.ReentrantLock$Sync::nonfairTryAcquire (67 bytes)
Event: 379.323 Thread 0x00007ff8ba808000 nmethod 4642 0x0000000110128d50 code [0x0000000110128ea0, 0x0000000110128f98]
Event: 418.823 Thread 0x00007ff8bb865800 4643       4       sun.java2d.pipe.RenderQueue::unlock (4 bytes)
Event: 418.826 Thread 0x00007ff8bb865800 nmethod 4643 0x000000010fe93fd0 code [0x000000010fe94140, 0x000000010fe942c8]
Event: 556.830 Thread 0x00007ff8bb865800 4644       4       sun.java2d.pipe.RenderQueue::tryLock (4 bytes)
Event: 556.831 Thread 0x00007ff8bb865800 nmethod 4644 0x00000001101e5b50 code [0x00000001101e5ca0, 0x00000001101e5dd8]

GC Heap History (8 events):
Event: 1.138 GC heap before
{Heap before GC invocations=1 (full 0):
 PSYoungGen      total 38400K, used 33280K [0x0000000795580000, 0x0000000798000000, 0x00000007c0000000)
  eden space 33280K, 100% used [0x0000000795580000,0x0000000797600000,0x0000000797600000)
  from space 5120K, 0% used [0x0000000797b00000,0x0000000797b00000,0x0000000798000000)
  to   space 5120K, 0% used [0x0000000797600000,0x0000000797600000,0x0000000797b00000)
 ParOldGen       total 87552K, used 0K [0x0000000740000000, 0x0000000745580000, 0x0000000795580000)
  object space 87552K, 0% used [0x0000000740000000,0x0000000740000000,0x0000000745580000)
 Metaspace       used 15594K, capacity 16080K, committed 16256K, reserved 1062912K
  class space    used 2239K, capacity 2400K, committed 2432K, reserved 1048576K
Event: 1.147 GC heap after
Heap after GC invocations=1 (full 0):
 PSYoungGen      total 38400K, used 5116K [0x0000000795580000, 0x0000000798000000, 0x00000007c0000000)
  eden space 33280K, 0% used [0x0000000795580000,0x0000000795580000,0x0000000797600000)
  from space 5120K, 99% used [0x0000000797600000,0x0000000797aff1b8,0x0000000797b00000)
  to   space 5120K, 0% used [0x0000000797b00000,0x0000000797b00000,0x0000000798000000)
 ParOldGen       total 87552K, used 1239K [0x0000000740000000, 0x0000000745580000, 0x0000000795580000)
  object space 87552K, 1% used [0x0000000740000000,0x0000000740135ee8,0x0000000745580000)
 Metaspace       used 15594K, capacity 16080K, committed 16256K, reserved 1062912K
  class space    used 2239K, capacity 2400K, committed 2432K, reserved 1048576K
}
Event: 1.809 GC heap before
{Heap before GC invocations=2 (full 0):
 PSYoungGen      total 38400K, used 22657K [0x0000000795580000, 0x0000000798000000, 0x00000007c0000000)
  eden space 33280K, 52% used [0x0000000795580000,0x00000007966a1468,0x0000000797600000)
  from space 5120K, 99% used [0x0000000797600000,0x0000000797aff1b8,0x0000000797b00000)
  to   space 5120K, 0% used [0x0000000797b00000,0x0000000797b00000,0x0000000798000000)
 ParOldGen       total 87552K, used 1239K [0x0000000740000000, 0x0000000745580000, 0x0000000795580000)
  object space 87552K, 1% used [0x0000000740000000,0x0000000740135ee8,0x0000000745580000)
 Metaspace       used 20339K, capacity 21232K, committed 21296K, reserved 1067008K
  class space    used 2972K, capacity 3174K, committed 3200K, reserved 1048576K
Event: 1.823 GC heap after
Heap after GC invocations=2 (full 0):
 PSYoungGen      total 38400K, used 5116K [0x0000000795580000, 0x000000079a080000, 0x00000007c0000000)
  eden space 33280K, 0% used [0x0000000795580000,0x0000000795580000,0x0000000797600000)
  from space 5120K, 99% used [0x0000000797b00000,0x0000000797fff1b8,0x0000000798000000)
  to   space 5120K, 0% used [0x0000000797600000,0x0000000797600000,0x0000000797b00000)
 ParOldGen       total 87552K, used 4773K [0x0000000740000000, 0x0000000745580000, 0x0000000795580000)
  object space 87552K, 5% used [0x0000000740000000,0x00000007404a96f8,0x0000000745580000)
 Metaspace       used 20339K, capacity 21232K, committed 21296K, reserved 1067008K
  class space    used 2972K, capacity 3174K, committed 3200K, reserved 1048576K
}
Event: 1.823 GC heap before
{Heap before GC invocations=3 (full 1):
 PSYoungGen      total 38400K, used 5116K [0x0000000795580000, 0x000000079a080000, 0x00000007c0000000)
  eden space 33280K, 0% used [0x0000000795580000,0x0000000795580000,0x0000000797600000)
  from space 5120K, 99% used [0x0000000797b00000,0x0000000797fff1b8,0x0000000798000000)
  to   space 5120K, 0% used [0x0000000797600000,0x0000000797600000,0x0000000797b00000)
 ParOldGen       total 87552K, used 4773K [0x0000000740000000, 0x0000000745580000, 0x0000000795580000)
  object space 87552K, 5% used [0x0000000740000000,0x00000007404a96f8,0x0000000745580000)
 Metaspace       used 20339K, capacity 21232K, committed 21296K, reserved 1067008K
  class space    used 2972K, capacity 3174K, committed 3200K, reserved 1048576K
Event: 1.871 GC heap after
Heap after GC invocations=3 (full 1):
 PSYoungGen      total 38400K, used 0K [0x0000000795580000, 0x000000079a080000, 0x00000007c0000000)
  eden space 33280K, 0% used [0x0000000795580000,0x0000000795580000,0x0000000797600000)
  from space 5120K, 0% used [0x0000000797b00000,0x0000000797b00000,0x0000000798000000)
  to   space 5120K, 0% used [0x0000000797600000,0x0000000797600000,0x0000000797b00000)
 ParOldGen       total 69120K, used 9543K [0x0000000740000000, 0x0000000744380000, 0x0000000795580000)
  object space 69120K, 13% used [0x0000000740000000,0x0000000740951c58,0x0000000744380000)
 Metaspace       used 20339K, capacity 21232K, committed 21296K, reserved 1067008K
  class space    used 2972K, capacity 3174K, committed 3200K, reserved 1048576K
}
Event: 7.056 GC heap before
{Heap before GC invocations=4 (full 1):
 PSYoungGen      total 38400K, used 33280K [0x0000000795580000, 0x000000079a080000, 0x00000007c0000000)
  eden space 33280K, 100% used [0x0000000795580000,0x0000000797600000,0x0000000797600000)
  from space 5120K, 0% used [0x0000000797b00000,0x0000000797b00000,0x0000000798000000)
  to   space 5120K, 0% used [0x0000000797600000,0x0000000797600000,0x0000000797b00000)
 ParOldGen       total 69120K, used 9543K [0x0000000740000000, 0x0000000744380000, 0x0000000795580000)
  object space 69120K, 13% used [0x0000000740000000,0x0000000740951c58,0x0000000744380000)
 Metaspace       used 26104K, capacity 27286K, committed 27520K, reserved 1073152K
  class space    used 3869K, capacity 4117K, committed 4224K, reserved 1048576K
Event: 7.067 GC heap after
Heap after GC invocations=4 (full 1):
 PSYoungGen      total 38400K, used 5109K [0x0000000795580000, 0x0000000798980000, 0x00000007c0000000)
  eden space 33280K, 0% used [0x0000000795580000,0x0000000795580000,0x0000000797600000)
  from space 5120K, 99% used [0x0000000797600000,0x0000000797afd6d0,0x0000000797b00000)
  to   space 5120K, 0% used [0x0000000798480000,0x0000000798480000,0x0000000798980000)
 ParOldGen       total 69120K, used 16841K [0x0000000740000000, 0x0000000744380000, 0x0000000795580000)
  object space 69120K, 24% used [0x0000000740000000,0x00000007410725f8,0x0000000744380000)
 Metaspace       used 26104K, capacity 27286K, committed 27520K, reserved 1073152K
  class space    used 3869K, capacity 4117K, committed 4224K, reserved 1048576K
}

Deoptimization events (10 events):
Event: 103.563 Thread 0x00007ff8ba8dd800 Uncommon trap: reason=bimorphic action=maybe_recompile pc=0x000000011099fb48 method=com.sun.javafx.event.EventHandlerManager.dispatchCapturingEvent(Ljavafx/event/Event;)Ljavafx/event/Event; @ 1
Event: 103.563 Thread 0x00007ff8ba8dd800 Uncommon trap: reason=bimorphic action=maybe_recompile pc=0x000000011099fb48 method=com.sun.javafx.event.EventHandlerManager.dispatchCapturingEvent(Ljavafx/event/Event;)Ljavafx/event/Event; @ 1
Event: 103.563 Thread 0x00007ff8ba8dd800 Uncommon trap: reason=bimorphic action=maybe_recompile pc=0x000000011099fb48 method=com.sun.javafx.event.EventHandlerManager.dispatchCapturingEvent(Ljavafx/event/Event;)Ljavafx/event/Event; @ 1
Event: 103.563 Thread 0x00007ff8ba8dd800 Uncommon trap: reason=class_check action=maybe_recompile pc=0x000000010feaa8fc method=com.sun.javafx.scene.EnteredExitedHandler.dispatchCapturingEvent(Ljavafx/event/Event;)Ljavafx/event/Event; @ 12
Event: 103.563 Thread 0x00007ff8ba8dd800 Uncommon trap: reason=bimorphic action=maybe_recompile pc=0x000000011099fb48 method=com.sun.javafx.event.EventHandlerManager.dispatchCapturingEvent(Ljavafx/event/Event;)Ljavafx/event/Event; @ 1
Event: 103.563 Thread 0x00007ff8ba8dd800 Uncommon trap: reason=class_check action=maybe_recompile pc=0x000000010feaa8fc method=com.sun.javafx.scene.EnteredExitedHandler.dispatchCapturingEvent(Ljavafx/event/Event;)Ljavafx/event/Event; @ 12
Event: 103.563 Thread 0x00007ff8ba8dd800 Uncommon trap: reason=class_check action=maybe_recompile pc=0x000000010feaa8fc method=com.sun.javafx.scene.EnteredExitedHandler.dispatchCapturingEvent(Ljavafx/event/Event;)Ljavafx/event/Event; @ 12
Event: 103.566 Thread 0x00007ff8ba8dd800 Uncommon trap: reason=unstable_if action=reinterpret pc=0x00000001109fe05c method=com.sun.javafx.event.EventDispatchChainImpl.ensureCapacity(I)V @ 19
Event: 103.569 Thread 0x00007ff8ba8dd800 Uncommon trap: reason=unstable_if action=reinterpret pc=0x0000000110711610 method=com.sun.javafx.tk.quantum.QuantumToolkit.runWithoutRenderLock(Ljava/util/function/Supplier;)Ljava/lang/Object; @ 8
Event: 103.573 Thread 0x00007ff8ba8dd800 Uncommon trap: reason=unstable_if action=reinterpret pc=0x0000000110905b28 method=java.util.ArrayList.remove(Ljava/lang/Object;)Z @ 46

Internal exceptions (10 events):
Event: 0.870 Thread 0x00007ff8ba8dd800 Exception <a 'java/io/FileNotFoundException'> (0x0000000796c16b30) thrown at [/Users/java_re/workspace/8-2-build-macosx-x86_64/jdk8u45/3457/hotspot/src/share/vm/prims/jni.cpp, line 709]
Event: 0.870 Thread 0x00007ff8ba8dd800 Exception <a 'java/io/FileNotFoundException'> (0x0000000796c17640) thrown at [/Users/java_re/workspace/8-2-build-macosx-x86_64/jdk8u45/3457/hotspot/src/share/vm/prims/jni.cpp, line 709]
Event: 0.913 Thread 0x00007ff8ba8dd800 Exception <a 'java/io/FileNotFoundException'> (0x0000000796dec0c8) thrown at [/Users/java_re/workspace/8-2-build-macosx-x86_64/jdk8u45/3457/hotspot/src/share/vm/prims/jni.cpp, line 709]
Event: 1.055 Thread 0x00007ff8ba8dd800 Implicit null exception at 0x0000000110084bf5 to 0x0000000110084e31
Event: 1.055 Thread 0x00007ff8ba8dd800 Implicit null exception at 0x000000011007403b to 0x0000000110074a3d
Event: 2.791 Thread 0x00007ff8bb9d1800 Implicit null exception at 0x000000010fff7bf3 to 0x000000010fff7fa5
Event: 2.792 Thread 0x00007ff8bb9d1800 Implicit null exception at 0x000000010ff91635 to 0x000000010ff91995
Event: 6.956 Thread 0x00007ff8bb132000 Exception <a 'java/lang/ArrayIndexOutOfBoundsException': -1> (0x0000000795f25d28) thrown at [/Users/java_re/workspace/8-2-build-macosx-x86_64/jdk8u45/3457/hotspot/src/share/vm/interpreter/interpreterRuntime.cpp, line 366]
Event: 6.956 Thread 0x00007ff8bb132000 Exception <a 'java/lang/ArrayIndexOutOfBoundsException'> (0x0000000795f26098) thrown at [/Users/java_re/workspace/8-2-build-macosx-x86_64/jdk8u45/3457/hotspot/src/share/vm/runtime/sharedRuntime.cpp, line 605]
Event: 103.566 Thread 0x00007ff8ba8dd800 Implicit null exception at 0x00000001109fdd50 to 0x00000001109fe041

Events (10 events):
Event: 104.593 loading class sun/awt/AWTAutoShutdown$1
Event: 104.593 loading class sun/awt/AWTAutoShutdown$1 done
Event: 104.593 Thread 0x00007ff8bb9c4800 Thread exited: 0x00007ff8bb9c4800
Event: 104.593 Thread 0x00007ff8bb9d1800 Thread exited: 0x00007ff8bb9d1800
Event: 2798.166 Thread 0x00007ff8c1052800 Thread added: 0x00007ff8c1052800
Event: 2798.167 loading class java/awt/image/BufferedImage$1
Event: 2798.167 loading class java/awt/image/BufferedImage$1 done
Event: 2798.167 Thread 0x00007ff8c1052800 Thread exited: 0x00007ff8c1052800
Event: 2798.168 Thread 0x00007ff8c1052800 Thread added: 0x00007ff8c1052800
Event: 2798.168 Thread 0x00007ff8c1052800 Thread exited: 0x00007ff8c1052800


Dynamic libraries:
0x0000000007aff000 	/System/Library/Frameworks/Cocoa.framework/Versions/A/Cocoa
0x0000000007aff000 	/System/Library/Frameworks/Security.framework/Versions/A/Security
0x0000000007aff000 	/System/Library/Frameworks/ApplicationServices.framework/Versions/A/ApplicationServices
0x0000000007aff000 	/usr/lib/libz.1.dylib
0x0000000007aff000 	/usr/lib/libSystem.B.dylib
0x0000000007aff000 	/usr/lib/libobjc.A.dylib
0x0000000007aff000 	/System/Library/Frameworks/CoreFoundation.framework/Versions/A/CoreFoundation
0x0000000007aff000 	/System/Library/Frameworks/Foundation.framework/Versions/C/Foundation
0x0000000007aff000 	/System/Library/Frameworks/AppKit.framework/Versions/C/AppKit
0x0000000007aff000 	/System/Library/Frameworks/CoreData.framework/Versions/A/CoreData
0x0000000007aff000 	/System/Library/PrivateFrameworks/RemoteViewServices.framework/Versions/A/RemoteViewServices
0x0000000007aff000 	/System/Library/PrivateFrameworks/UIFoundation.framework/Versions/A/UIFoundation
0x0000000007aff000 	/usr/lib/libScreenReader.dylib
0x0000000007aff000 	/System/Library/Frameworks/Accelerate.framework/Versions/A/Accelerate
0x0000000007aff000 	/System/Library/Frameworks/IOSurface.framework/Versions/A/IOSurface
0x0000000007aff000 	/System/Library/Frameworks/AudioToolbox.framework/Versions/A/AudioToolbox
0x0000000007aff000 	/System/Library/Frameworks/AudioUnit.framework/Versions/A/AudioUnit
0x0000000007aff000 	/System/Library/PrivateFrameworks/DataDetectorsCore.framework/Versions/A/DataDetectorsCore
0x0000000007aff000 	/System/Library/PrivateFrameworks/DesktopServicesPriv.framework/Versions/A/DesktopServicesPriv
0x0000000007aff000 	/System/Library/Frameworks/Carbon.framework/Versions/A/Frameworks/HIToolbox.framework/Versions/A/HIToolbox
0x0000000007aff000 	/System/Library/Frameworks/QuartzCore.framework/Versions/A/QuartzCore
0x0000000007aff000 	/System/Library/Frameworks/Carbon.framework/Versions/A/Frameworks/SpeechRecognition.framework/Versions/A/SpeechRecognition
0x0000000007aff000 	/usr/lib/libauto.dylib
0x0000000007aff000 	/usr/lib/libicucore.A.dylib
0x0000000007aff000 	/usr/lib/libxml2.2.dylib
0x0000000007aff000 	/System/Library/PrivateFrameworks/CoreUI.framework/Versions/A/CoreUI
0x0000000007aff000 	/System/Library/Frameworks/CoreAudio.framework/Versions/A/CoreAudio
0x0000000007aff000 	/System/Library/Frameworks/DiskArbitration.framework/Versions/A/DiskArbitration
0x0000000007aff000 	/usr/lib/liblangid.dylib
0x0000000007aff000 	/System/Library/PrivateFrameworks/MultitouchSupport.framework/Versions/A/MultitouchSupport
0x0000000007aff000 	/System/Library/Frameworks/IOKit.framework/Versions/A/IOKit
0x0000000007aff000 	/usr/lib/libDiagnosticMessagesClient.dylib
0x0000000007aff000 	/System/Library/Frameworks/CoreServices.framework/Versions/A/CoreServices
0x0000000007aff000 	/System/Library/PrivateFrameworks/PerformanceAnalysis.framework/Versions/A/PerformanceAnalysis
0x0000000007aff000 	/System/Library/PrivateFrameworks/GenerationalStorage.framework/Versions/A/GenerationalStorage
0x0000000007aff000 	/System/Library/Frameworks/OpenGL.framework/Versions/A/OpenGL
0x0000000007aff000 	/System/Library/PrivateFrameworks/Sharing.framework/Versions/A/Sharing
0x0000000007aff000 	/System/Library/Frameworks/CoreGraphics.framework/Versions/A/CoreGraphics
0x0000000007aff000 	/System/Library/Frameworks/CoreImage.framework/Versions/A/CoreImage
0x0000000007aff000 	/System/Library/Frameworks/CoreText.framework/Versions/A/CoreText
0x0000000007aff000 	/System/Library/Frameworks/ImageIO.framework/Versions/A/ImageIO
0x0000000007aff000 	/System/Library/PrivateFrameworks/Backup.framework/Versions/A/Backup
0x0000000007aff000 	/usr/lib/libextension.dylib
0x0000000007aff000 	/usr/lib/libarchive.2.dylib
0x0000000007aff000 	/System/Library/Frameworks/CFNetwork.framework/Versions/A/CFNetwork
0x0000000007aff000 	/System/Library/Frameworks/SystemConfiguration.framework/Versions/A/SystemConfiguration
0x0000000007aff000 	/usr/lib/libCRFSuite.dylib
0x0000000007aff000 	/usr/lib/libc++.1.dylib
0x0000000007aff000 	/usr/lib/libc++abi.dylib
0x0000000007aff000 	/usr/lib/system/libcache.dylib
0x0000000007aff000 	/usr/lib/system/libcommonCrypto.dylib
0x0000000007aff000 	/usr/lib/system/libcompiler_rt.dylib
0x0000000007aff000 	/usr/lib/system/libcopyfile.dylib
0x0000000007aff000 	/usr/lib/system/libcorecrypto.dylib
0x0000000007aff000 	/usr/lib/system/libdispatch.dylib
0x0000000007aff000 	/usr/lib/system/libdyld.dylib
0x0000000007aff000 	/usr/lib/system/libkeymgr.dylib
0x0000000007aff000 	/usr/lib/system/liblaunch.dylib
0x0000000007aff000 	/usr/lib/system/libmacho.dylib
0x0000000007aff000 	/usr/lib/system/libquarantine.dylib
0x0000000007aff000 	/usr/lib/system/libremovefile.dylib
0x0000000007aff000 	/usr/lib/system/libsystem_asl.dylib
0x0000000007aff000 	/usr/lib/system/libsystem_blocks.dylib
0x0000000007aff000 	/usr/lib/system/libsystem_c.dylib
0x0000000007aff000 	/usr/lib/system/libsystem_configuration.dylib
0x0000000007aff000 	/usr/lib/system/libsystem_coreservices.dylib
0x0000000007aff000 	/usr/lib/system/libsystem_coretls.dylib
0x0000000007aff000 	/usr/lib/system/libsystem_dnssd.dylib
0x0000000007aff000 	/usr/lib/system/libsystem_info.dylib
0x0000000007aff000 	/usr/lib/system/libsystem_kernel.dylib
0x0000000007aff000 	/usr/lib/system/libsystem_m.dylib
0x0000000007aff000 	/usr/lib/system/libsystem_malloc.dylib
0x0000000007aff000 	/usr/lib/system/libsystem_network.dylib
0x0000000007aff000 	/usr/lib/system/libsystem_networkextension.dylib
0x0000000007aff000 	/usr/lib/system/libsystem_notify.dylib
0x0000000007aff000 	/usr/lib/system/libsystem_platform.dylib
0x0000000007aff000 	/usr/lib/system/libsystem_pthread.dylib
0x0000000007aff000 	/usr/lib/system/libsystem_sandbox.dylib
0x0000000007aff000 	/usr/lib/system/libsystem_secinit.dylib
0x0000000007aff000 	/usr/lib/system/libsystem_trace.dylib
0x0000000007aff000 	/usr/lib/system/libunc.dylib
0x0000000007aff000 	/usr/lib/system/libunwind.dylib
0x0000000007aff000 	/usr/lib/system/libxpc.dylib
0x0000000007aff000 	/usr/lib/libenergytrace.dylib
0x0000000007aff000 	/usr/lib/libbsm.0.dylib
0x0000000007aff000 	/usr/lib/system/libkxld.dylib
0x0000000007aff000 	/usr/lib/libxar.1.dylib
0x0000000007aff000 	/usr/lib/libsqlite3.dylib
0x0000000007aff000 	/usr/lib/libpam.2.dylib
0x0000000007aff000 	/usr/lib/libOpenScriptingUtil.dylib
0x0000000007aff000 	/usr/lib/libbz2.1.0.dylib
0x0000000007aff000 	/usr/lib/liblzma.5.dylib
0x0000000007aff000 	/System/Library/Frameworks/CoreServices.framework/Versions/A/Frameworks/FSEvents.framework/Versions/A/FSEvents
0x0000000007aff000 	/System/Library/Frameworks/CoreServices.framework/Versions/A/Frameworks/CarbonCore.framework/Versions/A/CarbonCore
0x0000000007aff000 	/System/Library/Frameworks/CoreServices.framework/Versions/A/Frameworks/Metadata.framework/Versions/A/Metadata
0x0000000007aff000 	/System/Library/Frameworks/CoreServices.framework/Versions/A/Frameworks/OSServices.framework/Versions/A/OSServices
0x0000000007aff000 	/System/Library/Frameworks/CoreServices.framework/Versions/A/Frameworks/SearchKit.framework/Versions/A/SearchKit
0x0000000007aff000 	/System/Library/Frameworks/CoreServices.framework/Versions/A/Frameworks/AE.framework/Versions/A/AE
0x0000000007aff000 	/System/Library/Frameworks/CoreServices.framework/Versions/A/Frameworks/LaunchServices.framework/Versions/A/LaunchServices
0x0000000007aff000 	/System/Library/Frameworks/CoreServices.framework/Versions/A/Frameworks/DictionaryServices.framework/Versions/A/DictionaryServices
0x0000000007aff000 	/System/Library/Frameworks/CoreServices.framework/Versions/A/Frameworks/SharedFileList.framework/Versions/A/SharedFileList
0x0000000007aff000 	/System/Library/Frameworks/NetFS.framework/Versions/A/NetFS
0x0000000007aff000 	/System/Library/PrivateFrameworks/NetAuth.framework/Versions/A/NetAuth
0x0000000007aff000 	/System/Library/PrivateFrameworks/login.framework/Versions/A/Frameworks/loginsupport.framework/Versions/A/loginsupport
0x0000000007aff000 	/System/Library/PrivateFrameworks/TCC.framework/Versions/A/TCC
0x0000000007aff000 	/usr/lib/libmecabra.dylib
0x0000000007aff000 	/System/Library/Frameworks/ApplicationServices.framework/Versions/A/Frameworks/ATS.framework/Versions/A/ATS
0x0000000007aff000 	/System/Library/Frameworks/ApplicationServices.framework/Versions/A/Frameworks/ColorSync.framework/Versions/A/ColorSync
0x0000000007aff000 	/System/Library/Frameworks/ApplicationServices.framework/Versions/A/Frameworks/HIServices.framework/Versions/A/HIServices
0x0000000007aff000 	/System/Library/Frameworks/ApplicationServices.framework/Versions/A/Frameworks/LangAnalysis.framework/Versions/A/LangAnalysis
0x0000000007aff000 	/System/Library/Frameworks/ApplicationServices.framework/Versions/A/Frameworks/PrintCore.framework/Versions/A/PrintCore
0x0000000007aff000 	/System/Library/Frameworks/ApplicationServices.framework/Versions/A/Frameworks/QD.framework/Versions/A/QD
0x0000000007aff000 	/System/Library/Frameworks/ApplicationServices.framework/Versions/A/Frameworks/SpeechSynthesis.framework/Versions/A/SpeechSynthesis
0x0000000007aff000 	/System/Library/Frameworks/Metal.framework/Versions/A/Metal
0x0000000007aff000 	/System/Library/Frameworks/Accelerate.framework/Versions/A/Frameworks/vImage.framework/Versions/A/vImage
0x0000000007aff000 	/System/Library/Frameworks/Accelerate.framework/Versions/A/Frameworks/vecLib.framework/Versions/A/vecLib
0x0000000007aff000 	/System/Library/Frameworks/Accelerate.framework/Versions/A/Frameworks/vecLib.framework/Versions/A/libvDSP.dylib
0x0000000007aff000 	/System/Library/Frameworks/Accelerate.framework/Versions/A/Frameworks/vecLib.framework/Versions/A/libvMisc.dylib
0x0000000007aff000 	/System/Library/Frameworks/Accelerate.framework/Versions/A/Frameworks/vecLib.framework/Versions/A/libLAPACK.dylib
0x0000000007aff000 	/System/Library/Frameworks/Accelerate.framework/Versions/A/Frameworks/vecLib.framework/Versions/A/libBLAS.dylib
0x0000000007aff000 	/System/Library/Frameworks/Accelerate.framework/Versions/A/Frameworks/vecLib.framework/Versions/A/libLinearAlgebra.dylib
0x0000000007aff000 	/System/Library/Frameworks/Accelerate.framework/Versions/A/Frameworks/vecLib.framework/Versions/A/libSparseBLAS.dylib
0x0000000007aff000 	/System/Library/PrivateFrameworks/GPUCompiler.framework/libmetal_timestamp.dylib
0x0000000007aff000 	/System/Library/Frameworks/OpenGL.framework/Versions/A/Libraries/libCoreFSCache.dylib
0x0000000007aff000 	/System/Library/PrivateFrameworks/IOAccelerator.framework/Versions/A/IOAccelerator
0x0000000007aff000 	/System/Library/Frameworks/ApplicationServices.framework/Versions/A/Frameworks/ATS.framework/Versions/A/Resources/libFontParser.dylib
0x0000000007aff000 	/System/Library/Frameworks/ApplicationServices.framework/Versions/A/Frameworks/ATS.framework/Versions/A/Resources/libFontRegistry.dylib
0x0000000007aff000 	/System/Library/PrivateFrameworks/AppleVPA.framework/Versions/A/AppleVPA
0x0000000007aff000 	/System/Library/PrivateFrameworks/AppleJPEG.framework/Versions/A/AppleJPEG
0x0000000007aff000 	/System/Library/Frameworks/ImageIO.framework/Versions/A/Resources/libJPEG.dylib
0x0000000007aff000 	/System/Library/Frameworks/ImageIO.framework/Versions/A/Resources/libTIFF.dylib
0x0000000007aff000 	/System/Library/Frameworks/ImageIO.framework/Versions/A/Resources/libPng.dylib
0x0000000007aff000 	/System/Library/Frameworks/ImageIO.framework/Versions/A/Resources/libGIF.dylib
0x0000000007aff000 	/System/Library/Frameworks/ImageIO.framework/Versions/A/Resources/libJP2.dylib
0x0000000007aff000 	/System/Library/Frameworks/ImageIO.framework/Versions/A/Resources/libRadiance.dylib
0x0000000007aff000 	/System/Library/Frameworks/CoreVideo.framework/Versions/A/CoreVideo
0x0000000007aff000 	/System/Library/Frameworks/OpenGL.framework/Versions/A/Libraries/libGLU.dylib
0x0000000007aff000 	/System/Library/Frameworks/OpenGL.framework/Versions/A/Libraries/libGFXShared.dylib
0x0000000007aff000 	/System/Library/Frameworks/OpenGL.framework/Versions/A/Libraries/libGL.dylib
0x0000000007aff000 	/System/Library/Frameworks/OpenGL.framework/Versions/A/Libraries/libGLImage.dylib
0x0000000007aff000 	/System/Library/Frameworks/OpenGL.framework/Versions/A/Libraries/libCVMSPluginSupport.dylib
0x0000000007aff000 	/System/Library/Frameworks/OpenGL.framework/Versions/A/Libraries/libCoreVMClient.dylib
0x0000000007aff000 	/usr/lib/libcompression.dylib
0x0000000007aff000 	/usr/lib/libcups.2.dylib
0x0000000007aff000 	/System/Library/Frameworks/Kerberos.framework/Versions/A/Kerberos
0x0000000007aff000 	/System/Library/Frameworks/GSS.framework/Versions/A/GSS
0x0000000007aff000 	/usr/lib/libresolv.9.dylib
0x0000000007aff000 	/usr/lib/libiconv.2.dylib
0x0000000007aff000 	/System/Library/PrivateFrameworks/Heimdal.framework/Versions/A/Heimdal
0x0000000007aff000 	/usr/lib/libheimdal-asn1.dylib
0x0000000007aff000 	/System/Library/Frameworks/OpenDirectory.framework/Versions/A/OpenDirectory
0x0000000007aff000 	/System/Library/PrivateFrameworks/CommonAuth.framework/Versions/A/CommonAuth
0x0000000007aff000 	/System/Library/Frameworks/OpenDirectory.framework/Versions/A/Frameworks/CFOpenDirectory.framework/Versions/A/CFOpenDirectory
0x0000000007aff000 	/System/Library/Frameworks/SecurityFoundation.framework/Versions/A/SecurityFoundation
0x0000000007aff000 	/System/Library/PrivateFrameworks/LanguageModeling.framework/Versions/A/LanguageModeling
0x0000000007aff000 	/usr/lib/libmarisa.dylib
0x0000000007aff000 	/usr/lib/libChineseTokenizer.dylib
0x0000000007aff000 	/usr/lib/libcmph.dylib
0x0000000007aff000 	/System/Library/Frameworks/ServiceManagement.framework/Versions/A/ServiceManagement
0x0000000007aff000 	/usr/lib/libxslt.1.dylib
0x0000000007aff000 	/System/Library/Frameworks/Carbon.framework/Versions/A/Frameworks/Ink.framework/Versions/A/Ink
0x0000000007aff000 	/usr/lib/libFosl_dynamic.dylib
0x0000000007aff000 	/System/Library/PrivateFrameworks/FaceCore.framework/Versions/A/FaceCore
0x0000000007aff000 	/System/Library/Frameworks/OpenCL.framework/Versions/A/OpenCL
0x0000000007aff000 	/System/Library/PrivateFrameworks/CrashReporterSupport.framework/Versions/A/CrashReporterSupport
0x0000000007aff000 	/System/Library/PrivateFrameworks/IconServices.framework/Versions/A/IconServices
0x0000000007aff000 	/System/Library/PrivateFrameworks/Apple80211.framework/Versions/A/Apple80211
0x0000000007aff000 	/System/Library/Frameworks/CoreWLAN.framework/Versions/A/CoreWLAN
0x0000000007aff000 	/System/Library/Frameworks/IOBluetooth.framework/Versions/A/IOBluetooth
0x0000000007aff000 	/System/Library/PrivateFrameworks/CoreWiFi.framework/Versions/A/CoreWiFi
0x0000000007aff000 	/System/Library/Frameworks/CoreBluetooth.framework/Versions/A/CoreBluetooth
0x0000000007aff000 	/System/Library/PrivateFrameworks/ChunkingLibrary.framework/Versions/A/ChunkingLibrary
0x0000000007aff000 	/System/Library/PrivateFrameworks/DebugSymbols.framework/Versions/A/DebugSymbols
0x0000000007aff000 	/System/Library/PrivateFrameworks/CoreSymbolication.framework/Versions/A/CoreSymbolication
0x0000000007aff000 	/System/Library/PrivateFrameworks/Symbolication.framework/Versions/A/Symbolication
0x0000000007aff000 	/System/Library/PrivateFrameworks/SpeechRecognitionCore.framework/Versions/A/SpeechRecognitionCore
0x00000000539bd000 	/System/Library/CoreServices/Encodings/libKoreanConverter.dylib
0x000000010ee00000 	/Library/Java/JavaVirtualMachines/jdk1.8.0_45.jdk/Contents/Home/jre/lib/server/libjvm.dylib
0x0000000007aff000 	/usr/lib/libstdc++.6.dylib
0x000000010e518000 	/Library/Java/JavaVirtualMachines/jdk1.8.0_45.jdk/Contents/Home/jre/lib/libverify.dylib
0x000000010e526000 	/Library/Java/JavaVirtualMachines/jdk1.8.0_45.jdk/Contents/Home/jre/lib/libjava.dylib
0x000000010e565000 	/Library/Java/JavaVirtualMachines/jdk1.8.0_45.jdk/Contents/Home/jre/lib/libzip.dylib
0x000000012563b000 	/System/Library/Frameworks/JavaVM.framework/Frameworks/JavaRuntimeSupport.framework/JavaRuntimeSupport
0x0000000125656000 	/System/Library/Frameworks/JavaVM.framework/Versions/A/Frameworks/JavaNativeFoundation.framework/Versions/A/JavaNativeFoundation
0x000000012566b000 	/System/Library/Frameworks/JavaVM.framework/Versions/A/JavaVM
0x0000000007aff000 	/System/Library/Frameworks/Carbon.framework/Versions/A/Carbon
0x0000000125678000 	/System/Library/PrivateFrameworks/JavaLaunching.framework/Versions/A/JavaLaunching
0x0000000007aff000 	/System/Library/Frameworks/Carbon.framework/Versions/A/Frameworks/CommonPanels.framework/Versions/A/CommonPanels
0x0000000007aff000 	/System/Library/Frameworks/Carbon.framework/Versions/A/Frameworks/Help.framework/Versions/A/Help
0x0000000007aff000 	/System/Library/Frameworks/Carbon.framework/Versions/A/Frameworks/ImageCapture.framework/Versions/A/ImageCapture
0x0000000007aff000 	/System/Library/Frameworks/Carbon.framework/Versions/A/Frameworks/OpenScripting.framework/Versions/A/OpenScripting
0x0000000007aff000 	/System/Library/Frameworks/Carbon.framework/Versions/A/Frameworks/Print.framework/Versions/A/Print
0x0000000007aff000 	/System/Library/Frameworks/Carbon.framework/Versions/A/Frameworks/SecurityHI.framework/Versions/A/SecurityHI
0x0000000127075000 	/Library/Java/JavaVirtualMachines/jdk1.8.0_45.jdk/Contents/Home/jre/lib/libprism_es2.dylib
0x0000000007aff000 	/System/Library/Frameworks/OpenGL.framework/Versions/A/Resources/GLEngine.bundle/GLEngine
0x0000000007aff000 	/System/Library/Frameworks/OpenGL.framework/Versions/A/Libraries/libGLProgrammability.dylib
0x00000001270f7000 	/System/Library/Extensions/AppleIntelBDWGraphicsGLDriver.bundle/Contents/MacOS/AppleIntelBDWGraphicsGLDriver
0x0000000007aff000 	/System/Library/PrivateFrameworks/GPUSupport.framework/Versions/A/Libraries/libGPUSupportMercury.dylib
0x0000000007aff000 	/System/Library/Frameworks/OpenGL.framework/Versions/A/Resources/GLRendererFloat.bundle/GLRendererFloat
0x0000000007aff000 	/System/Library/Frameworks/OpenCL.framework/Versions/A/Libraries/libcldcpuengine.dylib
0x0000000007aff000 	/System/Library/PrivateFrameworks/DiskImages.framework/Versions/A/DiskImages
0x0000000007aff000 	/System/Library/Frameworks/DiscRecording.framework/Versions/A/DiscRecording
0x0000000007aff000 	/usr/lib/libcsfde.dylib
0x0000000007aff000 	/usr/lib/libcurl.4.dylib
0x0000000007aff000 	/System/Library/PrivateFrameworks/MediaKit.framework/Versions/A/MediaKit
0x0000000007aff000 	/System/Library/PrivateFrameworks/ProtectedCloudStorage.framework/Versions/A/ProtectedCloudStorage
0x0000000007aff000 	/usr/lib/libCoreStorage.dylib
0x0000000007aff000 	/System/Library/PrivateFrameworks/EFILogin.framework/Versions/A/EFILogin
0x0000000007aff000 	/usr/lib/libutil.dylib
0x0000000007aff000 	/System/Library/PrivateFrameworks/FindMyDevice.framework/Versions/A/FindMyDevice
0x0000000007aff000 	/System/Library/Frameworks/LDAP.framework/Versions/A/LDAP
0x0000000007aff000 	/usr/lib/libsasl2.2.dylib
0x0000000007aff000 	/System/Library/PrivateFrameworks/CoreDaemon.framework/Versions/B/CoreDaemon
0x0000000007aff000 	/usr/lib/libcrypto.0.9.8.dylib
0x0000000007aff000 	/System/Library/PrivateFrameworks/AppleSRP.framework/Versions/A/AppleSRP
0x0000000007aff000 	/System/Library/PrivateFrameworks/TrustEvaluationAgent.framework/Versions/A/TrustEvaluationAgent
0x0000000127c30000 	/Library/Java/JavaVirtualMachines/jdk1.8.0_45.jdk/Contents/Home/jre/lib/libglass.dylib
0x0000000007aff000 	/System/Library/PrivateFrameworks/CoreServicesInternal.framework/Versions/A/CoreServicesInternal
0x0000000007aff000 	/System/Library/CoreServices/RawCamera.bundle/Contents/MacOS/RawCamera
0x0000000007aff000 	/System/Library/Frameworks/CoreGraphics.framework/Versions/A/Resources/libRIP.A.dylib
0x0000000007aff000 	/System/Library/Frameworks/Accelerate.framework/Versions/A/Frameworks/vImage.framework/Versions/A/Libraries/libCGInterfaces.dylib
0x0000000007aff000 	/System/Library/PrivateFrameworks/FamilyControls.framework/Versions/A/FamilyControls
0x0000000007aff000 	/System/Library/PrivateFrameworks/CommerceKit.framework/Versions/A/Frameworks/CommerceCore.framework/Versions/A/CommerceCore
0x0000000007aff000 	/System/Library/PrivateFrameworks/SystemAdministration.framework/Versions/A/SystemAdministration
0x0000000007aff000 	/System/Library/PrivateFrameworks/AppContainer.framework/Versions/A/AppContainer
0x0000000007aff000 	/System/Library/PrivateFrameworks/SecCodeWrapper.framework/Versions/A/SecCodeWrapper
0x0000000007aff000 	/System/Library/Frameworks/DirectoryService.framework/Versions/A/DirectoryService
0x0000000007aff000 	/System/Library/PrivateFrameworks/LoginUIKit.framework/Versions/A/Frameworks/LoginUICore.framework/Versions/A/LoginUICore
0x0000000007aff000 	/usr/lib/libodfde.dylib
0x000000012b310000 	/Library/Java/JavaVirtualMachines/jdk1.8.0_45.jdk/Contents/Home/jre/lib/libjavafx_font.dylib
0x0000000007aff000 	/System/Library/Frameworks/CoreGraphics.framework/Versions/A/Resources/libCGXType.A.dylib
0x000000012b7b8000 	/Library/Java/JavaVirtualMachines/jdk1.8.0_45.jdk/Contents/Home/jre/lib/libawt.dylib
0x000000012b860000 	/Library/Java/JavaVirtualMachines/jdk1.8.0_45.jdk/Contents/Home/jre/lib/./libmlib_image.dylib
0x000000012b92c000 	/Library/Java/JavaVirtualMachines/jdk1.8.0_45.jdk/Contents/Home/jre/lib/libawt_lwawt.dylib
0x000000012b9e0000 	/Library/Java/JavaVirtualMachines/jdk1.8.0_45.jdk/Contents/Home/jre/lib/./libosxapp.dylib
0x0000000007aff000 	/System/Library/Frameworks/ExceptionHandling.framework/Versions/A/ExceptionHandling
0x000000012ba01000 	/Library/Java/JavaVirtualMachines/jdk1.8.0_45.jdk/Contents/Home/jre/lib/libfontmanager.dylib
0x000000012ba68000 	/Library/Java/JavaVirtualMachines/jdk1.8.0_45.jdk/Contents/Home/jre/lib/libjavafx_iio.dylib
0x000000012baa0000 	/Library/Java/JavaVirtualMachines/jdk1.8.0_45.jdk/Contents/Home/jre/lib/libosxui.dylib
0x00000001303ed000 	cl_kernels
0x0000000007aff000 	/System/Library/Frameworks/OpenCL.framework/Versions/A/Libraries/ImageFormats/unorm8_bgra.dylib
0x0000000007aff000 	/System/Library/Frameworks/OpenCL.framework/Versions/A/Libraries/ImageFormats/unorm8_rgba.dylib
0x000000013125e000 	/Library/Java/JavaVirtualMachines/jdk1.8.0_45.jdk/Contents/Home/jre/lib/libprism_common.dylib
0x0000000133a17000 	/System/Library/Extensions/AppleIntelBDWGraphicsMTLDriver.bundle/Contents/MacOS/AppleIntelBDWGraphicsMTLDriver
0x00000001346d1000 	/Library/Java/JavaVirtualMachines/jdk1.8.0_45.jdk/Contents/Home/jre/lib/libnet.dylib
0x00000001346e8000 	/Library/Java/JavaVirtualMachines/jdk1.8.0_45.jdk/Contents/Home/jre/lib/libnio.dylib
0x00000001347c7000 	/System/Library/Frameworks/Security.framework/PlugIns/csparser.bundle/Contents/MacOS/csparser
0x0000000007aff000 	/System/Library/PrivateFrameworks/FinderKit.framework/Versions/A/FinderKit
0x0000000007aff000 	/System/Library/Frameworks/Quartz.framework/Versions/A/Frameworks/QuickLookUI.framework/Versions/A/QuickLookUI
0x0000000007aff000 	/System/Library/Frameworks/Quartz.framework/Versions/A/Frameworks/ImageKit.framework/Versions/A/ImageKit
0x0000000007aff000 	/System/Library/PrivateFrameworks/Bom.framework/Versions/A/Bom
0x0000000007aff000 	/System/Library/Frameworks/QuickLook.framework/Versions/A/QuickLook
0x0000000007aff000 	/System/Library/PrivateFrameworks/Suggestions.framework/Versions/A/Suggestions
0x0000000007aff000 	/System/Library/PrivateFrameworks/AppleSystemInfo.framework/Versions/A/AppleSystemInfo
0x0000000007aff000 	/System/Library/Frameworks/ImageCaptureCore.framework/Versions/A/ImageCaptureCore
0x0000000007aff000 	/System/Library/PrivateFrameworks/SafariServices.framework/Versions/A/SafariServices
0x0000000007aff000 	/usr/lib/libspindump.dylib
0x0000000007aff000 	/System/Library/Frameworks/QTKit.framework/Versions/A/QTKit
0x0000000007aff000 	/System/Library/Frameworks/AVFoundation.framework/Versions/A/AVFoundation
0x0000000007aff000 	/System/Library/Frameworks/CoreMedia.framework/Versions/A/CoreMedia
0x0000000007aff000 	/System/Library/Frameworks/MediaToolbox.framework/Versions/A/MediaToolbox
0x0000000007aff000 	/System/Library/Frameworks/VideoToolbox.framework/Versions/A/VideoToolbox
0x0000000007aff000 	/System/Library/PrivateFrameworks/CoreMediaAuthoring.framework/Versions/A/CoreMediaAuthoring
0x0000000007aff000 	/System/Library/Frameworks/CoreMediaIO.framework/Versions/A/CoreMediaIO
0x0000000007aff000 	/System/Library/Frameworks/AVFoundation.framework/Versions/A/Resources/libAVFAudio.dylib
0x0000000007aff000 	/System/Library/PrivateFrameworks/CoreAVCHD.framework/Versions/A/CoreAVCHD
0x0000000007aff000 	/System/Library/Frameworks/MediaAccessibility.framework/Versions/A/MediaAccessibility
0x0000000007aff000 	/System/Library/PrivateFrameworks/Mangrove.framework/Versions/A/Mangrove
0x0000000007aff000 	/System/Library/PrivateFrameworks/CoreAUC.framework/Versions/A/CoreAUC
0x0000000007aff000 	/System/Library/PrivateFrameworks/AppleVA.framework/Versions/A/AppleVA
0x0000000007aff000 	/System/Library/PrivateFrameworks/XPCService.framework/Versions/A/XPCService
0x0000000007aff000 	/System/Library/PrivateFrameworks/AppSandbox.framework/Versions/A/AppSandbox
0x0000000007aff000 	/usr/lib/libsandbox.1.dylib
0x0000000007aff000 	/usr/lib/libMatch.1.dylib
0x0000000007aff000 	/System/Library/PrivateFrameworks/DisplayServices.framework/Versions/A/DisplayServices
0x0000000007aff000 	/System/Library/Frameworks/Quartz.framework/Versions/A/Frameworks/PDFKit.framework/Versions/A/PDFKit
0x0000000007aff000 	/System/Library/Frameworks/Quartz.framework/Versions/A/Frameworks/QuartzComposer.framework/Versions/A/QuartzComposer
0x0000000007aff000 	/System/Library/Frameworks/Quartz.framework/Versions/A/Frameworks/QuartzFilters.framework/Versions/A/QuartzFilters
0x0000000007aff000 	/System/Library/PrivateFrameworks/CorePDF.framework/Versions/A/CorePDF
0x0000000007aff000 	/System/Library/Frameworks/JavaScriptCore.framework/Versions/A/JavaScriptCore
0x0000000007aff000 	/System/Library/PrivateFrameworks/AppleFSCompression.framework/Versions/A/AppleFSCompression
0x0000000007aff000 	/System/Library/Frameworks/AddressBook.framework/Versions/A/AddressBook
0x0000000007aff000 	/System/Library/PrivateFrameworks/ContactsPersistence.framework/Versions/A/ContactsPersistence
0x0000000007aff000 	/System/Library/PrivateFrameworks/ContactsFoundation.framework/Versions/A/ContactsFoundation
0x0000000007aff000 	/System/Library/PrivateFrameworks/vCard.framework/Versions/A/vCard
0x0000000007aff000 	/System/Library/PrivateFrameworks/IntlPreferences.framework/Versions/A/IntlPreferences
0x0000000007aff000 	/System/Library/PrivateFrameworks/ToneLibrary.framework/Versions/A/ToneLibrary
0x0000000007aff000 	/System/Library/PrivateFrameworks/ToneKit.framework/Versions/A/ToneKit
0x0000000007aff000 	/System/Library/PrivateFrameworks/ApplePushService.framework/Versions/A/ApplePushService
0x0000000007aff000 	/System/Library/Frameworks/SecurityInterface.framework/Versions/A/SecurityInterface
0x0000000007aff000 	/System/Library/PrivateFrameworks/PhoneNumbers.framework/Versions/A/PhoneNumbers
0x0000000007aff000 	/System/Library/PrivateFrameworks/ViewBridge.framework/Versions/A/ViewBridge
0x0000000007aff000 	/System/Library/Frameworks/Quartz.framework/Versions/A/Quartz
0x0000000007aff000 	/System/Library/PrivateFrameworks/CloudDocs.framework/Versions/A/CloudDocs
0x0000000007aff000 	/System/Library/PrivateFrameworks/CoreDuet.framework/Versions/A/CoreDuet
0x0000000007aff000 	/System/Library/Frameworks/CloudKit.framework/Versions/A/CloudKit
0x0000000007aff000 	/System/Library/PrivateFrameworks/ProtocolBuffer.framework/Versions/A/ProtocolBuffer
0x0000000007aff000 	/System/Library/PrivateFrameworks/CoreDuetDaemonProtocol.framework/Versions/A/CoreDuetDaemonProtocol
0x0000000007aff000 	/System/Library/PrivateFrameworks/CoreDuetDebugLogging.framework/Versions/A/CoreDuetDebugLogging
0x0000000007aff000 	/System/Library/PrivateFrameworks/MMCS.framework/Versions/A/MMCS
0x0000000007aff000 	/System/Library/Frameworks/CoreLocation.framework/Versions/A/CoreLocation
0x0000000007aff000 	/System/Library/PrivateFrameworks/AssetCacheServices.framework/Versions/A/AssetCacheServices
0x0000000007aff000 	/System/Library/PrivateFrameworks/GeoServices.framework/Versions/A/GeoServices
0x0000000007aff000 	/System/Library/PrivateFrameworks/PlugInKit.framework/Versions/A/PlugInKit
0x0000000007aff000 	/System/Library/PrivateFrameworks/NetFSServer.framework/Versions/A/NetFSServer
0x0000000007aff000 	/System/Library/PrivateFrameworks/CacheDelete.framework/Versions/A/CacheDelete
0x000000013b08f000 	/System/Library/Frameworks/Quartz.framework/Versions/A/Frameworks/QuickLookUI.framework/Versions/A/PlugIns/Text.qldisplay/Contents/MacOS/Text
0x0000000007aff000 	/System/Library/Frameworks/ApplicationServices.framework/Versions/A/Frameworks/ATS.framework/Versions/A/Resources/libTrueTypeScaler.dylib

VM Arguments:
jvm_args: -Dfile.encoding=UTF-8 
java_command: application.CodeScatchFX
java_class_path (initial): /Users/newmacpro/Documents/workspace/codeScatch/bin:/Applications/Eclipse.app/Contents/Eclipse/plugins/org.eclipse.fx.ide.css.jfx8_2.3.0.201603030809.jar:/Users/newmacpro/Documents/workspace/codeScatch/libs/antlr-4.5.3/antlr-4.5.3-complete.jar:/Users/newmacpro/Documents/workspace/codeScatch/libs/jfxtras/jfxtras-common-8.0-r5-SNAPSHOT.jar:/Users/newmacpro/Documents/workspace/codeScatch/libs/jfxtras/jfxtras-controls-8.0-r5-SNAPSHOT.jar:/Users/newmacpro/Documents/workspace/codeScatch/libs/jfxtras/jfxtras-fxml-8.0-r5-SNAPSHOT.jar:/Users/newmacpro/Documents/workspace/codeScatch/libs/jfxtras/jfxtras-labs-8.0-r5-20160515.080214-228.jar:/Users/newmacpro/Documents/workspace/codeScatch/libs/jfxtras/jfxtras-menu-8.0-r5-SNAPSHOT.jar:/Users/newmacpro/Documents/workspace/codeScatch/libs/jfxtras/jfxtras-window-8.0-r5-SNAPSHOT.jar:/Users/newmacpro/Documents/workspace/codeScatch/libs/jvxfx-1.0/jvxfx-1.0.jar:/Users/newmacpro/Documents/workspace/codeScatch/libs/miglayout-5.1/miglayout-core-5.1-20160416.220029-387.jar:/Users/newmacpro/Documents/workspace/codeScatch/libs/miglayout-5.1/miglayout-swing-5.1-20160419.220020-390.jar:/Users/newmacpro/Documents/workspace/codeScatch/libs/rsyntaxtextarea-2.5.7/rsyntaxtextarea-2.5.7.jar
Launcher Type: SUN_STANDARD

Environment Variables:
PATH=/usr/bin:/bin:/usr/sbin:/sbin
SHELL=/bin/bash
DISPLAY=/private/tmp/com.apple.launchd.KWZYzDcXsP/org.macosforge.xquartz:0

Signal Handlers:
SIGSEGV: [libjvm.dylib+0x58ef95], sa_mask[0]=11111111011111110111111111111111, sa_flags=SA_ONSTACK|SA_RESTART|SA_SIGINFO
SIGBUS: [libjvm.dylib+0x58ef95], sa_mask[0]=11111111011111110111111111111111, sa_flags=SA_RESTART|SA_SIGINFO
SIGFPE: [libjvm.dylib+0x46c108], sa_mask[0]=11111111011111110111111111111111, sa_flags=SA_RESTART|SA_SIGINFO
SIGPIPE: [libjvm.dylib+0x46c108], sa_mask[0]=11111111011111110111111111111111, sa_flags=SA_RESTART|SA_SIGINFO
SIGXFSZ: [libjvm.dylib+0x46c108], sa_mask[0]=11111111011111110111111111111111, sa_flags=SA_RESTART|SA_SIGINFO
SIGILL: [libjvm.dylib+0x46c108], sa_mask[0]=11111111011111110111111111111111, sa_flags=SA_RESTART|SA_SIGINFO
SIGUSR1: SIG_DFL, sa_mask[0]=00000000000000000000000000000000, sa_flags=none
SIGUSR2: [libjvm.dylib+0x46bc26], sa_mask[0]=00100000000000000000000000000000, sa_flags=SA_RESTART|SA_SIGINFO
SIGHUP: [libjvm.dylib+0x46a1f9], sa_mask[0]=11111111011111110111111111111111, sa_flags=SA_RESTART|SA_SIGINFO
SIGINT: [libjvm.dylib+0x46a1f9], sa_mask[0]=11111111011111110111111111111111, sa_flags=SA_RESTART|SA_SIGINFO
SIGTERM: [libjvm.dylib+0x46a1f9], sa_mask[0]=11111111011111110111111111111111, sa_flags=SA_RESTART|SA_SIGINFO
SIGQUIT: [libjvm.dylib+0x46a1f9], sa_mask[0]=11111111011111110111111111111111, sa_flags=SA_RESTART|SA_SIGINFO


---------------  S Y S T E M  ---------------

OS:Bsduname:Darwin 15.5.0 Darwin Kernel Version 15.5.0: Tue Apr 19 18:36:36 PDT 2016; root:xnu-3248.50.21~8/RELEASE_X86_64 x86_64
rlimit: STACK 8192k, CORE 0k, NPROC 709, NOFILE 10240, AS infinity
load average:1.58 1.69 1.72

CPU:total 4 (2 cores per cpu, 2 threads per core) family 6 model 61 stepping 4, cmov, cx8, fxsr, mmx, sse, sse2, sse3, ssse3, sse4.1, sse4.2, popcnt, avx, avx2, aes, clmul, erms, 3dnowpref, lzcnt, ht, tsc, tscinvbit, bmi1, bmi2, adx

Memory: 4k page, physical 8388608k(52212k free)

/proc/meminfo:


vm_info: Java HotSpot(TM) 64-Bit Server VM (25.45-b02) for bsd-amd64 JRE (1.8.0_45-b14), built on Apr 10 2015 10:46:38 by "java_re" with gcc 4.2.1 (Based on Apple Inc. build 5658) (LLVM build 2336.11.00)

time: Tue Jun  7 23:00:09 2016
elapsed time: 2798 seconds (0d 0h 46m 38s)

