#
# A fatal error has been detected by the Java Runtime Environment:
#
#  SIGSEGV (0xb) at pc=0x0000000124c3f58d, pid=9585, tid=2571
#
# JRE version: Java(TM) SE Runtime Environment (8.0_45-b14) (build 1.8.0_45-b14)
# Java VM: Java HotSpot(TM) 64-Bit Server VM (25.45-b02 mixed mode bsd-amd64 compressed oops)
# Problematic frame:
# C  [libglass.dylib+0x1558d]  GlassScreenDidChangeScreenParameters+0x9d
#
# Failed to write core dump. Core dumps have been disabled. To enable core dumping, try "ulimit -c unlimited" before starting Java again
#
# If you would like to submit a bug report, please visit:
#   http://bugreport.java.com/bugreport/crash.jsp
#

---------------  T H R E A D  ---------------

Current thread is native thread

siginfo: si_signo: 11 (SIGSEGV), si_code: 1 (SEGV_MAPERR), si_addr: 0x0000000000000000

Registers:
RAX=0x0000000124c71bc0, RBX=0x0000000000000000, RCX=0x0000000000000103, RDX=0x00007f9ace47f410
RSP=0x00007fff549916f0, RBP=0x00007fff54991700, RSI=0x00007f9ac950c1b0, RDI=0x0000000000000000
R8 =0x0000000000000040, R9 =0x00007fff7951a1e0, R10=0xffffffffffffffff, R11=0x0000000000000246
R12=0x00007f9ace459b10, R13=0x00007f9ac9581260, R14=0x00007f9ac95814e0, R15=0x0000000000000000
RIP=0x0000000124c3f58d, EFLAGS=0x0000000000010202, ERR=0x0000000000000004
  TRAPNO=0x000000000000000e

Top of Stack: (sp=0x00007fff549916f0)
0x00007fff549916f0:   00007fff54991748 00007f9ac95814e0
0x00007fff54991700:   00007fff54991710 00007fff8a25cbbc
0x00007fff54991710:   00007fff54991730 00007fff8a25cb4f
0x00007fff54991720:   0000000000000000 0000000000000000
0x00007fff54991730:   00007fff549917a0 00007fff8a25cac7
0x00007fff54991740:   00007fff54991770 00007fff7b8460a0
0x00007fff54991750:   0000000042000000 00007fff8a25cb10
0x00007fff54991760:   00007fff77dd2720 00007f9ac9581260
0x00007fff54991770:   00007f9ace459b10 00007fff54991f48
0x00007fff54991780:   00007fff77eff780 00007fff54991f48
0x00007fff54991790:   00007f9ac9581260 00007fff8a61c9e2
0x00007fff549917a0:   00007fff549917e0 00007fff8a25c832
0x00007fff549917b0:   00007fff54991dc0 0000000000000000
0x00007fff549917c0:   00007fff77eff780 00007fff54991f48
0x00007fff549917d0:   00007fff9b66e4c0 00007fff8a61c9e2
0x00007fff549917e0:   00007fff54991ef0 00007fff8a2195e2
0x00007fff549917f0:   0000000000000001 00007fff54991870
0x00007fff54991800:   00007f9ac9565f80 00007f9ac9610250
0x00007fff54991810:   00007f9aca0050c0 00007f9ac944a6f0
0x00007fff54991820:   0000000000000000 00007f9ac9581540
0x00007fff54991830:   0000000000000000 00007f9ac94f1770
0x00007fff54991840:   00007fff77e0fbc0 00007fff54991dc0
0x00007fff54991850:   0000000000000003 0000000000000100
0x00007fff54991860:   4092f80000000000 00007fff54991cc0
0x00007fff54991870:   0000000000000000 0000000000000100
0x00007fff54991880:   4094000000000000 00007fff77eff780
0x00007fff54991890:   0000000000000000 00007fff77dd3500
0x00007fff549918a0:   00007fff77eff780 0000000000000000
0x00007fff549918b0:   00007fff77dd3500 4010000000000000
0x00007fff549918c0:   4040800000000000 0000000000000000
0x00007fff549918d0:   4092f80000000000 4010000000000000
0x00007fff549918e0:   ffffffffffffffff 00007f9ac9565f90 

Instructions: (pc=0x0000000124c3f58d)
0x0000000124c3f56d:   89 df 4c 89 f1 41 ff 90 68 04 00 00 48 8d 05 48
0x0000000124c3f57d:   25 03 00 48 8b 30 48 8d 05 36 26 03 00 48 8b 10
0x0000000124c3f58d:   48 8b 0b 30 c0 48 89 df ff 91 68 04 00 00 48 8b
0x0000000124c3f59d:   03 48 89 df ff 50 78 48 85 c0 74 36 49 89 c6 48 

Register to memory mapping:

RAX=0x0000000124c71bc0: jScreenNotifySettingsChanged+0 in /Library/Java/JavaVirtualMachines/jdk1.8.0_45.jdk/Contents/Home/jre/lib/libglass.dylib at 0x0000000124c2a000
RBX=0x0000000000000000 is an unknown value
RCX=0x0000000000000103 is an unknown value
RDX=0x00007f9ace47f410 is an unknown value
RSP=0x00007fff549916f0 is an unknown value
RBP=0x00007fff54991700 is an unknown value
RSI=0x00007f9ac950c1b0 is a global jni handle
RDI=0x0000000000000000 is an unknown value
R8 =0x0000000000000040 is an unknown value
R9 =0x00007fff7951a1e0: __sFX+0x1c0 in /usr/lib/system/libsystem_c.dylib at 0x00007fff90b9f000
R10=0xffffffffffffffff is an unknown value
R11=0x0000000000000246 is an unknown value
R12=0x00007f9ace459b10 is an unknown value
R13=0x00007f9ac9581260 is an unknown value
R14=0x00007f9ac95814e0 is an unknown value
R15=0x0000000000000000 is an unknown value


Stack: [0x00007fff54195000,0x00007fff54995000],  sp=0x00007fff549916f0,  free space=8177k
Native frames: (J=compiled Java code, j=interpreted, Vv=VM code, C=native code)
C  [libglass.dylib+0x1558d]  GlassScreenDidChangeScreenParameters+0x9d
C  [CoreFoundation+0xa0bbc]  __CFNOTIFICATIONCENTER_IS_CALLING_OUT_TO_AN_OBSERVER__+0xc
C  [CoreFoundation+0xa0b4f]  ___CFXRegistrationPost_block_invoke+0x3f
C  [CoreFoundation+0xa0ac7]  _CFXRegistrationPost+0x197
C  [CoreFoundation+0xa0832]  ___CFXNotificationPost_block_invoke+0x32
C  [CoreFoundation+0x5d5e2]  -[_CFXNotificationRegistrar find:object:observer:enumerator:]+0x782
C  [CoreFoundation+0x5c835]  _CFXNotificationPost+0x2b5
C  [Foundation+0x717a]  -[NSNotificationCenter postNotificationName:object:userInfo:]+0x42
C  [AppKit+0x41c08b]  -[NSApplication _reactToScreenInvalidationImmediately:]+0x17f
C  [AppKit+0x41bedc]  __44-[NSApplication _reactToScreenInvalidation:]_block_invoke+0x3b
C  [CoreFoundation+0xaa4ac]  __CFRUNLOOP_IS_CALLING_OUT_TO_A_BLOCK__+0xc
C  [CoreFoundation+0x89d05]  __CFRunLoopDoBlocks+0x155
C  [CoreFoundation+0x89a6b]  __CFRunLoopRun+0x92b
C  [CoreFoundation+0x88ed8]  CFRunLoopRunSpecific+0x128
C  [java+0x6490]  CreateExecutionEnvironment+0x367
C  [java+0x221c]  JLI_Launch+0x7a0
C  [java+0x84ed]  main+0x65
C  [java+0x1a74]  start+0x34


---------------  P R O C E S S  ---------------

VM state:not at safepoint (normal execution)

VM Mutex/Monitor currently owned by a thread: None

Heap:
 PSYoungGen      total 51712K, used 11066K [0x0000000795580000, 0x0000000798f80000, 0x00000007c0000000)
  eden space 46592K, 12% used [0x0000000795580000,0x0000000795b50b48,0x0000000798300000)
  from space 5120K, 99% used [0x0000000798a80000,0x0000000798f7e078,0x0000000798f80000)
  to   space 5120K, 0% used [0x0000000798580000,0x0000000798580000,0x0000000798a80000)
 ParOldGen       total 61952K, used 21428K [0x0000000740000000, 0x0000000743c80000, 0x0000000795580000)
  object space 61952K, 34% used [0x0000000740000000,0x00000007414ed260,0x0000000743c80000)
 Metaspace       used 28607K, capacity 29924K, committed 30080K, reserved 1075200K
  class space    used 4068K, capacity 4354K, committed 4480K, reserved 1048576K

Card table byte_map: [0x000000011c129000,0x000000011c52a000] byte_map_base: 0x0000000118729000

Marking Bits: (ParMarkBitMap*) 0x000000010c6c27a0
 Begin Bits: [0x000000011c7d5000, 0x000000011e7d5000)
 End Bits:   [0x000000011e7d5000, 0x00000001207d5000)

Polling page: 0x000000010b555000

CodeCache: size=245760Kb used=13528Kb max_used=14000Kb free=232231Kb
 bounds [0x000000010cd69000, 0x000000010db59000, 0x000000011bd69000]
 total_blobs=5305 nmethods=4439 adapters=778
 compilation: enabled

Compilation events (10 events):
Event: 459.767 Thread 0x00007f9acb000800 4981       3       java.lang.reflect.Constructor::newInstance (87 bytes)
Event: 459.768 Thread 0x00007f9acb000800 nmethod 4981 0x000000010d350350 code [0x000000010d350540, 0x000000010d350c68]
Event: 459.768 Thread 0x00007f9acb000800 4982       3       sun.reflect.DelegatingConstructorAccessorImpl::newInstance (9 bytes)
Event: 459.768 Thread 0x00007f9acb000800 nmethod 4982 0x000000010d34ff10 code [0x000000010d350080, 0x000000010d3502a8]
Event: 553.158 Thread 0x00007f9aca80e000 4984       4       sun.java2d.pipe.RenderQueue::tryLock (4 bytes)
Event: 553.160 Thread 0x00007f9aca80e000 nmethod 4984 0x000000010d34fb50 code [0x000000010d34fca0, 0x000000010d34fdb8]
Event: 6180.996 Thread 0x00007f9acb000800 4985 %s!   3       sun.java2d.opengl.OGLRenderQueue$QueueFlusher::run @ 2 (234 bytes)
Event: 6181.004 Thread 0x00007f9acb000800 nmethod 4985% 0x000000010d727150 code [0x000000010d727500, 0x000000010d729bc8]
Event: 6286.030 Thread 0x00007f9acb000800 4986  s!   3       sun.java2d.opengl.OGLRenderQueue$QueueFlusher::run (234 bytes)
Event: 6286.033 Thread 0x00007f9acb000800 nmethod 4986 0x000000010d3b3390 code [0x000000010d3b3740, 0x000000010d3b5d08]

GC Heap History (10 events):
Event: 1.243 GC heap before
{Heap before GC invocations=1 (full 0):
 PSYoungGen      total 38400K, used 33280K [0x0000000795580000, 0x0000000798000000, 0x00000007c0000000)
  eden space 33280K, 100% used [0x0000000795580000,0x0000000797600000,0x0000000797600000)
  from space 5120K, 0% used [0x0000000797b00000,0x0000000797b00000,0x0000000798000000)
  to   space 5120K, 0% used [0x0000000797600000,0x0000000797600000,0x0000000797b00000)
 ParOldGen       total 87552K, used 0K [0x0000000740000000, 0x0000000745580000, 0x0000000795580000)
  object space 87552K, 0% used [0x0000000740000000,0x0000000740000000,0x0000000745580000)
 Metaspace       used 15579K, capacity 16106K, committed 16256K, reserved 1062912K
  class space    used 2208K, capacity 2369K, committed 2432K, reserved 1048576K
Event: 1.250 GC heap after
Heap after GC invocations=1 (full 0):
 PSYoungGen      total 38400K, used 5116K [0x0000000795580000, 0x0000000798000000, 0x00000007c0000000)
  eden space 33280K, 0% used [0x0000000795580000,0x0000000795580000,0x0000000797600000)
  from space 5120K, 99% used [0x0000000797600000,0x0000000797aff1b8,0x0000000797b00000)
  to   space 5120K, 0% used [0x0000000797b00000,0x0000000797b00000,0x0000000798000000)
 ParOldGen       total 87552K, used 1215K [0x0000000740000000, 0x0000000745580000, 0x0000000795580000)
  object space 87552K, 1% used [0x0000000740000000,0x000000074012fe10,0x0000000745580000)
 Metaspace       used 15579K, capacity 16106K, committed 16256K, reserved 1062912K
  class space    used 2208K, capacity 2369K, committed 2432K, reserved 1048576K
}
Event: 1.863 GC heap before
{Heap before GC invocations=2 (full 0):
 PSYoungGen      total 38400K, used 21691K [0x0000000795580000, 0x0000000798000000, 0x00000007c0000000)
  eden space 33280K, 49% used [0x0000000795580000,0x00000007965afbe8,0x0000000797600000)
  from space 5120K, 99% used [0x0000000797600000,0x0000000797aff1b8,0x0000000797b00000)
  to   space 5120K, 0% used [0x0000000797b00000,0x0000000797b00000,0x0000000798000000)
 ParOldGen       total 87552K, used 1215K [0x0000000740000000, 0x0000000745580000, 0x0000000795580000)
  object space 87552K, 1% used [0x0000000740000000,0x000000074012fe10,0x0000000745580000)
 Metaspace       used 20320K, capacity 21232K, committed 21296K, reserved 1067008K
  class space    used 2961K, capacity 3174K, committed 3200K, reserved 1048576K
Event: 1.902 GC heap after
Heap after GC invocations=2 (full 0):
 PSYoungGen      total 38400K, used 5100K [0x0000000795580000, 0x000000079a080000, 0x00000007c0000000)
  eden space 33280K, 0% used [0x0000000795580000,0x0000000795580000,0x0000000797600000)
  from space 5120K, 99% used [0x0000000797b00000,0x0000000797ffb1a8,0x0000000798000000)
  to   space 5120K, 0% used [0x0000000797600000,0x0000000797600000,0x0000000797b00000)
 ParOldGen       total 87552K, used 4811K [0x0000000740000000, 0x0000000745580000, 0x0000000795580000)
  object space 87552K, 5% used [0x0000000740000000,0x00000007404b2f78,0x0000000745580000)
 Metaspace       used 20320K, capacity 21232K, committed 21296K, reserved 1067008K
  class space    used 2961K, capacity 3174K, committed 3200K, reserved 1048576K
}
Event: 1.902 GC heap before
{Heap before GC invocations=3 (full 1):
 PSYoungGen      total 38400K, used 5100K [0x0000000795580000, 0x000000079a080000, 0x00000007c0000000)
  eden space 33280K, 0% used [0x0000000795580000,0x0000000795580000,0x0000000797600000)
  from space 5120K, 99% used [0x0000000797b00000,0x0000000797ffb1a8,0x0000000798000000)
  to   space 5120K, 0% used [0x0000000797600000,0x0000000797600000,0x0000000797b00000)
 ParOldGen       total 87552K, used 4811K [0x0000000740000000, 0x0000000745580000, 0x0000000795580000)
  object space 87552K, 5% used [0x0000000740000000,0x00000007404b2f78,0x0000000745580000)
 Metaspace       used 20320K, capacity 21232K, committed 21296K, reserved 1067008K
  class space    used 2961K, capacity 3174K, committed 3200K, reserved 1048576K
Event: 1.951 GC heap after
Heap after GC invocations=3 (full 1):
 PSYoungGen      total 38400K, used 0K [0x0000000795580000, 0x000000079a080000, 0x00000007c0000000)
  eden space 33280K, 0% used [0x0000000795580000,0x0000000795580000,0x0000000797600000)
  from space 5120K, 0% used [0x0000000797b00000,0x0000000797b00000,0x0000000798000000)
  to   space 5120K, 0% used [0x0000000797600000,0x0000000797600000,0x0000000797b00000)
 ParOldGen       total 61952K, used 9535K [0x0000000740000000, 0x0000000743c80000, 0x0000000795580000)
  object space 61952K, 15% used [0x0000000740000000,0x000000074094fc10,0x0000000743c80000)
 Metaspace       used 20320K, capacity 21232K, committed 21296K, reserved 1067008K
  class space    used 2961K, capacity 3174K, committed 3200K, reserved 1048576K
}
Event: 7.386 GC heap before
{Heap before GC invocations=4 (full 1):
 PSYoungGen      total 38400K, used 33280K [0x0000000795580000, 0x000000079a080000, 0x00000007c0000000)
  eden space 33280K, 100% used [0x0000000795580000,0x0000000797600000,0x0000000797600000)
  from space 5120K, 0% used [0x0000000797b00000,0x0000000797b00000,0x0000000798000000)
  to   space 5120K, 0% used [0x0000000797600000,0x0000000797600000,0x0000000797b00000)
 ParOldGen       total 61952K, used 9535K [0x0000000740000000, 0x0000000743c80000, 0x0000000795580000)
  object space 61952K, 15% used [0x0000000740000000,0x000000074094fc10,0x0000000743c80000)
 Metaspace       used 26831K, capacity 28106K, committed 28416K, reserved 1073152K
  class space    used 3994K, capacity 4293K, committed 4352K, reserved 1048576K
Event: 7.396 GC heap after
Heap after GC invocations=4 (full 1):
 PSYoungGen      total 38400K, used 5102K [0x0000000795580000, 0x0000000798f80000, 0x00000007c0000000)
  eden space 33280K, 0% used [0x0000000795580000,0x0000000795580000,0x0000000797600000)
  from space 5120K, 99% used [0x0000000797600000,0x0000000797afb870,0x0000000797b00000)
  to   space 5120K, 0% used [0x0000000798a80000,0x0000000798a80000,0x0000000798f80000)
 ParOldGen       total 61952K, used 20577K [0x0000000740000000, 0x0000000743c80000, 0x0000000795580000)
  object space 61952K, 33% used [0x0000000740000000,0x0000000741418560,0x0000000743c80000)
 Metaspace       used 26831K, capacity 28106K, committed 28416K, reserved 1073152K
  class space    used 3994K, capacity 4293K, committed 4352K, reserved 1048576K
}
Event: 85.879 GC heap before
{Heap before GC invocations=5 (full 1):
 PSYoungGen      total 38400K, used 38382K [0x0000000795580000, 0x0000000798f80000, 0x00000007c0000000)
  eden space 33280K, 100% used [0x0000000795580000,0x0000000797600000,0x0000000797600000)
  from space 5120K, 99% used [0x0000000797600000,0x0000000797afb870,0x0000000797b00000)
  to   space 5120K, 0% used [0x0000000798a80000,0x0000000798a80000,0x0000000798f80000)
 ParOldGen       total 61952K, used 20577K [0x0000000740000000, 0x0000000743c80000, 0x0000000795580000)
  object space 61952K, 33% used [0x0000000740000000,0x0000000741418560,0x0000000743c80000)
 Metaspace       used 28454K, capacity 29746K, committed 29952K, reserved 1075200K
  class space    used 4054K, capacity 4343K, committed 4352K, reserved 1048576K
Event: 85.885 GC heap after
Heap after GC invocations=5 (full 1):
 PSYoungGen      total 51712K, used 5112K [0x0000000795580000, 0x0000000798f80000, 0x00000007c0000000)
  eden space 46592K, 0% used [0x0000000795580000,0x0000000795580000,0x0000000798300000)
  from space 5120K, 99% used [0x0000000798a80000,0x0000000798f7e078,0x0000000798f80000)
  to   space 5120K, 0% used [0x0000000798580000,0x0000000798580000,0x0000000798a80000)
 ParOldGen       total 61952K, used 21428K [0x0000000740000000, 0x0000000743c80000, 0x0000000795580000)
  object space 61952K, 34% used [0x0000000740000000,0x00000007414ed260,0x0000000743c80000)
 Metaspace       used 28454K, capacity 29746K, committed 29952K, reserved 1075200K
  class space    used 4054K, capacity 4343K, committed 4352K, reserved 1048576K
}

Deoptimization events (10 events):
Event: 78.701 Thread 0x00007f9ac99a3000 Uncommon trap: reason=unstable_if action=reinterpret pc=0x000000010dad2890 method=com.sun.scenario.effect.impl.ImagePool.checkOut(Lcom/sun/scenario/effect/impl/Renderer;II)Lcom/sun/scenario/effect/impl/PoolFilterable; @ 201
Event: 459.586 Thread 0x00007f9acb07a800 Uncommon trap: reason=bimorphic action=maybe_recompile pc=0x000000010daf96b4 method=com.sun.javafx.scene.EnteredExitedHandler.dispatchCapturingEvent(Ljavafx/event/Event;)Ljavafx/event/Event; @ 12
Event: 459.586 Thread 0x00007f9acb07a800 Uncommon trap: reason=bimorphic action=maybe_recompile pc=0x000000010d67d2d0 method=com.sun.javafx.event.EventHandlerManager.dispatchBubblingEvent(Ljavafx/event/Event;)Ljavafx/event/Event; @ 1
Event: 459.586 Thread 0x00007f9acb07a800 Uncommon trap: reason=bimorphic action=maybe_recompile pc=0x000000010d67d2d0 method=com.sun.javafx.event.EventHandlerManager.dispatchBubblingEvent(Ljavafx/event/Event;)Ljavafx/event/Event; @ 1
Event: 459.586 Thread 0x00007f9acb07a800 Uncommon trap: reason=bimorphic action=maybe_recompile pc=0x000000010d67d2d0 method=com.sun.javafx.event.EventHandlerManager.dispatchBubblingEvent(Ljavafx/event/Event;)Ljavafx/event/Event; @ 1
Event: 459.587 Thread 0x00007f9acb07a800 Uncommon trap: reason=bimorphic action=maybe_recompile pc=0x000000010d67d2d0 method=com.sun.javafx.event.EventHandlerManager.dispatchBubblingEvent(Ljavafx/event/Event;)Ljavafx/event/Event; @ 1
Event: 459.746 Thread 0x00007f9acb07a800 Uncommon trap: reason=bimorphic action=maybe_recompile pc=0x000000010daf96b4 method=com.sun.javafx.scene.EnteredExitedHandler.dispatchCapturingEvent(Ljavafx/event/Event;)Ljavafx/event/Event; @ 12
Event: 459.746 Thread 0x00007f9acb07a800 Uncommon trap: reason=bimorphic action=maybe_recompile pc=0x000000010daf96b4 method=com.sun.javafx.scene.EnteredExitedHandler.dispatchCapturingEvent(Ljavafx/event/Event;)Ljavafx/event/Event; @ 12
Event: 459.746 Thread 0x00007f9acb07a800 Uncommon trap: reason=bimorphic action=maybe_recompile pc=0x000000010daf96b4 method=com.sun.javafx.scene.EnteredExitedHandler.dispatchCapturingEvent(Ljavafx/event/Event;)Ljavafx/event/Event; @ 12
Event: 459.748 Thread 0x00007f9acb07a800 Uncommon trap: reason=unstable_if action=reinterpret pc=0x000000010d37a648 method=javafx.event.Event.<init>(Ljava/lang/Object;Ljavafx/event/EventTarget;Ljavafx/event/EventType;)V @ 2

Internal exceptions (10 events):
Event: 1.004 Thread 0x00007f9acb07a800 Exception <a 'java/io/FileNotFoundException'> (0x0000000796dea4f8) thrown at [/Users/java_re/workspace/8-2-build-macosx-x86_64/jdk8u45/3457/hotspot/src/share/vm/prims/jni.cpp, line 709]
Event: 1.148 Thread 0x00007f9acb07a800 Implicit null exception at 0x000000010d07b235 to 0x000000010d07b471
Event: 1.148 Thread 0x00007f9acb07a800 Implicit null exception at 0x000000010d0711bb to 0x000000010d071bbd
Event: 2.460 Thread 0x00007f9acb07a800 Implicit null exception at 0x000000010d2265da to 0x000000010d226ead
Event: 2.876 Thread 0x00007f9ac9a45800 Implicit null exception at 0x000000010cff4975 to 0x000000010cff4ce1
Event: 2.877 Thread 0x00007f9ac9a45800 Implicit null exception at 0x000000010cf88bf5 to 0x000000010cf88f55
Event: 7.418 Thread 0x00007f9ac99a3000 Exception <a 'java/lang/ArrayIndexOutOfBoundsException': -1> (0x00000007956eea80) thrown at [/Users/java_re/workspace/8-2-build-macosx-x86_64/jdk8u45/3457/hotspot/src/share/vm/interpreter/interpreterRuntime.cpp, line 366]
Event: 7.418 Thread 0x00007f9ac99a3000 Exception <a 'java/lang/ArrayIndexOutOfBoundsException'> (0x00000007956eedf0) thrown at [/Users/java_re/workspace/8-2-build-macosx-x86_64/jdk8u45/3457/hotspot/src/share/vm/runtime/sharedRuntime.cpp, line 605]
Event: 76.661 Thread 0x00007f9ac99a3000 Implicit null exception at 0x000000010d9247f8 to 0x000000010d924d61
Event: 76.669 Thread 0x00007f9ac99a3000 Implicit null exception at 0x000000010d8db77b to 0x000000010d8dbb3d

Events (10 events):
Event: 7514.286 Thread 0x00007f9ad186a000 Thread added: 0x00007f9ad186a000
Event: 7514.293 loading class java/awt/image/BufferedImage$1
Event: 7514.294 loading class java/awt/image/BufferedImage$1 done
Event: 7514.296 loading class javax/swing/RepaintManager$DisplayChangedRunnable
Event: 7514.296 loading class javax/swing/RepaintManager$DisplayChangedRunnable done
Event: 7514.298 Thread 0x00007f9ad08ed800 Thread added: 0x00007f9ad08ed800
Event: 7514.298 Thread 0x00007f9ad0b3a800 Thread added: 0x00007f9ad0b3a800
Event: 7514.299 Thread 0x00007f9ad186a000 Thread exited: 0x00007f9ad186a000
Event: 7514.299 Thread 0x00007f9ad0b3b800 Thread added: 0x00007f9ad0b3b800
Event: 7514.299 Thread 0x00007f9ad0b3b800 Thread exited: 0x00007f9ad0b3b800


Dynamic libraries:
0x0000000007aff000 	/System/Library/Frameworks/Cocoa.framework/Versions/A/Cocoa
0x0000000007aff000 	/System/Library/Frameworks/Security.framework/Versions/A/Security
0x0000000007aff000 	/System/Library/Frameworks/ApplicationServices.framework/Versions/A/ApplicationServices
0x0000000007aff000 	/usr/lib/libz.1.dylib
0x0000000007aff000 	/usr/lib/libSystem.B.dylib
0x0000000007aff000 	/usr/lib/libobjc.A.dylib
0x0000000007aff000 	/System/Library/Frameworks/CoreFoundation.framework/Versions/A/CoreFoundation
0x0000000007aff000 	/System/Library/Frameworks/Foundation.framework/Versions/C/Foundation
0x0000000007aff000 	/System/Library/Frameworks/AppKit.framework/Versions/C/AppKit
0x0000000007aff000 	/System/Library/Frameworks/CoreData.framework/Versions/A/CoreData
0x0000000007aff000 	/System/Library/PrivateFrameworks/RemoteViewServices.framework/Versions/A/RemoteViewServices
0x0000000007aff000 	/System/Library/PrivateFrameworks/UIFoundation.framework/Versions/A/UIFoundation
0x0000000007aff000 	/usr/lib/libScreenReader.dylib
0x0000000007aff000 	/System/Library/Frameworks/Accelerate.framework/Versions/A/Accelerate
0x0000000007aff000 	/System/Library/Frameworks/IOSurface.framework/Versions/A/IOSurface
0x0000000007aff000 	/System/Library/Frameworks/AudioToolbox.framework/Versions/A/AudioToolbox
0x0000000007aff000 	/System/Library/Frameworks/AudioUnit.framework/Versions/A/AudioUnit
0x0000000007aff000 	/System/Library/PrivateFrameworks/DataDetectorsCore.framework/Versions/A/DataDetectorsCore
0x0000000007aff000 	/System/Library/PrivateFrameworks/DesktopServicesPriv.framework/Versions/A/DesktopServicesPriv
0x0000000007aff000 	/System/Library/Frameworks/Carbon.framework/Versions/A/Frameworks/HIToolbox.framework/Versions/A/HIToolbox
0x0000000007aff000 	/System/Library/Frameworks/QuartzCore.framework/Versions/A/QuartzCore
0x0000000007aff000 	/System/Library/Frameworks/Carbon.framework/Versions/A/Frameworks/SpeechRecognition.framework/Versions/A/SpeechRecognition
0x0000000007aff000 	/usr/lib/libauto.dylib
0x0000000007aff000 	/usr/lib/libicucore.A.dylib
0x0000000007aff000 	/usr/lib/libxml2.2.dylib
0x0000000007aff000 	/System/Library/PrivateFrameworks/CoreUI.framework/Versions/A/CoreUI
0x0000000007aff000 	/System/Library/Frameworks/CoreAudio.framework/Versions/A/CoreAudio
0x0000000007aff000 	/System/Library/Frameworks/DiskArbitration.framework/Versions/A/DiskArbitration
0x0000000007aff000 	/usr/lib/liblangid.dylib
0x0000000007aff000 	/System/Library/PrivateFrameworks/MultitouchSupport.framework/Versions/A/MultitouchSupport
0x0000000007aff000 	/System/Library/Frameworks/IOKit.framework/Versions/A/IOKit
0x0000000007aff000 	/usr/lib/libDiagnosticMessagesClient.dylib
0x0000000007aff000 	/System/Library/Frameworks/CoreServices.framework/Versions/A/CoreServices
0x0000000007aff000 	/System/Library/PrivateFrameworks/PerformanceAnalysis.framework/Versions/A/PerformanceAnalysis
0x0000000007aff000 	/System/Library/PrivateFrameworks/GenerationalStorage.framework/Versions/A/GenerationalStorage
0x0000000007aff000 	/System/Library/Frameworks/OpenGL.framework/Versions/A/OpenGL
0x0000000007aff000 	/System/Library/PrivateFrameworks/Sharing.framework/Versions/A/Sharing
0x0000000007aff000 	/System/Library/Frameworks/CoreGraphics.framework/Versions/A/CoreGraphics
0x0000000007aff000 	/System/Library/Frameworks/CoreImage.framework/Versions/A/CoreImage
0x0000000007aff000 	/System/Library/Frameworks/CoreText.framework/Versions/A/CoreText
0x0000000007aff000 	/System/Library/Frameworks/ImageIO.framework/Versions/A/ImageIO
0x0000000007aff000 	/System/Library/PrivateFrameworks/Backup.framework/Versions/A/Backup
0x0000000007aff000 	/usr/lib/libextension.dylib
0x0000000007aff000 	/usr/lib/libarchive.2.dylib
0x0000000007aff000 	/System/Library/Frameworks/CFNetwork.framework/Versions/A/CFNetwork
0x0000000007aff000 	/System/Library/Frameworks/SystemConfiguration.framework/Versions/A/SystemConfiguration
0x0000000007aff000 	/usr/lib/libCRFSuite.dylib
0x0000000007aff000 	/usr/lib/libc++.1.dylib
0x0000000007aff000 	/usr/lib/libc++abi.dylib
0x0000000007aff000 	/usr/lib/system/libcache.dylib
0x0000000007aff000 	/usr/lib/system/libcommonCrypto.dylib
0x0000000007aff000 	/usr/lib/system/libcompiler_rt.dylib
0x0000000007aff000 	/usr/lib/system/libcopyfile.dylib
0x0000000007aff000 	/usr/lib/system/libcorecrypto.dylib
0x0000000007aff000 	/usr/lib/system/libdispatch.dylib
0x0000000007aff000 	/usr/lib/system/libdyld.dylib
0x0000000007aff000 	/usr/lib/system/libkeymgr.dylib
0x0000000007aff000 	/usr/lib/system/liblaunch.dylib
0x0000000007aff000 	/usr/lib/system/libmacho.dylib
0x0000000007aff000 	/usr/lib/system/libquarantine.dylib
0x0000000007aff000 	/usr/lib/system/libremovefile.dylib
0x0000000007aff000 	/usr/lib/system/libsystem_asl.dylib
0x0000000007aff000 	/usr/lib/system/libsystem_blocks.dylib
0x0000000007aff000 	/usr/lib/system/libsystem_c.dylib
0x0000000007aff000 	/usr/lib/system/libsystem_configuration.dylib
0x0000000007aff000 	/usr/lib/system/libsystem_coreservices.dylib
0x0000000007aff000 	/usr/lib/system/libsystem_coretls.dylib
0x0000000007aff000 	/usr/lib/system/libsystem_dnssd.dylib
0x0000000007aff000 	/usr/lib/system/libsystem_info.dylib
0x0000000007aff000 	/usr/lib/system/libsystem_kernel.dylib
0x0000000007aff000 	/usr/lib/system/libsystem_m.dylib
0x0000000007aff000 	/usr/lib/system/libsystem_malloc.dylib
0x0000000007aff000 	/usr/lib/system/libsystem_network.dylib
0x0000000007aff000 	/usr/lib/system/libsystem_networkextension.dylib
0x0000000007aff000 	/usr/lib/system/libsystem_notify.dylib
0x0000000007aff000 	/usr/lib/system/libsystem_platform.dylib
0x0000000007aff000 	/usr/lib/system/libsystem_pthread.dylib
0x0000000007aff000 	/usr/lib/system/libsystem_sandbox.dylib
0x0000000007aff000 	/usr/lib/system/libsystem_secinit.dylib
0x0000000007aff000 	/usr/lib/system/libsystem_trace.dylib
0x0000000007aff000 	/usr/lib/system/libunc.dylib
0x0000000007aff000 	/usr/lib/system/libunwind.dylib
0x0000000007aff000 	/usr/lib/system/libxpc.dylib
0x0000000007aff000 	/usr/lib/libenergytrace.dylib
0x0000000007aff000 	/usr/lib/libbsm.0.dylib
0x0000000007aff000 	/usr/lib/system/libkxld.dylib
0x0000000007aff000 	/usr/lib/libxar.1.dylib
0x0000000007aff000 	/usr/lib/libsqlite3.dylib
0x0000000007aff000 	/usr/lib/libpam.2.dylib
0x0000000007aff000 	/usr/lib/libOpenScriptingUtil.dylib
0x0000000007aff000 	/usr/lib/libbz2.1.0.dylib
0x0000000007aff000 	/usr/lib/liblzma.5.dylib
0x0000000007aff000 	/System/Library/Frameworks/CoreServices.framework/Versions/A/Frameworks/FSEvents.framework/Versions/A/FSEvents
0x0000000007aff000 	/System/Library/Frameworks/CoreServices.framework/Versions/A/Frameworks/CarbonCore.framework/Versions/A/CarbonCore
0x0000000007aff000 	/System/Library/Frameworks/CoreServices.framework/Versions/A/Frameworks/Metadata.framework/Versions/A/Metadata
0x0000000007aff000 	/System/Library/Frameworks/CoreServices.framework/Versions/A/Frameworks/OSServices.framework/Versions/A/OSServices
0x0000000007aff000 	/System/Library/Frameworks/CoreServices.framework/Versions/A/Frameworks/SearchKit.framework/Versions/A/SearchKit
0x0000000007aff000 	/System/Library/Frameworks/CoreServices.framework/Versions/A/Frameworks/AE.framework/Versions/A/AE
0x0000000007aff000 	/System/Library/Frameworks/CoreServices.framework/Versions/A/Frameworks/LaunchServices.framework/Versions/A/LaunchServices
0x0000000007aff000 	/System/Library/Frameworks/CoreServices.framework/Versions/A/Frameworks/DictionaryServices.framework/Versions/A/DictionaryServices
0x0000000007aff000 	/System/Library/Frameworks/CoreServices.framework/Versions/A/Frameworks/SharedFileList.framework/Versions/A/SharedFileList
0x0000000007aff000 	/System/Library/Frameworks/NetFS.framework/Versions/A/NetFS
0x0000000007aff000 	/System/Library/PrivateFrameworks/NetAuth.framework/Versions/A/NetAuth
0x0000000007aff000 	/System/Library/PrivateFrameworks/login.framework/Versions/A/Frameworks/loginsupport.framework/Versions/A/loginsupport
0x0000000007aff000 	/System/Library/PrivateFrameworks/TCC.framework/Versions/A/TCC
0x0000000007aff000 	/usr/lib/libmecabra.dylib
0x0000000007aff000 	/System/Library/Frameworks/ApplicationServices.framework/Versions/A/Frameworks/ATS.framework/Versions/A/ATS
0x0000000007aff000 	/System/Library/Frameworks/ApplicationServices.framework/Versions/A/Frameworks/ColorSync.framework/Versions/A/ColorSync
0x0000000007aff000 	/System/Library/Frameworks/ApplicationServices.framework/Versions/A/Frameworks/HIServices.framework/Versions/A/HIServices
0x0000000007aff000 	/System/Library/Frameworks/ApplicationServices.framework/Versions/A/Frameworks/LangAnalysis.framework/Versions/A/LangAnalysis
0x0000000007aff000 	/System/Library/Frameworks/ApplicationServices.framework/Versions/A/Frameworks/PrintCore.framework/Versions/A/PrintCore
0x0000000007aff000 	/System/Library/Frameworks/ApplicationServices.framework/Versions/A/Frameworks/QD.framework/Versions/A/QD
0x0000000007aff000 	/System/Library/Frameworks/ApplicationServices.framework/Versions/A/Frameworks/SpeechSynthesis.framework/Versions/A/SpeechSynthesis
0x0000000007aff000 	/System/Library/Frameworks/Metal.framework/Versions/A/Metal
0x0000000007aff000 	/System/Library/Frameworks/Accelerate.framework/Versions/A/Frameworks/vImage.framework/Versions/A/vImage
0x0000000007aff000 	/System/Library/Frameworks/Accelerate.framework/Versions/A/Frameworks/vecLib.framework/Versions/A/vecLib
0x0000000007aff000 	/System/Library/Frameworks/Accelerate.framework/Versions/A/Frameworks/vecLib.framework/Versions/A/libvDSP.dylib
0x0000000007aff000 	/System/Library/Frameworks/Accelerate.framework/Versions/A/Frameworks/vecLib.framework/Versions/A/libvMisc.dylib
0x0000000007aff000 	/System/Library/Frameworks/Accelerate.framework/Versions/A/Frameworks/vecLib.framework/Versions/A/libLAPACK.dylib
0x0000000007aff000 	/System/Library/Frameworks/Accelerate.framework/Versions/A/Frameworks/vecLib.framework/Versions/A/libBLAS.dylib
0x0000000007aff000 	/System/Library/Frameworks/Accelerate.framework/Versions/A/Frameworks/vecLib.framework/Versions/A/libLinearAlgebra.dylib
0x0000000007aff000 	/System/Library/Frameworks/Accelerate.framework/Versions/A/Frameworks/vecLib.framework/Versions/A/libSparseBLAS.dylib
0x0000000007aff000 	/System/Library/PrivateFrameworks/GPUCompiler.framework/libmetal_timestamp.dylib
0x0000000007aff000 	/System/Library/Frameworks/OpenGL.framework/Versions/A/Libraries/libCoreFSCache.dylib
0x0000000007aff000 	/System/Library/PrivateFrameworks/IOAccelerator.framework/Versions/A/IOAccelerator
0x0000000007aff000 	/System/Library/Frameworks/ApplicationServices.framework/Versions/A/Frameworks/ATS.framework/Versions/A/Resources/libFontParser.dylib
0x0000000007aff000 	/System/Library/Frameworks/ApplicationServices.framework/Versions/A/Frameworks/ATS.framework/Versions/A/Resources/libFontRegistry.dylib
0x0000000007aff000 	/System/Library/PrivateFrameworks/AppleVPA.framework/Versions/A/AppleVPA
0x0000000007aff000 	/System/Library/PrivateFrameworks/AppleJPEG.framework/Versions/A/AppleJPEG
0x0000000007aff000 	/System/Library/Frameworks/ImageIO.framework/Versions/A/Resources/libJPEG.dylib
0x0000000007aff000 	/System/Library/Frameworks/ImageIO.framework/Versions/A/Resources/libTIFF.dylib
0x0000000007aff000 	/System/Library/Frameworks/ImageIO.framework/Versions/A/Resources/libPng.dylib
0x0000000007aff000 	/System/Library/Frameworks/ImageIO.framework/Versions/A/Resources/libGIF.dylib
0x0000000007aff000 	/System/Library/Frameworks/ImageIO.framework/Versions/A/Resources/libJP2.dylib
0x0000000007aff000 	/System/Library/Frameworks/ImageIO.framework/Versions/A/Resources/libRadiance.dylib
0x0000000007aff000 	/System/Library/Frameworks/CoreVideo.framework/Versions/A/CoreVideo
0x0000000007aff000 	/System/Library/Frameworks/OpenGL.framework/Versions/A/Libraries/libGLU.dylib
0x0000000007aff000 	/System/Library/Frameworks/OpenGL.framework/Versions/A/Libraries/libGFXShared.dylib
0x0000000007aff000 	/System/Library/Frameworks/OpenGL.framework/Versions/A/Libraries/libGL.dylib
0x0000000007aff000 	/System/Library/Frameworks/OpenGL.framework/Versions/A/Libraries/libGLImage.dylib
0x0000000007aff000 	/System/Library/Frameworks/OpenGL.framework/Versions/A/Libraries/libCVMSPluginSupport.dylib
0x0000000007aff000 	/System/Library/Frameworks/OpenGL.framework/Versions/A/Libraries/libCoreVMClient.dylib
0x0000000007aff000 	/usr/lib/libcompression.dylib
0x0000000007aff000 	/usr/lib/libcups.2.dylib
0x0000000007aff000 	/System/Library/Frameworks/Kerberos.framework/Versions/A/Kerberos
0x0000000007aff000 	/System/Library/Frameworks/GSS.framework/Versions/A/GSS
0x0000000007aff000 	/usr/lib/libresolv.9.dylib
0x0000000007aff000 	/usr/lib/libiconv.2.dylib
0x0000000007aff000 	/System/Library/PrivateFrameworks/Heimdal.framework/Versions/A/Heimdal
0x0000000007aff000 	/usr/lib/libheimdal-asn1.dylib
0x0000000007aff000 	/System/Library/Frameworks/OpenDirectory.framework/Versions/A/OpenDirectory
0x0000000007aff000 	/System/Library/PrivateFrameworks/CommonAuth.framework/Versions/A/CommonAuth
0x0000000007aff000 	/System/Library/Frameworks/OpenDirectory.framework/Versions/A/Frameworks/CFOpenDirectory.framework/Versions/A/CFOpenDirectory
0x0000000007aff000 	/System/Library/Frameworks/SecurityFoundation.framework/Versions/A/SecurityFoundation
0x0000000007aff000 	/System/Library/PrivateFrameworks/LanguageModeling.framework/Versions/A/LanguageModeling
0x0000000007aff000 	/usr/lib/libmarisa.dylib
0x0000000007aff000 	/usr/lib/libChineseTokenizer.dylib
0x0000000007aff000 	/usr/lib/libcmph.dylib
0x0000000007aff000 	/System/Library/Frameworks/ServiceManagement.framework/Versions/A/ServiceManagement
0x0000000007aff000 	/usr/lib/libxslt.1.dylib
0x0000000007aff000 	/System/Library/Frameworks/Carbon.framework/Versions/A/Frameworks/Ink.framework/Versions/A/Ink
0x0000000007aff000 	/usr/lib/libFosl_dynamic.dylib
0x0000000007aff000 	/System/Library/PrivateFrameworks/FaceCore.framework/Versions/A/FaceCore
0x0000000007aff000 	/System/Library/Frameworks/OpenCL.framework/Versions/A/OpenCL
0x0000000007aff000 	/System/Library/PrivateFrameworks/CrashReporterSupport.framework/Versions/A/CrashReporterSupport
0x0000000007aff000 	/System/Library/PrivateFrameworks/IconServices.framework/Versions/A/IconServices
0x0000000007aff000 	/System/Library/PrivateFrameworks/Apple80211.framework/Versions/A/Apple80211
0x0000000007aff000 	/System/Library/Frameworks/CoreWLAN.framework/Versions/A/CoreWLAN
0x0000000007aff000 	/System/Library/Frameworks/IOBluetooth.framework/Versions/A/IOBluetooth
0x0000000007aff000 	/System/Library/PrivateFrameworks/CoreWiFi.framework/Versions/A/CoreWiFi
0x0000000007aff000 	/System/Library/Frameworks/CoreBluetooth.framework/Versions/A/CoreBluetooth
0x0000000007aff000 	/System/Library/PrivateFrameworks/ChunkingLibrary.framework/Versions/A/ChunkingLibrary
0x0000000007aff000 	/System/Library/PrivateFrameworks/DebugSymbols.framework/Versions/A/DebugSymbols
0x0000000007aff000 	/System/Library/PrivateFrameworks/CoreSymbolication.framework/Versions/A/CoreSymbolication
0x0000000007aff000 	/System/Library/PrivateFrameworks/Symbolication.framework/Versions/A/Symbolication
0x0000000007aff000 	/System/Library/PrivateFrameworks/SpeechRecognitionCore.framework/Versions/A/SpeechRecognitionCore
0x00000000509b7000 	/System/Library/CoreServices/Encodings/libKoreanConverter.dylib
0x000000010be00000 	/Library/Java/JavaVirtualMachines/jdk1.8.0_45.jdk/Contents/Home/jre/lib/server/libjvm.dylib
0x0000000007aff000 	/usr/lib/libstdc++.6.dylib
0x000000010b512000 	/Library/Java/JavaVirtualMachines/jdk1.8.0_45.jdk/Contents/Home/jre/lib/libverify.dylib
0x000000010b520000 	/Library/Java/JavaVirtualMachines/jdk1.8.0_45.jdk/Contents/Home/jre/lib/libjava.dylib
0x000000010b55f000 	/Library/Java/JavaVirtualMachines/jdk1.8.0_45.jdk/Contents/Home/jre/lib/libzip.dylib
0x000000012263b000 	/System/Library/Frameworks/JavaVM.framework/Frameworks/JavaRuntimeSupport.framework/JavaRuntimeSupport
0x0000000122656000 	/System/Library/Frameworks/JavaVM.framework/Versions/A/Frameworks/JavaNativeFoundation.framework/Versions/A/JavaNativeFoundation
0x000000012266b000 	/System/Library/Frameworks/JavaVM.framework/Versions/A/JavaVM
0x0000000007aff000 	/System/Library/Frameworks/Carbon.framework/Versions/A/Carbon
0x0000000122678000 	/System/Library/PrivateFrameworks/JavaLaunching.framework/Versions/A/JavaLaunching
0x0000000007aff000 	/System/Library/Frameworks/Carbon.framework/Versions/A/Frameworks/CommonPanels.framework/Versions/A/CommonPanels
0x0000000007aff000 	/System/Library/Frameworks/Carbon.framework/Versions/A/Frameworks/Help.framework/Versions/A/Help
0x0000000007aff000 	/System/Library/Frameworks/Carbon.framework/Versions/A/Frameworks/ImageCapture.framework/Versions/A/ImageCapture
0x0000000007aff000 	/System/Library/Frameworks/Carbon.framework/Versions/A/Frameworks/OpenScripting.framework/Versions/A/OpenScripting
0x0000000007aff000 	/System/Library/Frameworks/Carbon.framework/Versions/A/Frameworks/Print.framework/Versions/A/Print
0x0000000007aff000 	/System/Library/Frameworks/Carbon.framework/Versions/A/Frameworks/SecurityHI.framework/Versions/A/SecurityHI
0x000000012406f000 	/Library/Java/JavaVirtualMachines/jdk1.8.0_45.jdk/Contents/Home/jre/lib/libprism_es2.dylib
0x0000000007aff000 	/System/Library/Frameworks/OpenGL.framework/Versions/A/Resources/GLEngine.bundle/GLEngine
0x0000000007aff000 	/System/Library/Frameworks/OpenGL.framework/Versions/A/Libraries/libGLProgrammability.dylib
0x00000001240f1000 	/System/Library/Extensions/AppleIntelBDWGraphicsGLDriver.bundle/Contents/MacOS/AppleIntelBDWGraphicsGLDriver
0x0000000007aff000 	/System/Library/PrivateFrameworks/GPUSupport.framework/Versions/A/Libraries/libGPUSupportMercury.dylib
0x0000000007aff000 	/System/Library/Frameworks/OpenGL.framework/Versions/A/Resources/GLRendererFloat.bundle/GLRendererFloat
0x0000000007aff000 	/System/Library/Frameworks/OpenCL.framework/Versions/A/Libraries/libcldcpuengine.dylib
0x0000000007aff000 	/System/Library/PrivateFrameworks/DiskImages.framework/Versions/A/DiskImages
0x0000000007aff000 	/System/Library/Frameworks/DiscRecording.framework/Versions/A/DiscRecording
0x0000000007aff000 	/usr/lib/libcsfde.dylib
0x0000000007aff000 	/usr/lib/libcurl.4.dylib
0x0000000007aff000 	/System/Library/PrivateFrameworks/MediaKit.framework/Versions/A/MediaKit
0x0000000007aff000 	/System/Library/PrivateFrameworks/ProtectedCloudStorage.framework/Versions/A/ProtectedCloudStorage
0x0000000007aff000 	/usr/lib/libCoreStorage.dylib
0x0000000007aff000 	/System/Library/PrivateFrameworks/EFILogin.framework/Versions/A/EFILogin
0x0000000007aff000 	/usr/lib/libutil.dylib
0x0000000007aff000 	/System/Library/PrivateFrameworks/FindMyDevice.framework/Versions/A/FindMyDevice
0x0000000007aff000 	/System/Library/Frameworks/LDAP.framework/Versions/A/LDAP
0x0000000007aff000 	/usr/lib/libsasl2.2.dylib
0x0000000007aff000 	/System/Library/PrivateFrameworks/CoreDaemon.framework/Versions/B/CoreDaemon
0x0000000007aff000 	/usr/lib/libcrypto.0.9.8.dylib
0x0000000007aff000 	/System/Library/PrivateFrameworks/AppleSRP.framework/Versions/A/AppleSRP
0x0000000007aff000 	/System/Library/PrivateFrameworks/TrustEvaluationAgent.framework/Versions/A/TrustEvaluationAgent
0x0000000124c2a000 	/Library/Java/JavaVirtualMachines/jdk1.8.0_45.jdk/Contents/Home/jre/lib/libglass.dylib
0x0000000007aff000 	/System/Library/PrivateFrameworks/CoreServicesInternal.framework/Versions/A/CoreServicesInternal
0x0000000007aff000 	/System/Library/CoreServices/RawCamera.bundle/Contents/MacOS/RawCamera
0x0000000007aff000 	/System/Library/Frameworks/CoreGraphics.framework/Versions/A/Resources/libRIP.A.dylib
0x0000000007aff000 	/System/Library/Frameworks/Accelerate.framework/Versions/A/Frameworks/vImage.framework/Versions/A/Libraries/libCGInterfaces.dylib
0x0000000007aff000 	/System/Library/PrivateFrameworks/FamilyControls.framework/Versions/A/FamilyControls
0x0000000007aff000 	/System/Library/PrivateFrameworks/CommerceKit.framework/Versions/A/Frameworks/CommerceCore.framework/Versions/A/CommerceCore
0x0000000007aff000 	/System/Library/PrivateFrameworks/SystemAdministration.framework/Versions/A/SystemAdministration
0x0000000007aff000 	/System/Library/PrivateFrameworks/AppContainer.framework/Versions/A/AppContainer
0x0000000007aff000 	/System/Library/PrivateFrameworks/SecCodeWrapper.framework/Versions/A/SecCodeWrapper
0x0000000007aff000 	/System/Library/Frameworks/DirectoryService.framework/Versions/A/DirectoryService
0x0000000007aff000 	/System/Library/PrivateFrameworks/LoginUIKit.framework/Versions/A/Frameworks/LoginUICore.framework/Versions/A/LoginUICore
0x0000000007aff000 	/usr/lib/libodfde.dylib
0x000000012830a000 	/Library/Java/JavaVirtualMachines/jdk1.8.0_45.jdk/Contents/Home/jre/lib/libjavafx_font.dylib
0x0000000007aff000 	/System/Library/Frameworks/CoreGraphics.framework/Versions/A/Resources/libCGXType.A.dylib
0x00000001287b2000 	/Library/Java/JavaVirtualMachines/jdk1.8.0_45.jdk/Contents/Home/jre/lib/libawt.dylib
0x000000012885a000 	/Library/Java/JavaVirtualMachines/jdk1.8.0_45.jdk/Contents/Home/jre/lib/./libmlib_image.dylib
0x0000000128926000 	/Library/Java/JavaVirtualMachines/jdk1.8.0_45.jdk/Contents/Home/jre/lib/libawt_lwawt.dylib
0x00000001289da000 	/Library/Java/JavaVirtualMachines/jdk1.8.0_45.jdk/Contents/Home/jre/lib/./libosxapp.dylib
0x0000000007aff000 	/System/Library/Frameworks/ExceptionHandling.framework/Versions/A/ExceptionHandling
0x00000001289fb000 	/Library/Java/JavaVirtualMachines/jdk1.8.0_45.jdk/Contents/Home/jre/lib/libfontmanager.dylib
0x0000000128a62000 	/Library/Java/JavaVirtualMachines/jdk1.8.0_45.jdk/Contents/Home/jre/lib/libjavafx_iio.dylib
0x0000000128a9a000 	/Library/Java/JavaVirtualMachines/jdk1.8.0_45.jdk/Contents/Home/jre/lib/libosxui.dylib
0x000000012bfbe000 	cl_kernels
0x0000000007aff000 	/System/Library/Frameworks/OpenCL.framework/Versions/A/Libraries/ImageFormats/unorm8_bgra.dylib
0x0000000007aff000 	/System/Library/Frameworks/OpenCL.framework/Versions/A/Libraries/ImageFormats/unorm8_rgba.dylib
0x000000012e253000 	/Library/Java/JavaVirtualMachines/jdk1.8.0_45.jdk/Contents/Home/jre/lib/libprism_common.dylib
0x00000001304c9000 	/System/Library/Extensions/AppleIntelBDWGraphicsMTLDriver.bundle/Contents/MacOS/AppleIntelBDWGraphicsMTLDriver
0x0000000131e67000 	/Library/Java/JavaVirtualMachines/jdk1.8.0_45.jdk/Contents/Home/jre/lib/libnet.dylib
0x0000000131e7e000 	/Library/Java/JavaVirtualMachines/jdk1.8.0_45.jdk/Contents/Home/jre/lib/libnio.dylib
0x0000000125b97000 	/System/Library/Frameworks/Security.framework/PlugIns/csparser.bundle/Contents/MacOS/csparser
0x0000000007aff000 	/System/Library/PrivateFrameworks/FinderKit.framework/Versions/A/FinderKit
0x0000000007aff000 	/System/Library/Frameworks/Quartz.framework/Versions/A/Frameworks/QuickLookUI.framework/Versions/A/QuickLookUI
0x0000000007aff000 	/System/Library/Frameworks/Quartz.framework/Versions/A/Frameworks/ImageKit.framework/Versions/A/ImageKit
0x0000000007aff000 	/System/Library/PrivateFrameworks/Bom.framework/Versions/A/Bom
0x0000000007aff000 	/System/Library/Frameworks/QuickLook.framework/Versions/A/QuickLook
0x0000000007aff000 	/System/Library/PrivateFrameworks/Suggestions.framework/Versions/A/Suggestions
0x0000000007aff000 	/System/Library/PrivateFrameworks/AppleSystemInfo.framework/Versions/A/AppleSystemInfo
0x0000000007aff000 	/System/Library/Frameworks/ImageCaptureCore.framework/Versions/A/ImageCaptureCore
0x0000000007aff000 	/System/Library/PrivateFrameworks/SafariServices.framework/Versions/A/SafariServices
0x0000000007aff000 	/usr/lib/libspindump.dylib
0x0000000007aff000 	/System/Library/Frameworks/QTKit.framework/Versions/A/QTKit
0x0000000007aff000 	/System/Library/Frameworks/AVFoundation.framework/Versions/A/AVFoundation
0x0000000007aff000 	/System/Library/Frameworks/CoreMedia.framework/Versions/A/CoreMedia
0x0000000007aff000 	/System/Library/Frameworks/MediaToolbox.framework/Versions/A/MediaToolbox
0x0000000007aff000 	/System/Library/Frameworks/VideoToolbox.framework/Versions/A/VideoToolbox
0x0000000007aff000 	/System/Library/PrivateFrameworks/CoreMediaAuthoring.framework/Versions/A/CoreMediaAuthoring
0x0000000007aff000 	/System/Library/Frameworks/CoreMediaIO.framework/Versions/A/CoreMediaIO
0x0000000007aff000 	/System/Library/Frameworks/AVFoundation.framework/Versions/A/Resources/libAVFAudio.dylib
0x0000000007aff000 	/System/Library/PrivateFrameworks/CoreAVCHD.framework/Versions/A/CoreAVCHD
0x0000000007aff000 	/System/Library/Frameworks/MediaAccessibility.framework/Versions/A/MediaAccessibility
0x0000000007aff000 	/System/Library/PrivateFrameworks/Mangrove.framework/Versions/A/Mangrove
0x0000000007aff000 	/System/Library/PrivateFrameworks/CoreAUC.framework/Versions/A/CoreAUC
0x0000000007aff000 	/System/Library/PrivateFrameworks/AppleVA.framework/Versions/A/AppleVA
0x0000000007aff000 	/System/Library/PrivateFrameworks/XPCService.framework/Versions/A/XPCService
0x0000000007aff000 	/System/Library/PrivateFrameworks/AppSandbox.framework/Versions/A/AppSandbox
0x0000000007aff000 	/usr/lib/libsandbox.1.dylib
0x0000000007aff000 	/usr/lib/libMatch.1.dylib
0x0000000007aff000 	/System/Library/PrivateFrameworks/DisplayServices.framework/Versions/A/DisplayServices
0x0000000007aff000 	/System/Library/Frameworks/Quartz.framework/Versions/A/Frameworks/PDFKit.framework/Versions/A/PDFKit
0x0000000007aff000 	/System/Library/Frameworks/Quartz.framework/Versions/A/Frameworks/QuartzComposer.framework/Versions/A/QuartzComposer
0x0000000007aff000 	/System/Library/Frameworks/Quartz.framework/Versions/A/Frameworks/QuartzFilters.framework/Versions/A/QuartzFilters
0x0000000007aff000 	/System/Library/PrivateFrameworks/CorePDF.framework/Versions/A/CorePDF
0x0000000007aff000 	/System/Library/Frameworks/JavaScriptCore.framework/Versions/A/JavaScriptCore
0x0000000007aff000 	/System/Library/PrivateFrameworks/AppleFSCompression.framework/Versions/A/AppleFSCompression
0x0000000007aff000 	/System/Library/Frameworks/AddressBook.framework/Versions/A/AddressBook
0x0000000007aff000 	/System/Library/PrivateFrameworks/ContactsPersistence.framework/Versions/A/ContactsPersistence
0x0000000007aff000 	/System/Library/PrivateFrameworks/ContactsFoundation.framework/Versions/A/ContactsFoundation
0x0000000007aff000 	/System/Library/PrivateFrameworks/vCard.framework/Versions/A/vCard
0x0000000007aff000 	/System/Library/PrivateFrameworks/IntlPreferences.framework/Versions/A/IntlPreferences
0x0000000007aff000 	/System/Library/PrivateFrameworks/ToneLibrary.framework/Versions/A/ToneLibrary
0x0000000007aff000 	/System/Library/PrivateFrameworks/ToneKit.framework/Versions/A/ToneKit
0x0000000007aff000 	/System/Library/PrivateFrameworks/ApplePushService.framework/Versions/A/ApplePushService
0x0000000007aff000 	/System/Library/Frameworks/SecurityInterface.framework/Versions/A/SecurityInterface
0x0000000007aff000 	/System/Library/PrivateFrameworks/PhoneNumbers.framework/Versions/A/PhoneNumbers
0x0000000007aff000 	/System/Library/PrivateFrameworks/ViewBridge.framework/Versions/A/ViewBridge
0x0000000007aff000 	/System/Library/Frameworks/Quartz.framework/Versions/A/Quartz
0x0000000007aff000 	/System/Library/PrivateFrameworks/CloudDocs.framework/Versions/A/CloudDocs
0x0000000007aff000 	/System/Library/PrivateFrameworks/CoreDuet.framework/Versions/A/CoreDuet
0x0000000007aff000 	/System/Library/Frameworks/CloudKit.framework/Versions/A/CloudKit
0x0000000007aff000 	/System/Library/PrivateFrameworks/ProtocolBuffer.framework/Versions/A/ProtocolBuffer
0x0000000007aff000 	/System/Library/PrivateFrameworks/CoreDuetDaemonProtocol.framework/Versions/A/CoreDuetDaemonProtocol
0x0000000007aff000 	/System/Library/PrivateFrameworks/CoreDuetDebugLogging.framework/Versions/A/CoreDuetDebugLogging
0x0000000007aff000 	/System/Library/PrivateFrameworks/MMCS.framework/Versions/A/MMCS
0x0000000007aff000 	/System/Library/Frameworks/CoreLocation.framework/Versions/A/CoreLocation
0x0000000007aff000 	/System/Library/PrivateFrameworks/AssetCacheServices.framework/Versions/A/AssetCacheServices
0x0000000007aff000 	/System/Library/PrivateFrameworks/GeoServices.framework/Versions/A/GeoServices
0x0000000007aff000 	/System/Library/PrivateFrameworks/PlugInKit.framework/Versions/A/PlugInKit
0x0000000007aff000 	/System/Library/PrivateFrameworks/NetFSServer.framework/Versions/A/NetFSServer
0x0000000007aff000 	/System/Library/PrivateFrameworks/CacheDelete.framework/Versions/A/CacheDelete
0x000000013b60b000 	/System/Library/Frameworks/Quartz.framework/Versions/A/Frameworks/QuickLookUI.framework/Versions/A/PlugIns/Text.qldisplay/Contents/MacOS/Text
0x0000000007aff000 	/System/Library/Frameworks/ApplicationServices.framework/Versions/A/Frameworks/ATS.framework/Versions/A/Resources/libTrueTypeScaler.dylib

VM Arguments:
jvm_args: -Dfile.encoding=UTF-8 
java_command: application.CodeScatchFX
java_class_path (initial): /Users/newmacpro/Documents/workspace/codeScatch/bin:/Applications/Eclipse.app/Contents/Eclipse/plugins/org.eclipse.fx.ide.css.jfx8_2.3.0.201603030809.jar:/Users/newmacpro/Documents/workspace/codeScatch/libs/antlr-4.5.3/antlr-4.5.3-complete.jar:/Users/newmacpro/Documents/workspace/codeScatch/libs/jfxtras/jfxtras-common-8.0-r5-SNAPSHOT.jar:/Users/newmacpro/Documents/workspace/codeScatch/libs/jfxtras/jfxtras-controls-8.0-r5-SNAPSHOT.jar:/Users/newmacpro/Documents/workspace/codeScatch/libs/jfxtras/jfxtras-fxml-8.0-r5-SNAPSHOT.jar:/Users/newmacpro/Documents/workspace/codeScatch/libs/jfxtras/jfxtras-labs-8.0-r5-20160515.080214-228.jar:/Users/newmacpro/Documents/workspace/codeScatch/libs/jfxtras/jfxtras-menu-8.0-r5-SNAPSHOT.jar:/Users/newmacpro/Documents/workspace/codeScatch/libs/jfxtras/jfxtras-window-8.0-r5-SNAPSHOT.jar:/Users/newmacpro/Documents/workspace/codeScatch/libs/jvxfx-1.0/jvxfx-1.0.jar:/Users/newmacpro/Documents/workspace/codeScatch/libs/miglayout-5.1/miglayout-core-5.1-20160416.220029-387.jar:/Users/newmacpro/Documents/workspace/codeScatch/libs/miglayout-5.1/miglayout-swing-5.1-20160419.220020-390.jar:/Users/newmacpro/Documents/workspace/codeScatch/libs/rsyntaxtextarea-2.5.7/rsyntaxtextarea-2.5.7.jar
Launcher Type: SUN_STANDARD

Environment Variables:
PATH=/usr/bin:/bin:/usr/sbin:/sbin
SHELL=/bin/bash
DISPLAY=/private/tmp/com.apple.launchd.KWZYzDcXsP/org.macosforge.xquartz:0

Signal Handlers:
SIGSEGV: [libjvm.dylib+0x58ef95], sa_mask[0]=11111111011111110111111111111111, sa_flags=SA_ONSTACK|SA_RESTART|SA_SIGINFO
SIGBUS: [libjvm.dylib+0x58ef95], sa_mask[0]=11111111011111110111111111111111, sa_flags=SA_RESTART|SA_SIGINFO
SIGFPE: [libjvm.dylib+0x46c108], sa_mask[0]=11111111011111110111111111111111, sa_flags=SA_RESTART|SA_SIGINFO
SIGPIPE: [libjvm.dylib+0x46c108], sa_mask[0]=11111111011111110111111111111111, sa_flags=SA_RESTART|SA_SIGINFO
SIGXFSZ: [libjvm.dylib+0x46c108], sa_mask[0]=11111111011111110111111111111111, sa_flags=SA_RESTART|SA_SIGINFO
SIGILL: [libjvm.dylib+0x46c108], sa_mask[0]=11111111011111110111111111111111, sa_flags=SA_RESTART|SA_SIGINFO
SIGUSR1: SIG_DFL, sa_mask[0]=00000000000000000000000000000000, sa_flags=none
SIGUSR2: [libjvm.dylib+0x46bc26], sa_mask[0]=00100000000000000000000000000000, sa_flags=SA_RESTART|SA_SIGINFO
SIGHUP: [libjvm.dylib+0x46a1f9], sa_mask[0]=11111111011111110111111111111111, sa_flags=SA_RESTART|SA_SIGINFO
SIGINT: [libjvm.dylib+0x46a1f9], sa_mask[0]=11111111011111110111111111111111, sa_flags=SA_RESTART|SA_SIGINFO
SIGTERM: [libjvm.dylib+0x46a1f9], sa_mask[0]=11111111011111110111111111111111, sa_flags=SA_RESTART|SA_SIGINFO
SIGQUIT: [libjvm.dylib+0x46a1f9], sa_mask[0]=11111111011111110111111111111111, sa_flags=SA_RESTART|SA_SIGINFO


---------------  S Y S T E M  ---------------

OS:Bsduname:Darwin 15.5.0 Darwin Kernel Version 15.5.0: Tue Apr 19 18:36:36 PDT 2016; root:xnu-3248.50.21~8/RELEASE_X86_64 x86_64
rlimit: STACK 8192k, CORE 0k, NPROC 709, NOFILE 10240, AS infinity
load average:1.83 2.08 2.06

CPU:total 4 (2 cores per cpu, 2 threads per core) family 6 model 61 stepping 4, cmov, cx8, fxsr, mmx, sse, sse2, sse3, ssse3, sse4.1, sse4.2, popcnt, avx, avx2, aes, clmul, erms, 3dnowpref, lzcnt, ht, tsc, tscinvbit, bmi1, bmi2, adx

Memory: 4k page, physical 8388608k(33176k free)

/proc/meminfo:


vm_info: Java HotSpot(TM) 64-Bit Server VM (25.45-b02) for bsd-amd64 JRE (1.8.0_45-b14), built on Apr 10 2015 10:46:38 by "java_re" with gcc 4.2.1 (Based on Apple Inc. build 5658) (LLVM build 2336.11.00)

time: Thu Jun  9 06:42:05 2016
elapsed time: 7514 seconds (0d 2h 5m 14s)

