#
# A fatal error has been detected by the Java Runtime Environment:
#
#  SIGSEGV (0xb) at pc=0x000000012416c511, pid=43320, tid=2571
#
# JRE version: Java(TM) SE Runtime Environment (8.0_45-b14) (build 1.8.0_45-b14)
# Java VM: Java HotSpot(TM) 64-Bit Server VM (25.45-b02 mixed mode bsd-amd64 compressed oops)
# Problematic frame:
# C  [libglass.dylib+0x15511]  GlassScreenDidChangeScreenParameters+0x21
#
# Failed to write core dump. Core dumps have been disabled. To enable core dumping, try "ulimit -c unlimited" before starting Java again
#
# If you would like to submit a bug report, please visit:
#   http://bugreport.java.com/bugreport/crash.jsp
#

---------------  T H R E A D  ---------------

Current thread is native thread

siginfo: si_signo: 11 (SIGSEGV), si_code: 1 (SEGV_MAPERR), si_addr: 0x0000000000000000

Registers:
RAX=0x000000012419eac8, RBX=0x0000000000000000, RCX=0x0000000000000103, RDX=0x0000010000000100
RSP=0x00007fff554709d0, RBP=0x00007fff554709e0, RSI=0x00007fb539408990, RDI=0x0000000000000000
R8 =0x0000000000000040, R9 =0x00007fff753241e0, R10=0xffffffffffffffff, R11=0x0000000000000246
R12=0x00007fb5395b0c50, R13=0x00007fb539592620, R14=0x00007fb539592220, R15=0x0000000000000000
RIP=0x000000012416c511, EFLAGS=0x0000000000010246, ERR=0x0000000000000004
  TRAPNO=0x000000000000000e

Top of Stack: (sp=0x00007fff554709d0)
0x00007fff554709d0:   00007fff55470a28 00007fb539592220
0x00007fff554709e0:   00007fff554709f0 00007fff929f7bbc
0x00007fff554709f0:   00007fff55470a10 00007fff929f7b4f
0x00007fff55470a00:   0000000000000000 0000000000000000
0x00007fff55470a10:   00007fff55470a80 00007fff929f7ac7
0x00007fff55470a20:   00007fff92db86c0 00007fff755d50a0
0x00007fff55470a30:   0000000042000000 00007fff929f7b10
0x00007fff55470a40:   00007fff76b10720 00007fb539592620
0x00007fff55470a50:   00007fb5395b0c50 00007fff55471228
0x00007fff55470a60:   00007fff76c3d780 00007fff55471228
0x00007fff55470a70:   00007fb539592620 00007fff92db79e2
0x00007fff55470a80:   00007fff55470ac0 00007fff929f7832
0x00007fff55470a90:   00007fff554710a0 0000000000000000
0x00007fff55470aa0:   00007fff76c3d780 00007fff55471228
0x00007fff55470ab0:   00007fff8890b4c0 00007fff92db79e2
0x00007fff55470ac0:   00007fff554711d0 00007fff929b45e2
0x00007fff55470ad0:   00007fb539419d00 0000000000000002
0x00007fff55470ae0:   0000000000000000 00007fb53940a060
0x00007fff55470af0:   00007fb53a005048 00007fb53974b840
0x00007fff55470b00:   0000000000000000 00007fb539592690
0x00007fff55470b10:   0000000000000000 0000000000000000
0x00007fff55470b20:   00007fff76b4dbc0 00007fff554710a0
0x00007fff55470b30:   0000000000000001 0000000000000100
0x00007fff55470b40:   0000000000000400 00007fff55470fa0
0x00007fff55470b50:   0000000000000000 0000000000000100
0x00007fff55470b60:   4092d80000000000 00007fff76c3d780
0x00007fff55470b70:   0000000000000000 00007fff76b11500
0x00007fff55470b80:   00007fff76c3d780 0000000000000000
0x00007fff55470b90:   00007fff76b11500 00007fb5394467b0
0x00007fff55470ba0:   00007fb539419d00 00007fff853901ab
0x00007fff55470bb0:   00000000001b2501 00007fff74cf02c0
0x00007fff55470bc0:   00000000001b2500 0000000074cf02c0 

Instructions: (pc=0x000000012416c511)
0x000000012416c4f1:   48 89 e5 41 56 53 48 8d 05 c2 26 03 00 48 83 38
0x000000012416c501:   00 48 89 fb 75 72 48 8d 05 ba 25 03 00 48 8b 30
0x000000012416c511:   48 8b 03 48 8d 15 6c 9a 01 00 48 8d 0d 86 6f 01
0x000000012416c521:   00 48 89 df ff 90 88 03 00 00 48 8d 0d 8e 26 03 

Register to memory mapping:

RAX=0x000000012419eac8: jScreenClass+0 in /Library/Java/JavaVirtualMachines/jdk1.8.0_45.jdk/Contents/Home/jre/lib/libglass.dylib at 0x0000000124157000
RBX=0x0000000000000000 is an unknown value
RCX=0x0000000000000103 is an unknown value
RDX=0x0000010000000100 is an unknown value
RSP=0x00007fff554709d0 is an unknown value
RBP=0x00007fff554709e0 is an unknown value
RSI=0x00007fb539408990 is a global jni handle
RDI=0x0000000000000000 is an unknown value
R8 =0x0000000000000040 is an unknown value
R9 =0x00007fff753241e0: __sFX+0x1c0 in /usr/lib/system/libsystem_c.dylib at 0x00007fff8bc7c000
R10=0xffffffffffffffff is an unknown value
R11=0x0000000000000246 is an unknown value
R12=0x00007fb5395b0c50 is an unknown value
R13=0x00007fb539592620 is an unknown value
R14=0x00007fb539592220 is an unknown value
R15=0x0000000000000000 is an unknown value


Stack: [0x00007fff54c74000,0x00007fff55474000],  sp=0x00007fff554709d0,  free space=8178k
Native frames: (J=compiled Java code, j=interpreted, Vv=VM code, C=native code)
C  [libglass.dylib+0x15511]  GlassScreenDidChangeScreenParameters+0x21
C  [CoreFoundation+0xa0bbc]  __CFNOTIFICATIONCENTER_IS_CALLING_OUT_TO_AN_OBSERVER__+0xc
C  [CoreFoundation+0xa0b4f]  ___CFXRegistrationPost_block_invoke+0x3f
C  [CoreFoundation+0xa0ac7]  _CFXRegistrationPost+0x197
C  [CoreFoundation+0xa0832]  ___CFXNotificationPost_block_invoke+0x32
C  [CoreFoundation+0x5d5e2]  -[_CFXNotificationRegistrar find:object:observer:enumerator:]+0x782
C  [CoreFoundation+0x5c835]  _CFXNotificationPost+0x2b5
C  [Foundation+0x6fda]  -[NSNotificationCenter postNotificationName:object:userInfo:]+0x42
C  [AppKit+0x41c157]  -[NSApplication _reactToScreenInvalidationImmediately:]+0x17f
C  [AppKit+0x41bfa8]  __44-[NSApplication _reactToScreenInvalidation:]_block_invoke+0x3b
C  [CoreFoundation+0xaa4ac]  __CFRUNLOOP_IS_CALLING_OUT_TO_A_BLOCK__+0xc
C  [CoreFoundation+0x89d05]  __CFRunLoopDoBlocks+0x155
C  [CoreFoundation+0x89a6b]  __CFRunLoopRun+0x92b
C  [CoreFoundation+0x88ed8]  CFRunLoopRunSpecific+0x128
C  [java+0x6490]  CreateExecutionEnvironment+0x367
C  [java+0x221c]  JLI_Launch+0x7a0
C  [java+0x84ed]  main+0x65
C  [java+0x1a74]  start+0x34


---------------  P R O C E S S  ---------------

VM state:not at safepoint (normal execution)

VM Mutex/Monitor currently owned by a thread: None

Heap:
 PSYoungGen      total 38400K, used 14124K [0x0000000795580000, 0x0000000798000000, 0x00000007c0000000)
  eden space 33280K, 42% used [0x0000000795580000,0x000000079634b3e0,0x0000000797600000)
  from space 5120K, 0% used [0x0000000797b00000,0x0000000797b00000,0x0000000798000000)
  to   space 5120K, 0% used [0x0000000797600000,0x0000000797600000,0x0000000797b00000)
 ParOldGen       total 87552K, used 0K [0x0000000740000000, 0x0000000745580000, 0x0000000795580000)
  object space 87552K, 0% used [0x0000000740000000,0x0000000740000000,0x0000000745580000)
 Metaspace       used 8044K, capacity 8356K, committed 8576K, reserved 1056768K
  class space    used 946K, capacity 1061K, committed 1152K, reserved 1048576K

Card table byte_map: [0x000000011b5c0000,0x000000011b9c1000] byte_map_base: 0x0000000117bc0000

Marking Bits: (ParMarkBitMap*) 0x000000010b2f17a0
 Begin Bits: [0x000000011bc6c000, 0x000000011dc6c000)
 End Bits:   [0x000000011dc6c000, 0x000000011fc6c000)

Polling page: 0x000000010b9df000

CodeCache: size=245760Kb used=2397Kb max_used=2397Kb free=243362Kb
 bounds [0x000000010c200000, 0x000000010c470000, 0x000000011b200000]
 total_blobs=961 nmethods=569 adapters=306
 compilation: enabled

Compilation events (10 events):
Event: 0.966 Thread 0x00007fb53b044000  565       3       java.util.AbstractMap::<init> (5 bytes)
Event: 0.966 Thread 0x00007fb53b044000 nmethod 565 0x000000010c454910 code [0x000000010c454a80, 0x000000010c454c30]
Event: 0.971 Thread 0x00007fb53b022800  566  s    4       java.io.BufferedInputStream::read (49 bytes)
Event: 0.972 Thread 0x00007fb53b044000  567       3       java.io.DataInputStream::readInt (72 bytes)
Event: 0.973 Thread 0x00007fb53b044000 nmethod 567 0x000000010c453f90 code [0x000000010c454140, 0x000000010c4546e8]
Event: 0.973 Thread 0x00007fb53b044000  568       3       java.util.HashMap::resize (359 bytes)
Event: 0.974 Thread 0x00007fb53b022800 nmethod 566 0x000000010c457410 code [0x000000010c457560, 0x000000010c457988]
Event: 0.975 Thread 0x00007fb53b044000 nmethod 568 0x000000010c457ad0 code [0x000000010c457d20, 0x000000010c458f68]
Event: 0.975 Thread 0x00007fb53b044000  569       3       java.util.StringTokenizer::skipDelimiters (116 bytes)
Event: 0.976 Thread 0x00007fb53b044000 nmethod 569 0x000000010c452d50 code [0x000000010c452f60, 0x000000010c453af8]

GC Heap History (0 events):
No events

Deoptimization events (1 events):
Event: 0.745 Thread 0x00007fb53a187000 Uncommon trap: reason=unstable_if action=reinterpret pc=0x000000010c3c3de4 method=java.lang.String.replace(CC)Ljava/lang/String; @ 2

Internal exceptions (10 events):
Event: 0.137 Thread 0x00007fb53a802000 Exception <a 'java/security/PrivilegedActionException'> (0x00000007957e4228) thrown at [/Users/java_re/workspace/8-2-build-macosx-x86_64/jdk8u45/3457/hotspot/src/share/vm/prims/jvm.cpp, line 1382]
Event: 0.137 Thread 0x00007fb53a802000 Exception <a 'java/security/PrivilegedActionException'> (0x00000007957e43e0) thrown at [/Users/java_re/workspace/8-2-build-macosx-x86_64/jdk8u45/3457/hotspot/src/share/vm/prims/jvm.cpp, line 1382]
Event: 0.200 Thread 0x00007fb53a802000 Exception <a 'java/lang/NoSuchFieldError': method resolution failed> (0x00000007958f3798) thrown at [/Users/java_re/workspace/8-2-build-macosx-x86_64/jdk8u45/3457/hotspot/src/share/vm/prims/methodHandles.cpp, line 1125]
Event: 0.203 Thread 0x00007fb53a802000 Exception <a 'java/lang/NoSuchFieldError': method resolution failed> (0x0000000795901e68) thrown at [/Users/java_re/workspace/8-2-build-macosx-x86_64/jdk8u45/3457/hotspot/src/share/vm/prims/methodHandles.cpp, line 1125]
Event: 0.223 Thread 0x00007fb53a802000 Exception <a 'java/security/PrivilegedActionException'> (0x000000079598f6f8) thrown at [/Users/java_re/workspace/8-2-build-macosx-x86_64/jdk8u45/3457/hotspot/src/share/vm/prims/jvm.cpp, line 1382]
Event: 0.223 Thread 0x00007fb53a802000 Exception <a 'java/security/PrivilegedActionException'> (0x000000079598f8b0) thrown at [/Users/java_re/workspace/8-2-build-macosx-x86_64/jdk8u45/3457/hotspot/src/share/vm/prims/jvm.cpp, line 1382]
Event: 0.223 Thread 0x00007fb53a802000 Exception <a 'java/security/PrivilegedActionException'> (0x0000000795992aa0) thrown at [/Users/java_re/workspace/8-2-build-macosx-x86_64/jdk8u45/3457/hotspot/src/share/vm/prims/jvm.cpp, line 1382]
Event: 0.223 Thread 0x00007fb53a802000 Exception <a 'java/security/PrivilegedActionException'> (0x0000000795992c58) thrown at [/Users/java_re/workspace/8-2-build-macosx-x86_64/jdk8u45/3457/hotspot/src/share/vm/prims/jvm.cpp, line 1382]
Event: 0.224 Thread 0x00007fb53a802000 Exception <a 'java/lang/NullPointerException'> (0x00000007959961d8) thrown at [/Users/java_re/workspace/8-2-build-macosx-x86_64/jdk8u45/3457/hotspot/src/share/vm/interpreter/linkResolver.cpp, line 1178]
Event: 0.866 Thread 0x00007fb53a802000 Exception <a 'java/lang/reflect/InvocationTargetException'> (0x0000000795c8a6f0) thrown at [/Users/java_re/workspace/8-2-build-macosx-x86_64/jdk8u45/3457/hotspot/src/share/vm/runtime/reflection.cpp, line 1080]

Events (10 events):
Event: 0.974 loading class sun/util/resources/LocaleNamesBundle done
Event: 0.974 loading class sun/util/resources/CurrencyNames done
Event: 0.974 loading class sun/util/resources/ko/CurrencyNames_ko
Event: 0.974 loading class sun/util/resources/ko/CurrencyNames_ko done
Event: 0.975 loading class sun/util/resources/ko/CurrencyNames_ko_KR
Event: 0.975 loading class sun/util/resources/ko/CurrencyNames_ko_KR done
Event: 0.976 loading class java/util/regex/Matcher
Event: 0.976 loading class java/util/regex/MatchResult
Event: 0.976 loading class java/util/regex/MatchResult done
Event: 0.976 loading class java/util/regex/Matcher done


Dynamic libraries:
0x000000000430a000 	/System/Library/Frameworks/Cocoa.framework/Versions/A/Cocoa
0x000000000430a000 	/System/Library/Frameworks/Security.framework/Versions/A/Security
0x000000000430a000 	/System/Library/Frameworks/ApplicationServices.framework/Versions/A/ApplicationServices
0x000000000430a000 	/usr/lib/libz.1.dylib
0x000000000430a000 	/usr/lib/libSystem.B.dylib
0x000000000430a000 	/usr/lib/libobjc.A.dylib
0x000000000430a000 	/System/Library/Frameworks/CoreFoundation.framework/Versions/A/CoreFoundation
0x000000000430a000 	/System/Library/Frameworks/Foundation.framework/Versions/C/Foundation
0x000000000430a000 	/System/Library/Frameworks/AppKit.framework/Versions/C/AppKit
0x000000000430a000 	/System/Library/Frameworks/CoreData.framework/Versions/A/CoreData
0x000000000430a000 	/System/Library/PrivateFrameworks/RemoteViewServices.framework/Versions/A/RemoteViewServices
0x000000000430a000 	/System/Library/PrivateFrameworks/UIFoundation.framework/Versions/A/UIFoundation
0x000000000430a000 	/usr/lib/libScreenReader.dylib
0x000000000430a000 	/System/Library/Frameworks/Accelerate.framework/Versions/A/Accelerate
0x000000000430a000 	/System/Library/Frameworks/IOSurface.framework/Versions/A/IOSurface
0x000000000430a000 	/System/Library/Frameworks/AudioToolbox.framework/Versions/A/AudioToolbox
0x000000000430a000 	/System/Library/Frameworks/AudioUnit.framework/Versions/A/AudioUnit
0x000000000430a000 	/System/Library/PrivateFrameworks/DataDetectorsCore.framework/Versions/A/DataDetectorsCore
0x000000000430a000 	/System/Library/PrivateFrameworks/DesktopServicesPriv.framework/Versions/A/DesktopServicesPriv
0x000000000430a000 	/System/Library/Frameworks/Carbon.framework/Versions/A/Frameworks/HIToolbox.framework/Versions/A/HIToolbox
0x000000000430a000 	/System/Library/Frameworks/QuartzCore.framework/Versions/A/QuartzCore
0x000000000430a000 	/System/Library/Frameworks/Carbon.framework/Versions/A/Frameworks/SpeechRecognition.framework/Versions/A/SpeechRecognition
0x000000000430a000 	/usr/lib/libauto.dylib
0x000000000430a000 	/usr/lib/libicucore.A.dylib
0x000000000430a000 	/usr/lib/libxml2.2.dylib
0x000000000430a000 	/System/Library/PrivateFrameworks/CoreUI.framework/Versions/A/CoreUI
0x000000000430a000 	/System/Library/Frameworks/CoreAudio.framework/Versions/A/CoreAudio
0x000000000430a000 	/System/Library/Frameworks/DiskArbitration.framework/Versions/A/DiskArbitration
0x000000000430a000 	/usr/lib/liblangid.dylib
0x000000000430a000 	/System/Library/PrivateFrameworks/MultitouchSupport.framework/Versions/A/MultitouchSupport
0x000000000430a000 	/System/Library/Frameworks/IOKit.framework/Versions/A/IOKit
0x000000000430a000 	/usr/lib/libDiagnosticMessagesClient.dylib
0x000000000430a000 	/System/Library/Frameworks/CoreServices.framework/Versions/A/CoreServices
0x000000000430a000 	/System/Library/PrivateFrameworks/PerformanceAnalysis.framework/Versions/A/PerformanceAnalysis
0x000000000430a000 	/System/Library/PrivateFrameworks/GenerationalStorage.framework/Versions/A/GenerationalStorage
0x000000000430a000 	/System/Library/Frameworks/OpenGL.framework/Versions/A/OpenGL
0x000000000430a000 	/System/Library/PrivateFrameworks/Sharing.framework/Versions/A/Sharing
0x000000000430a000 	/System/Library/Frameworks/CoreGraphics.framework/Versions/A/CoreGraphics
0x000000000430a000 	/System/Library/Frameworks/CoreImage.framework/Versions/A/CoreImage
0x000000000430a000 	/System/Library/Frameworks/CoreText.framework/Versions/A/CoreText
0x000000000430a000 	/System/Library/Frameworks/ImageIO.framework/Versions/A/ImageIO
0x000000000430a000 	/System/Library/PrivateFrameworks/Backup.framework/Versions/A/Backup
0x000000000430a000 	/usr/lib/libextension.dylib
0x000000000430a000 	/usr/lib/libarchive.2.dylib
0x000000000430a000 	/System/Library/Frameworks/CFNetwork.framework/Versions/A/CFNetwork
0x000000000430a000 	/System/Library/Frameworks/SystemConfiguration.framework/Versions/A/SystemConfiguration
0x000000000430a000 	/usr/lib/libCRFSuite.dylib
0x000000000430a000 	/usr/lib/libc++.1.dylib
0x000000000430a000 	/usr/lib/libc++abi.dylib
0x000000000430a000 	/usr/lib/system/libcache.dylib
0x000000000430a000 	/usr/lib/system/libcommonCrypto.dylib
0x000000000430a000 	/usr/lib/system/libcompiler_rt.dylib
0x000000000430a000 	/usr/lib/system/libcopyfile.dylib
0x000000000430a000 	/usr/lib/system/libcorecrypto.dylib
0x000000000430a000 	/usr/lib/system/libdispatch.dylib
0x000000000430a000 	/usr/lib/system/libdyld.dylib
0x000000000430a000 	/usr/lib/system/libkeymgr.dylib
0x000000000430a000 	/usr/lib/system/liblaunch.dylib
0x000000000430a000 	/usr/lib/system/libmacho.dylib
0x000000000430a000 	/usr/lib/system/libquarantine.dylib
0x000000000430a000 	/usr/lib/system/libremovefile.dylib
0x000000000430a000 	/usr/lib/system/libsystem_asl.dylib
0x000000000430a000 	/usr/lib/system/libsystem_blocks.dylib
0x000000000430a000 	/usr/lib/system/libsystem_c.dylib
0x000000000430a000 	/usr/lib/system/libsystem_configuration.dylib
0x000000000430a000 	/usr/lib/system/libsystem_coreservices.dylib
0x000000000430a000 	/usr/lib/system/libsystem_coretls.dylib
0x000000000430a000 	/usr/lib/system/libsystem_dnssd.dylib
0x000000000430a000 	/usr/lib/system/libsystem_info.dylib
0x000000000430a000 	/usr/lib/system/libsystem_kernel.dylib
0x000000000430a000 	/usr/lib/system/libsystem_m.dylib
0x000000000430a000 	/usr/lib/system/libsystem_malloc.dylib
0x000000000430a000 	/usr/lib/system/libsystem_network.dylib
0x000000000430a000 	/usr/lib/system/libsystem_networkextension.dylib
0x000000000430a000 	/usr/lib/system/libsystem_notify.dylib
0x000000000430a000 	/usr/lib/system/libsystem_platform.dylib
0x000000000430a000 	/usr/lib/system/libsystem_pthread.dylib
0x000000000430a000 	/usr/lib/system/libsystem_sandbox.dylib
0x000000000430a000 	/usr/lib/system/libsystem_secinit.dylib
0x000000000430a000 	/usr/lib/system/libsystem_trace.dylib
0x000000000430a000 	/usr/lib/system/libunc.dylib
0x000000000430a000 	/usr/lib/system/libunwind.dylib
0x000000000430a000 	/usr/lib/system/libxpc.dylib
0x000000000430a000 	/usr/lib/libenergytrace.dylib
0x000000000430a000 	/usr/lib/libbsm.0.dylib
0x000000000430a000 	/usr/lib/system/libkxld.dylib
0x000000000430a000 	/usr/lib/libxar.1.dylib
0x000000000430a000 	/usr/lib/libsqlite3.dylib
0x000000000430a000 	/usr/lib/libpam.2.dylib
0x000000000430a000 	/usr/lib/libOpenScriptingUtil.dylib
0x000000000430a000 	/usr/lib/libbz2.1.0.dylib
0x000000000430a000 	/usr/lib/liblzma.5.dylib
0x000000000430a000 	/System/Library/Frameworks/CoreServices.framework/Versions/A/Frameworks/FSEvents.framework/Versions/A/FSEvents
0x000000000430a000 	/System/Library/Frameworks/CoreServices.framework/Versions/A/Frameworks/CarbonCore.framework/Versions/A/CarbonCore
0x000000000430a000 	/System/Library/Frameworks/CoreServices.framework/Versions/A/Frameworks/Metadata.framework/Versions/A/Metadata
0x000000000430a000 	/System/Library/Frameworks/CoreServices.framework/Versions/A/Frameworks/OSServices.framework/Versions/A/OSServices
0x000000000430a000 	/System/Library/Frameworks/CoreServices.framework/Versions/A/Frameworks/SearchKit.framework/Versions/A/SearchKit
0x000000000430a000 	/System/Library/Frameworks/CoreServices.framework/Versions/A/Frameworks/AE.framework/Versions/A/AE
0x000000000430a000 	/System/Library/Frameworks/CoreServices.framework/Versions/A/Frameworks/LaunchServices.framework/Versions/A/LaunchServices
0x000000000430a000 	/System/Library/Frameworks/CoreServices.framework/Versions/A/Frameworks/DictionaryServices.framework/Versions/A/DictionaryServices
0x000000000430a000 	/System/Library/Frameworks/CoreServices.framework/Versions/A/Frameworks/SharedFileList.framework/Versions/A/SharedFileList
0x000000000430a000 	/System/Library/Frameworks/NetFS.framework/Versions/A/NetFS
0x000000000430a000 	/System/Library/PrivateFrameworks/NetAuth.framework/Versions/A/NetAuth
0x000000000430a000 	/System/Library/PrivateFrameworks/login.framework/Versions/A/Frameworks/loginsupport.framework/Versions/A/loginsupport
0x000000000430a000 	/System/Library/PrivateFrameworks/TCC.framework/Versions/A/TCC
0x000000000430a000 	/usr/lib/libmecabra.dylib
0x000000000430a000 	/System/Library/Frameworks/ApplicationServices.framework/Versions/A/Frameworks/ATS.framework/Versions/A/ATS
0x000000000430a000 	/System/Library/Frameworks/ApplicationServices.framework/Versions/A/Frameworks/ColorSync.framework/Versions/A/ColorSync
0x000000000430a000 	/System/Library/Frameworks/ApplicationServices.framework/Versions/A/Frameworks/HIServices.framework/Versions/A/HIServices
0x000000000430a000 	/System/Library/Frameworks/ApplicationServices.framework/Versions/A/Frameworks/LangAnalysis.framework/Versions/A/LangAnalysis
0x000000000430a000 	/System/Library/Frameworks/ApplicationServices.framework/Versions/A/Frameworks/PrintCore.framework/Versions/A/PrintCore
0x000000000430a000 	/System/Library/Frameworks/ApplicationServices.framework/Versions/A/Frameworks/QD.framework/Versions/A/QD
0x000000000430a000 	/System/Library/Frameworks/ApplicationServices.framework/Versions/A/Frameworks/SpeechSynthesis.framework/Versions/A/SpeechSynthesis
0x000000000430a000 	/System/Library/Frameworks/Metal.framework/Versions/A/Metal
0x000000000430a000 	/System/Library/Frameworks/Accelerate.framework/Versions/A/Frameworks/vImage.framework/Versions/A/vImage
0x000000000430a000 	/System/Library/Frameworks/Accelerate.framework/Versions/A/Frameworks/vecLib.framework/Versions/A/vecLib
0x000000000430a000 	/System/Library/Frameworks/Accelerate.framework/Versions/A/Frameworks/vecLib.framework/Versions/A/libvDSP.dylib
0x000000000430a000 	/System/Library/Frameworks/Accelerate.framework/Versions/A/Frameworks/vecLib.framework/Versions/A/libvMisc.dylib
0x000000000430a000 	/System/Library/Frameworks/Accelerate.framework/Versions/A/Frameworks/vecLib.framework/Versions/A/libLAPACK.dylib
0x000000000430a000 	/System/Library/Frameworks/Accelerate.framework/Versions/A/Frameworks/vecLib.framework/Versions/A/libBLAS.dylib
0x000000000430a000 	/System/Library/Frameworks/Accelerate.framework/Versions/A/Frameworks/vecLib.framework/Versions/A/libLinearAlgebra.dylib
0x000000000430a000 	/System/Library/Frameworks/Accelerate.framework/Versions/A/Frameworks/vecLib.framework/Versions/A/libSparseBLAS.dylib
0x000000000430a000 	/System/Library/PrivateFrameworks/GPUCompiler.framework/libmetal_timestamp.dylib
0x000000000430a000 	/System/Library/Frameworks/OpenGL.framework/Versions/A/Libraries/libCoreFSCache.dylib
0x000000000430a000 	/System/Library/PrivateFrameworks/IOAccelerator.framework/Versions/A/IOAccelerator
0x000000000430a000 	/System/Library/Frameworks/ApplicationServices.framework/Versions/A/Frameworks/ATS.framework/Versions/A/Resources/libFontParser.dylib
0x000000000430a000 	/System/Library/Frameworks/ApplicationServices.framework/Versions/A/Frameworks/ATS.framework/Versions/A/Resources/libFontRegistry.dylib
0x000000000430a000 	/System/Library/PrivateFrameworks/AppleVPA.framework/Versions/A/AppleVPA
0x000000000430a000 	/System/Library/PrivateFrameworks/AppleJPEG.framework/Versions/A/AppleJPEG
0x000000000430a000 	/System/Library/Frameworks/ImageIO.framework/Versions/A/Resources/libJPEG.dylib
0x000000000430a000 	/System/Library/Frameworks/ImageIO.framework/Versions/A/Resources/libTIFF.dylib
0x000000000430a000 	/System/Library/Frameworks/ImageIO.framework/Versions/A/Resources/libPng.dylib
0x000000000430a000 	/System/Library/Frameworks/ImageIO.framework/Versions/A/Resources/libGIF.dylib
0x000000000430a000 	/System/Library/Frameworks/ImageIO.framework/Versions/A/Resources/libJP2.dylib
0x000000000430a000 	/System/Library/Frameworks/ImageIO.framework/Versions/A/Resources/libRadiance.dylib
0x000000000430a000 	/System/Library/Frameworks/CoreVideo.framework/Versions/A/CoreVideo
0x000000000430a000 	/System/Library/Frameworks/OpenGL.framework/Versions/A/Libraries/libGLU.dylib
0x000000000430a000 	/System/Library/Frameworks/OpenGL.framework/Versions/A/Libraries/libGFXShared.dylib
0x000000000430a000 	/System/Library/Frameworks/OpenGL.framework/Versions/A/Libraries/libGL.dylib
0x000000000430a000 	/System/Library/Frameworks/OpenGL.framework/Versions/A/Libraries/libGLImage.dylib
0x000000000430a000 	/System/Library/Frameworks/OpenGL.framework/Versions/A/Libraries/libCVMSPluginSupport.dylib
0x000000000430a000 	/System/Library/Frameworks/OpenGL.framework/Versions/A/Libraries/libCoreVMClient.dylib
0x000000000430a000 	/usr/lib/libcups.2.dylib
0x000000000430a000 	/System/Library/Frameworks/Kerberos.framework/Versions/A/Kerberos
0x000000000430a000 	/System/Library/Frameworks/GSS.framework/Versions/A/GSS
0x000000000430a000 	/usr/lib/libresolv.9.dylib
0x000000000430a000 	/usr/lib/libiconv.2.dylib
0x000000000430a000 	/System/Library/PrivateFrameworks/Heimdal.framework/Versions/A/Heimdal
0x000000000430a000 	/usr/lib/libheimdal-asn1.dylib
0x000000000430a000 	/System/Library/Frameworks/OpenDirectory.framework/Versions/A/OpenDirectory
0x000000000430a000 	/System/Library/PrivateFrameworks/CommonAuth.framework/Versions/A/CommonAuth
0x000000000430a000 	/System/Library/Frameworks/OpenDirectory.framework/Versions/A/Frameworks/CFOpenDirectory.framework/Versions/A/CFOpenDirectory
0x000000000430a000 	/System/Library/Frameworks/SecurityFoundation.framework/Versions/A/SecurityFoundation
0x000000000430a000 	/System/Library/PrivateFrameworks/LanguageModeling.framework/Versions/A/LanguageModeling
0x000000000430a000 	/usr/lib/libmarisa.dylib
0x000000000430a000 	/usr/lib/libChineseTokenizer.dylib
0x000000000430a000 	/usr/lib/libcmph.dylib
0x000000000430a000 	/usr/lib/libcompression.dylib
0x000000000430a000 	/System/Library/Frameworks/ServiceManagement.framework/Versions/A/ServiceManagement
0x000000000430a000 	/usr/lib/libxslt.1.dylib
0x000000000430a000 	/System/Library/Frameworks/Carbon.framework/Versions/A/Frameworks/Ink.framework/Versions/A/Ink
0x000000000430a000 	/usr/lib/libFosl_dynamic.dylib
0x000000000430a000 	/System/Library/PrivateFrameworks/FaceCore.framework/Versions/A/FaceCore
0x000000000430a000 	/System/Library/Frameworks/OpenCL.framework/Versions/A/OpenCL
0x000000000430a000 	/System/Library/PrivateFrameworks/CrashReporterSupport.framework/Versions/A/CrashReporterSupport
0x000000000430a000 	/System/Library/PrivateFrameworks/IconServices.framework/Versions/A/IconServices
0x000000000430a000 	/System/Library/PrivateFrameworks/Apple80211.framework/Versions/A/Apple80211
0x000000000430a000 	/System/Library/Frameworks/CoreWLAN.framework/Versions/A/CoreWLAN
0x000000000430a000 	/System/Library/Frameworks/IOBluetooth.framework/Versions/A/IOBluetooth
0x000000000430a000 	/System/Library/PrivateFrameworks/CoreWiFi.framework/Versions/A/CoreWiFi
0x000000000430a000 	/System/Library/Frameworks/CoreBluetooth.framework/Versions/A/CoreBluetooth
0x000000000430a000 	/System/Library/PrivateFrameworks/ChunkingLibrary.framework/Versions/A/ChunkingLibrary
0x000000000430a000 	/System/Library/PrivateFrameworks/DebugSymbols.framework/Versions/A/DebugSymbols
0x000000000430a000 	/System/Library/PrivateFrameworks/CoreSymbolication.framework/Versions/A/CoreSymbolication
0x000000000430a000 	/System/Library/PrivateFrameworks/Symbolication.framework/Versions/A/Symbolication
0x000000000430a000 	/System/Library/PrivateFrameworks/SpeechRecognitionCore.framework/Versions/A/SpeechRecognitionCore
0x000000004fed8000 	/System/Library/CoreServices/Encodings/libKoreanConverter.dylib
0x000000010aa2f000 	/Library/Java/JavaVirtualMachines/jdk1.8.0_45.jdk/Contents/Home/jre/lib/server/libjvm.dylib
0x000000000430a000 	/usr/lib/libstdc++.6.dylib
0x000000010b99c000 	/Library/Java/JavaVirtualMachines/jdk1.8.0_45.jdk/Contents/Home/jre/lib/libverify.dylib
0x000000010b9aa000 	/Library/Java/JavaVirtualMachines/jdk1.8.0_45.jdk/Contents/Home/jre/lib/libjava.dylib
0x000000010b9e9000 	/Library/Java/JavaVirtualMachines/jdk1.8.0_45.jdk/Contents/Home/jre/lib/libzip.dylib
0x0000000121b62000 	/System/Library/Frameworks/JavaVM.framework/Frameworks/JavaRuntimeSupport.framework/JavaRuntimeSupport
0x0000000121b7d000 	/System/Library/Frameworks/JavaVM.framework/Versions/A/Frameworks/JavaNativeFoundation.framework/Versions/A/JavaNativeFoundation
0x000000010b9f3000 	/System/Library/Frameworks/JavaVM.framework/Versions/A/JavaVM
0x000000000430a000 	/System/Library/Frameworks/Carbon.framework/Versions/A/Carbon
0x0000000121b92000 	/System/Library/PrivateFrameworks/JavaLaunching.framework/Versions/A/JavaLaunching
0x000000000430a000 	/System/Library/Frameworks/Carbon.framework/Versions/A/Frameworks/CommonPanels.framework/Versions/A/CommonPanels
0x000000000430a000 	/System/Library/Frameworks/Carbon.framework/Versions/A/Frameworks/Help.framework/Versions/A/Help
0x000000000430a000 	/System/Library/Frameworks/Carbon.framework/Versions/A/Frameworks/ImageCapture.framework/Versions/A/ImageCapture
0x000000000430a000 	/System/Library/Frameworks/Carbon.framework/Versions/A/Frameworks/OpenScripting.framework/Versions/A/OpenScripting
0x000000000430a000 	/System/Library/Frameworks/Carbon.framework/Versions/A/Frameworks/Print.framework/Versions/A/Print
0x000000000430a000 	/System/Library/Frameworks/Carbon.framework/Versions/A/Frameworks/SecurityHI.framework/Versions/A/SecurityHI
0x000000012359c000 	/Library/Java/JavaVirtualMachines/jdk1.8.0_45.jdk/Contents/Home/jre/lib/libprism_es2.dylib
0x000000000430a000 	/System/Library/Frameworks/OpenGL.framework/Versions/A/Resources/GLEngine.bundle/GLEngine
0x000000000430a000 	/System/Library/Frameworks/OpenGL.framework/Versions/A/Libraries/libGLProgrammability.dylib
0x000000012361e000 	/System/Library/Extensions/AppleIntelBDWGraphicsGLDriver.bundle/Contents/MacOS/AppleIntelBDWGraphicsGLDriver
0x000000000430a000 	/System/Library/PrivateFrameworks/GPUSupport.framework/Versions/A/Libraries/libGPUSupportMercury.dylib
0x000000000430a000 	/System/Library/Frameworks/OpenGL.framework/Versions/A/Resources/GLRendererFloat.bundle/GLRendererFloat
0x000000000430a000 	/System/Library/Frameworks/OpenCL.framework/Versions/A/Libraries/libcldcpuengine.dylib
0x000000000430a000 	/System/Library/PrivateFrameworks/DiskImages.framework/Versions/A/DiskImages
0x000000000430a000 	/System/Library/Frameworks/DiscRecording.framework/Versions/A/DiscRecording
0x000000000430a000 	/usr/lib/libcsfde.dylib
0x000000000430a000 	/usr/lib/libcurl.4.dylib
0x000000000430a000 	/System/Library/PrivateFrameworks/MediaKit.framework/Versions/A/MediaKit
0x000000000430a000 	/System/Library/PrivateFrameworks/ProtectedCloudStorage.framework/Versions/A/ProtectedCloudStorage
0x000000000430a000 	/usr/lib/libCoreStorage.dylib
0x000000000430a000 	/System/Library/PrivateFrameworks/EFILogin.framework/Versions/A/EFILogin
0x000000000430a000 	/usr/lib/libutil.dylib
0x000000000430a000 	/System/Library/PrivateFrameworks/FindMyDevice.framework/Versions/A/FindMyDevice
0x000000000430a000 	/System/Library/Frameworks/LDAP.framework/Versions/A/LDAP
0x000000000430a000 	/usr/lib/libsasl2.2.dylib
0x000000000430a000 	/System/Library/PrivateFrameworks/CoreDaemon.framework/Versions/B/CoreDaemon
0x000000000430a000 	/usr/lib/libcrypto.0.9.8.dylib
0x000000000430a000 	/System/Library/PrivateFrameworks/AppleSRP.framework/Versions/A/AppleSRP
0x000000000430a000 	/System/Library/PrivateFrameworks/TrustEvaluationAgent.framework/Versions/A/TrustEvaluationAgent
0x0000000124157000 	/Library/Java/JavaVirtualMachines/jdk1.8.0_45.jdk/Contents/Home/jre/lib/libglass.dylib
0x000000000430a000 	/System/Library/PrivateFrameworks/CoreServicesInternal.framework/Versions/A/CoreServicesInternal
0x000000000430a000 	/System/Library/CoreServices/RawCamera.bundle/Contents/MacOS/RawCamera
0x000000000430a000 	/System/Library/Frameworks/CoreGraphics.framework/Versions/A/Resources/libRIP.A.dylib
0x000000000430a000 	/System/Library/Frameworks/Accelerate.framework/Versions/A/Frameworks/vImage.framework/Versions/A/Libraries/libCGInterfaces.dylib
0x000000000430a000 	/System/Library/PrivateFrameworks/FamilyControls.framework/Versions/A/FamilyControls
0x000000000430a000 	/System/Library/PrivateFrameworks/CommerceKit.framework/Versions/A/Frameworks/CommerceCore.framework/Versions/A/CommerceCore
0x000000000430a000 	/System/Library/PrivateFrameworks/SystemAdministration.framework/Versions/A/SystemAdministration
0x000000000430a000 	/System/Library/PrivateFrameworks/AppContainer.framework/Versions/A/AppContainer
0x000000000430a000 	/System/Library/PrivateFrameworks/SecCodeWrapper.framework/Versions/A/SecCodeWrapper
0x000000000430a000 	/System/Library/Frameworks/DirectoryService.framework/Versions/A/DirectoryService
0x000000000430a000 	/System/Library/PrivateFrameworks/LoginUIKit.framework/Versions/A/Frameworks/LoginUICore.framework/Versions/A/LoginUICore
0x000000000430a000 	/usr/lib/libodfde.dylib
0x000000000430a000 	/System/Library/Frameworks/CoreGraphics.framework/Versions/A/Resources/libCGXType.A.dylib
0x0000000127e11000 	cl_kernels
0x000000000430a000 	/System/Library/Frameworks/OpenCL.framework/Versions/A/Libraries/ImageFormats/unorm8_bgra.dylib
0x000000000430a000 	/System/Library/Frameworks/OpenCL.framework/Versions/A/Libraries/ImageFormats/unorm8_rgba.dylib

VM Arguments:
jvm_args: -Dfile.encoding=UTF-8 -Xbootclasspath/a:/Users/newmacpro/Documents/workspace/codeScatch/libs/rsyntaxtextarea-2.5.7/rsyntaxtextarea-2.5.7.jar 
java_command: CodeScatchFX
java_class_path (initial): /Library/Java/JavaVirtualMachines/jdk1.8.0_45.jdk/Contents/Home/jre/lib/ext/jfxrt.jar:/Users/newmacpro/Documents/workspace/codeScatch/bin:/Users/newmacpro/Documents/workspace/codeScatch/libs/commons-lang3-3.4/commons-lang3-3.4.jar:/Users/newmacpro/Documents/workspace/codeScatch/libs/miglayout-5.1/miglayout-swing-5.1-20160419.220020-390.jar:/Users/newmacpro/Documents/workspace/codeScatch/libs/miglayout-5.1/miglayout-core-5.1-20160416.220029-387.jar
Launcher Type: SUN_STANDARD

Environment Variables:
PATH=/usr/bin:/bin:/usr/sbin:/sbin
SHELL=/bin/bash
DISPLAY=/private/tmp/com.apple.launchd.dtUIxfv39o/org.macosforge.xquartz:0

Signal Handlers:
SIGSEGV: [libjvm.dylib+0x58ef95], sa_mask[0]=11111111011111110111111111111111, sa_flags=SA_ONSTACK|SA_RESTART|SA_SIGINFO
SIGBUS: [libjvm.dylib+0x58ef95], sa_mask[0]=11111111011111110111111111111111, sa_flags=SA_RESTART|SA_SIGINFO
SIGFPE: [libjvm.dylib+0x46c108], sa_mask[0]=11111111011111110111111111111111, sa_flags=SA_RESTART|SA_SIGINFO
SIGPIPE: [libjvm.dylib+0x46c108], sa_mask[0]=11111111011111110111111111111111, sa_flags=SA_RESTART|SA_SIGINFO
SIGXFSZ: [libjvm.dylib+0x46c108], sa_mask[0]=11111111011111110111111111111111, sa_flags=SA_RESTART|SA_SIGINFO
SIGILL: [libjvm.dylib+0x46c108], sa_mask[0]=11111111011111110111111111111111, sa_flags=SA_RESTART|SA_SIGINFO
SIGUSR1: SIG_DFL, sa_mask[0]=00000000000000000000000000000000, sa_flags=none
SIGUSR2: [libjvm.dylib+0x46bc26], sa_mask[0]=00100000000000000000000000000000, sa_flags=SA_RESTART|SA_SIGINFO
SIGHUP: [libjvm.dylib+0x46a1f9], sa_mask[0]=11111111011111110111111111111111, sa_flags=SA_RESTART|SA_SIGINFO
SIGINT: [libjvm.dylib+0x46a1f9], sa_mask[0]=11111111011111110111111111111111, sa_flags=SA_RESTART|SA_SIGINFO
SIGTERM: [libjvm.dylib+0x46a1f9], sa_mask[0]=11111111011111110111111111111111, sa_flags=SA_RESTART|SA_SIGINFO
SIGQUIT: [libjvm.dylib+0x46a1f9], sa_mask[0]=11111111011111110111111111111111, sa_flags=SA_RESTART|SA_SIGINFO


---------------  S Y S T E M  ---------------

OS:Bsduname:Darwin 15.4.0 Darwin Kernel Version 15.4.0: Fri Feb 26 22:08:05 PST 2016; root:xnu-3248.40.184~3/RELEASE_X86_64 x86_64
rlimit: STACK 8192k, CORE 0k, NPROC 709, NOFILE 10240, AS infinity
load average:2.85 3.01 3.01

CPU:total 4 (2 cores per cpu, 2 threads per core) family 6 model 61 stepping 4, cmov, cx8, fxsr, mmx, sse, sse2, sse3, ssse3, sse4.1, sse4.2, popcnt, avx, avx2, aes, clmul, erms, 3dnowpref, lzcnt, ht, tsc, tscinvbit, bmi1, bmi2, adx

Memory: 4k page, physical 8388608k(125944k free)

/proc/meminfo:


vm_info: Java HotSpot(TM) 64-Bit Server VM (25.45-b02) for bsd-amd64 JRE (1.8.0_45-b14), built on Apr 10 2015 10:46:38 by "java_re" with gcc 4.2.1 (Based on Apple Inc. build 5658) (LLVM build 2336.11.00)

time: Thu Apr 28 11:05:54 2016
elapsed time: 1 seconds (0d 0h 0m 1s)

